[0.762s] DEBUG:colcon:Command line arguments: ['/usr/bin/colcon', 'build']
[0.762s] DEBUG:colcon:Parsed command line arguments: Namespace(log_base=None, log_level=None, verb_name='build', build_base='build', install_base='install', merge_install=False, symlink_install=False, test_result_base=None, continue_on_error=False, executor='parallel', parallel_workers=12, event_handlers=None, ignore_user_meta=False, metas=['./colcon.meta'], base_paths=['.'], packages_ignore=None, packages_ignore_regex=None, paths=None, packages_up_to=None, packages_up_to_regex=None, packages_above=None, packages_above_and_dependencies=None, packages_above_depth=None, packages_select_by_dep=None, packages_skip_by_dep=None, packages_skip_up_to=None, packages_select_build_failed=False, packages_skip_build_finished=False, packages_select_test_failures=False, packages_skip_test_passed=False, packages_select=None, packages_skip=None, packages_select_regex=None, packages_skip_regex=None, packages_start=None, packages_end=None, cmake_args=None, cmake_target=None, cmake_target_skip_unavailable=False, cmake_clean_cache=False, cmake_clean_first=False, cmake_force_configure=False, ament_cmake_args=None, catkin_cmake_args=None, catkin_skip_building_tests=False, mixin_files=None, mixin=None, verb_parser=<colcon_mixin.mixin.mixin_argument.MixinArgumentDecorator object at 0x7f3a45b435e0>, verb_extension=<colcon_core.verb.build.BuildVerb object at 0x7f3a45c7a890>, main=<bound method BuildVerb.main of <colcon_core.verb.build.BuildVerb object at 0x7f3a45c7a890>>, mixin_verb=('build',))
[0.803s] Level 1:colcon.colcon_core.package_discovery:discover_packages(colcon_meta) check parameters
[0.803s] INFO:colcon.colcon_metadata.package_discovery.colcon_meta:Using configuration from '/root/.colcon/metadata/default/Gazebo.meta'
[0.804s] INFO:colcon.colcon_metadata.package_discovery.colcon_meta:Using configuration from '/root/.colcon/metadata/default/fastrtps.meta'
[0.804s] Level 1:colcon.colcon_core.package_discovery:discover_packages(recursive) check parameters
[0.804s] Level 1:colcon.colcon_core.package_discovery:discover_packages(ignore) check parameters
[0.804s] Level 1:colcon.colcon_core.package_discovery:discover_packages(path) check parameters
[0.804s] Level 1:colcon.colcon_core.package_discovery:discover_packages(colcon_meta) discover
[0.804s] Level 1:colcon.colcon_core.package_discovery:discover_packages(recursive) discover
[0.804s] INFO:colcon.colcon_core.package_discovery:Crawling recursively for packages in '/workspaces/DockerExample/Radar_alliance V1.0/radar_yolov5_py'
[0.804s] Level 1:colcon.colcon_core.package_identification:_identify(.) by extensions ['ignore', 'ignore_ament_install']
[0.804s] Level 1:colcon.colcon_core.package_identification:_identify(.) by extension 'ignore'
[0.804s] Level 1:colcon.colcon_core.package_identification:_identify(.) by extension 'ignore_ament_install'
[0.804s] Level 1:colcon.colcon_core.package_identification:_identify(.) by extensions ['colcon_pkg']
[0.804s] Level 1:colcon.colcon_core.package_identification:_identify(.) by extension 'colcon_pkg'
[0.804s] Level 1:colcon.colcon_core.package_identification:_identify(.) by extensions ['colcon_meta']
[0.804s] Level 1:colcon.colcon_core.package_identification:_identify(.) by extension 'colcon_meta'
[0.804s] Level 1:colcon.colcon_core.package_identification:_identify(.) by extensions ['ros']
[0.805s] Level 1:colcon.colcon_core.package_identification:_identify(.) by extension 'ros'
[0.818s] DEBUG:colcon.colcon_core.package_identification:Package '.' with type 'ros.ament_python' and name 'radar_yolov5_py'
[0.818s] Level 1:colcon.colcon_core.package_discovery:discover_packages(recursive) using defaults
[0.818s] Level 1:colcon.colcon_core.package_discovery:discover_packages(ignore) discover
[0.818s] Level 1:colcon.colcon_core.package_discovery:discover_packages(ignore) using defaults
[0.818s] Level 1:colcon.colcon_core.package_discovery:discover_packages(path) discover
[0.818s] Level 1:colcon.colcon_core.package_discovery:discover_packages(path) using defaults
[0.871s] Level 5:colcon.colcon_core.verb:set package 'radar_yolov5_py' build argument 'cmake_args' from command line to 'None'
[0.871s] Level 5:colcon.colcon_core.verb:set package 'radar_yolov5_py' build argument 'cmake_target' from command line to 'None'
[0.871s] Level 5:colcon.colcon_core.verb:set package 'radar_yolov5_py' build argument 'cmake_target_skip_unavailable' from command line to 'False'
[0.871s] Level 5:colcon.colcon_core.verb:set package 'radar_yolov5_py' build argument 'cmake_clean_cache' from command line to 'False'
[0.871s] Level 5:colcon.colcon_core.verb:set package 'radar_yolov5_py' build argument 'cmake_clean_first' from command line to 'False'
[0.871s] Level 5:colcon.colcon_core.verb:set package 'radar_yolov5_py' build argument 'cmake_force_configure' from command line to 'False'
[0.871s] Level 5:colcon.colcon_core.verb:set package 'radar_yolov5_py' build argument 'ament_cmake_args' from command line to 'None'
[0.871s] Level 5:colcon.colcon_core.verb:set package 'radar_yolov5_py' build argument 'catkin_cmake_args' from command line to 'None'
[0.871s] Level 5:colcon.colcon_core.verb:set package 'radar_yolov5_py' build argument 'catkin_skip_building_tests' from command line to 'False'
[0.872s] DEBUG:colcon.colcon_core.verb:Building package 'radar_yolov5_py' with the following arguments: {'ament_cmake_args': None, 'build_base': '/workspaces/DockerExample/Radar_alliance V1.0/radar_yolov5_py/build/radar_yolov5_py', 'catkin_cmake_args': None, 'catkin_skip_building_tests': False, 'cmake_args': None, 'cmake_clean_cache': False, 'cmake_clean_first': False, 'cmake_force_configure': False, 'cmake_target': None, 'cmake_target_skip_unavailable': False, 'install_base': '/workspaces/DockerExample/Radar_alliance V1.0/radar_yolov5_py/install/radar_yolov5_py', 'merge_install': False, 'path': '/workspaces/DockerExample/Radar_alliance V1.0/radar_yolov5_py', 'symlink_install': False, 'test_result_base': None}
[0.880s] INFO:colcon.colcon_core.executor:Executing jobs using 'parallel' executor
[0.890s] DEBUG:colcon.colcon_parallel_executor.executor.parallel:run_until_complete
[0.890s] INFO:colcon.colcon_ros.task.ament_python.build:Building ROS package in '/workspaces/DockerExample/Radar_alliance V1.0/radar_yolov5_py' with build type 'ament_python'
[0.890s] Level 1:colcon.colcon_core.shell:create_environment_hook('radar_yolov5_py', 'ament_prefix_path')
[0.901s] INFO:colcon.colcon_core.plugin_system:Skipping extension 'colcon_core.shell.bat': Not used on non-Windows systems
[0.902s] INFO:colcon.colcon_core.shell:Creating environment hook '/workspaces/DockerExample/Radar_alliance V1.0/radar_yolov5_py/install/radar_yolov5_py/share/radar_yolov5_py/hook/ament_prefix_path.ps1'
[0.902s] INFO:colcon.colcon_core.shell:Creating environment descriptor '/workspaces/DockerExample/Radar_alliance V1.0/radar_yolov5_py/install/radar_yolov5_py/share/radar_yolov5_py/hook/ament_prefix_path.dsv'
[0.903s] INFO:colcon.colcon_core.shell:Creating environment hook '/workspaces/DockerExample/Radar_alliance V1.0/radar_yolov5_py/install/radar_yolov5_py/share/radar_yolov5_py/hook/ament_prefix_path.sh'
[0.913s] INFO:colcon.colcon_core.shell:Skip shell extension 'powershell' for command environment: Not usable outside of PowerShell
[0.914s] DEBUG:colcon.colcon_core.shell:Skip shell extension 'dsv' for command environment
[1.108s] INFO:colcon.colcon_core.task.python.build:Building Python package in '/workspaces/DockerExample/Radar_alliance V1.0/radar_yolov5_py'
[1.117s] INFO:colcon.colcon_core.shell:Skip shell extension 'powershell' for command environment: Not usable outside of PowerShell
[1.117s] DEBUG:colcon.colcon_core.shell:Skip shell extension 'dsv' for command environment
[1.521s] DEBUG:colcon.colcon_core.event_handler.log_command:Invoking command in '/workspaces/DockerExample/Radar_alliance V1.0/radar_yolov5_py': PYTHONPATH=/workspaces/DockerExample/Radar_alliance V1.0/radar_yolov5_py/build/radar_yolov5_py/prefix_override:/workspaces/DockerExample/Radar_alliance V1.0/radar_yolov5_py/install/radar_yolov5_py/lib/python3.10/site-packages:${PYTHONPATH} /usr/bin/python3 setup.py egg_info --egg-base build/radar_yolov5_py build --build-base /workspaces/DockerExample/Radar_alliance V1.0/radar_yolov5_py/build/radar_yolov5_py/build install --record /workspaces/DockerExample/Radar_alliance V1.0/radar_yolov5_py/build/radar_yolov5_py/install.log --single-version-externally-managed
[1.869s] DEBUG:colcon.colcon_core.event_handler.log_command:Invoked command in '/workspaces/DockerExample/Radar_alliance V1.0/radar_yolov5_py' returned '0': PYTHONPATH=/workspaces/DockerExample/Radar_alliance V1.0/radar_yolov5_py/build/radar_yolov5_py/prefix_override:/workspaces/DockerExample/Radar_alliance V1.0/radar_yolov5_py/install/radar_yolov5_py/lib/python3.10/site-packages:${PYTHONPATH} /usr/bin/python3 setup.py egg_info --egg-base build/radar_yolov5_py build --build-base /workspaces/DockerExample/Radar_alliance V1.0/radar_yolov5_py/build/radar_yolov5_py/build install --record /workspaces/DockerExample/Radar_alliance V1.0/radar_yolov5_py/build/radar_yolov5_py/install.log --single-version-externally-managed
[1.880s] Level 1:colcon.colcon_core.environment:checking '/workspaces/DockerExample/Radar_alliance V1.0/radar_yolov5_py/install/radar_yolov5_py' for CMake module files
[1.881s] Level 1:colcon.colcon_core.environment:checking '/workspaces/DockerExample/Radar_alliance V1.0/radar_yolov5_py/install/radar_yolov5_py' for CMake config files
[1.884s] Level 1:colcon.colcon_core.environment:checking '/workspaces/DockerExample/Radar_alliance V1.0/radar_yolov5_py/install/radar_yolov5_py/lib'
[1.884s] Level 1:colcon.colcon_core.environment:checking '/workspaces/DockerExample/Radar_alliance V1.0/radar_yolov5_py/install/radar_yolov5_py/bin'
[1.884s] Level 1:colcon.colcon_core.environment:checking '/workspaces/DockerExample/Radar_alliance V1.0/radar_yolov5_py/install/radar_yolov5_py/lib/pkgconfig/radar_yolov5_py.pc'
[1.884s] Level 1:colcon.colcon_core.environment:checking '/workspaces/DockerExample/Radar_alliance V1.0/radar_yolov5_py/install/radar_yolov5_py/lib/python3.10/site-packages'
[1.884s] Level 1:colcon.colcon_core.shell:create_environment_hook('radar_yolov5_py', 'pythonpath')
[1.896s] INFO:colcon.colcon_core.shell:Creating environment hook '/workspaces/DockerExample/Radar_alliance V1.0/radar_yolov5_py/install/radar_yolov5_py/share/radar_yolov5_py/hook/pythonpath.ps1'
[1.897s] INFO:colcon.colcon_core.shell:Creating environment descriptor '/workspaces/DockerExample/Radar_alliance V1.0/radar_yolov5_py/install/radar_yolov5_py/share/radar_yolov5_py/hook/pythonpath.dsv'
[1.897s] INFO:colcon.colcon_core.shell:Creating environment hook '/workspaces/DockerExample/Radar_alliance V1.0/radar_yolov5_py/install/radar_yolov5_py/share/radar_yolov5_py/hook/pythonpath.sh'
[1.898s] Level 1:colcon.colcon_core.environment:checking '/workspaces/DockerExample/Radar_alliance V1.0/radar_yolov5_py/install/radar_yolov5_py/bin'
[1.898s] Level 1:colcon.colcon_core.environment:create_environment_scripts_only(radar_yolov5_py)
[1.909s] INFO:colcon.colcon_core.shell:Creating package script '/workspaces/DockerExample/Radar_alliance V1.0/radar_yolov5_py/install/radar_yolov5_py/share/radar_yolov5_py/package.ps1'
[1.910s] INFO:colcon.colcon_core.shell:Creating package descriptor '/workspaces/DockerExample/Radar_alliance V1.0/radar_yolov5_py/install/radar_yolov5_py/share/radar_yolov5_py/package.dsv'
[1.911s] INFO:colcon.colcon_core.shell:Creating package script '/workspaces/DockerExample/Radar_alliance V1.0/radar_yolov5_py/install/radar_yolov5_py/share/radar_yolov5_py/package.sh'
[1.912s] INFO:colcon.colcon_core.shell:Creating package script '/workspaces/DockerExample/Radar_alliance V1.0/radar_yolov5_py/install/radar_yolov5_py/share/radar_yolov5_py/package.bash'
[1.913s] INFO:colcon.colcon_core.shell:Creating package script '/workspaces/DockerExample/Radar_alliance V1.0/radar_yolov5_py/install/radar_yolov5_py/share/radar_yolov5_py/package.zsh'
[1.913s] Level 1:colcon.colcon_core.environment:create_file_with_runtime_dependencies(/workspaces/DockerExample/Radar_alliance V1.0/radar_yolov5_py/install/radar_yolov5_py/share/colcon-core/packages/radar_yolov5_py)
[1.914s] DEBUG:colcon.colcon_parallel_executor.executor.parallel:closing loop
[1.914s] DEBUG:colcon.colcon_parallel_executor.executor.parallel:loop closed
[1.914s] DEBUG:colcon.colcon_parallel_executor.executor.parallel:run_until_complete finished with '0'
[1.914s] DEBUG:colcon.colcon_core.event_reactor:joining thread
[1.929s] INFO:colcon.colcon_core.plugin_system:Skipping extension 'colcon_notification.desktop_notification.notify_send': Could not find 'notify-send'
[1.929s] INFO:colcon.colcon_core.plugin_system:Skipping extension 'colcon_notification.desktop_notification.terminal_notifier': Not used on non-Darwin systems
[1.929s] INFO:colcon.colcon_core.plugin_system:Skipping extension 'colcon_notification.desktop_notification.win32': Not used on non-Windows systems
[1.929s] INFO:colcon.colcon_notification.desktop_notification:Sending desktop notification using 'notify2'
[1.931s] DEBUG:colcon.colcon_notification.desktop_notification.notify2:Failed to initialize notify2: org.freedesktop.DBus.Error.Spawn.ExecFailed: /usr/bin/dbus-launch terminated abnormally without any error message
[1.931s] DEBUG:colcon.colcon_core.event_reactor:joined thread
[1.947s] INFO:colcon.colcon_core.shell:Creating prefix script '/workspaces/DockerExample/Radar_alliance V1.0/radar_yolov5_py/install/local_setup.ps1'
[1.948s] INFO:colcon.colcon_core.shell:Creating prefix util module '/workspaces/DockerExample/Radar_alliance V1.0/radar_yolov5_py/install/_local_setup_util_ps1.py'
[1.950s] INFO:colcon.colcon_core.shell:Creating prefix chain script '/workspaces/DockerExample/Radar_alliance V1.0/radar_yolov5_py/install/setup.ps1'
[1.965s] INFO:colcon.colcon_core.shell:Creating prefix script '/workspaces/DockerExample/Radar_alliance V1.0/radar_yolov5_py/install/local_setup.sh'
[1.965s] INFO:colcon.colcon_core.shell:Creating prefix util module '/workspaces/DockerExample/Radar_alliance V1.0/radar_yolov5_py/install/_local_setup_util_sh.py'
[1.966s] INFO:colcon.colcon_core.shell:Creating prefix chain script '/workspaces/DockerExample/Radar_alliance V1.0/radar_yolov5_py/install/setup.sh'
[1.977s] INFO:colcon.colcon_core.shell:Creating prefix script '/workspaces/DockerExample/Radar_alliance V1.0/radar_yolov5_py/install/local_setup.bash'
[1.977s] INFO:colcon.colcon_core.shell:Creating prefix chain script '/workspaces/DockerExample/Radar_alliance V1.0/radar_yolov5_py/install/setup.bash'
[1.987s] INFO:colcon.colcon_core.shell:Creating prefix script '/workspaces/DockerExample/Radar_alliance V1.0/radar_yolov5_py/install/local_setup.zsh'
[1.988s] INFO:colcon.colcon_core.shell:Creating prefix chain script '/workspaces/DockerExample/Radar_alliance V1.0/radar_yolov5_py/install/setup.zsh'
