[0.036s] Invoking command in '/workspaces/DockerExample/Radar_alliance V1.0/radar_remap_cpp/build/radar_remap_cpp': CMAKE_PREFIX_PATH=/opt/ros/humble /usr/bin/cmake --build /workspaces/DockerExample/Radar_alliance V1.0/radar_remap_cpp/build/radar_remap_cpp -- -j12 -l12
[0.069s] [35m[1mConsolidate compiler generated dependencies of target points_subscriber[0m
[0.088s] [100%] Built target points_subscriber
[0.097s] Invoked command in '/workspaces/DockerExample/Radar_alliance V1.0/radar_remap_cpp/build/radar_remap_cpp' returned '0': CMAKE_PREFIX_PATH=/opt/ros/humble /usr/bin/cmake --build /workspaces/DockerExample/Radar_alliance V1.0/radar_remap_cpp/build/radar_remap_cpp -- -j12 -l12
[0.120s] Invoking command in '/workspaces/DockerExample/Radar_alliance V1.0/radar_remap_cpp/build/radar_remap_cpp': CMAKE_PREFIX_PATH=/opt/ros/humble /usr/bin/cmake --install /workspaces/DockerExample/Radar_alliance V1.0/radar_remap_cpp/build/radar_remap_cpp
[0.125s] -- Install configuration: ""
[0.125s] -- Up-to-date: /workspaces/DockerExample/Radar_alliance V1.0/radar_remap_cpp/install/radar_remap_cpp/share/radar_remap_cpp/launch
[0.125s] -- Up-to-date: /workspaces/DockerExample/Radar_alliance V1.0/radar_remap_cpp/install/radar_remap_cpp/share/radar_remap_cpp/launch/cpp.launch.py
[0.125s] -- Up-to-date: /workspaces/DockerExample/Radar_alliance V1.0/radar_remap_cpp/install/radar_remap_cpp/share/ament_index/resource_index/package_run_dependencies/radar_remap_cpp
[0.125s] -- Up-to-date: /workspaces/DockerExample/Radar_alliance V1.0/radar_remap_cpp/install/radar_remap_cpp/share/ament_index/resource_index/parent_prefix_path/radar_remap_cpp
[0.125s] -- Up-to-date: /workspaces/DockerExample/Radar_alliance V1.0/radar_remap_cpp/install/radar_remap_cpp/share/radar_remap_cpp/environment/ament_prefix_path.sh
[0.126s] -- Up-to-date: /workspaces/DockerExample/Radar_alliance V1.0/radar_remap_cpp/install/radar_remap_cpp/share/radar_remap_cpp/environment/ament_prefix_path.dsv
[0.126s] -- Up-to-date: /workspaces/DockerExample/Radar_alliance V1.0/radar_remap_cpp/install/radar_remap_cpp/share/radar_remap_cpp/environment/path.sh
[0.126s] -- Up-to-date: /workspaces/DockerExample/Radar_alliance V1.0/radar_remap_cpp/install/radar_remap_cpp/share/radar_remap_cpp/environment/path.dsv
[0.126s] -- Up-to-date: /workspaces/DockerExample/Radar_alliance V1.0/radar_remap_cpp/install/radar_remap_cpp/share/radar_remap_cpp/local_setup.bash
[0.126s] -- Up-to-date: /workspaces/DockerExample/Radar_alliance V1.0/radar_remap_cpp/install/radar_remap_cpp/share/radar_remap_cpp/local_setup.sh
[0.126s] -- Up-to-date: /workspaces/DockerExample/Radar_alliance V1.0/radar_remap_cpp/install/radar_remap_cpp/share/radar_remap_cpp/local_setup.zsh
[0.126s] -- Up-to-date: /workspaces/DockerExample/Radar_alliance V1.0/radar_remap_cpp/install/radar_remap_cpp/share/radar_remap_cpp/local_setup.dsv
[0.126s] -- Installing: /workspaces/DockerExample/Radar_alliance V1.0/radar_remap_cpp/install/radar_remap_cpp/share/radar_remap_cpp/package.dsv
[0.126s] -- Up-to-date: /workspaces/DockerExample/Radar_alliance V1.0/radar_remap_cpp/install/radar_remap_cpp/share/ament_index/resource_index/packages/radar_remap_cpp
[0.126s] -- Up-to-date: /workspaces/DockerExample/Radar_alliance V1.0/radar_remap_cpp/install/radar_remap_cpp/share/radar_remap_cpp/cmake/radar_remap_cppConfig.cmake
[0.126s] -- Up-to-date: /workspaces/DockerExample/Radar_alliance V1.0/radar_remap_cpp/install/radar_remap_cpp/share/radar_remap_cpp/cmake/radar_remap_cppConfig-version.cmake
[0.126s] -- Up-to-date: /workspaces/DockerExample/Radar_alliance V1.0/radar_remap_cpp/install/radar_remap_cpp/share/radar_remap_cpp/package.xml
[0.126s] -- Up-to-date: /workspaces/DockerExample/Radar_alliance V1.0/radar_remap_cpp/install/radar_remap_cpp/lib/radar_remap_cpp/points_subscriber
[0.127s] Invoked command in '/workspaces/DockerExample/Radar_alliance V1.0/radar_remap_cpp/build/radar_remap_cpp' returned '0': CMAKE_PREFIX_PATH=/opt/ros/humble /usr/bin/cmake --install /workspaces/DockerExample/Radar_alliance V1.0/radar_remap_cpp/build/radar_remap_cpp
