[0.728s] Invoking command in '/home/lisii/Documents/Github-repos/TransferStation/1_Projects/Current/Radar_alliance/radar_yolov5_py': PYTHONPATH=/home/lisii/Documents/Github-repos/TransferStation/1_Projects/Current/Radar_alliance/radar_yolov5_py/build/radar_yolov5_py/prefix_override:/home/lisii/Documents/Github-repos/TransferStation/1_Projects/Current/Radar_alliance/radar_yolov5_py/install/radar_yolov5_py/lib/python3.10/site-packages:${PYTHONPATH} _=/usr/bin/env /usr/bin/python3 setup.py egg_info --egg-base build/radar_yolov5_py build --build-base /home/lisii/Documents/Github-repos/TransferStation/1_Projects/Current/Radar_alliance/radar_yolov5_py/build/radar_yolov5_py/build install --record /home/lisii/Documents/Github-repos/TransferStation/1_Projects/Current/Radar_alliance/radar_yolov5_py/build/radar_yolov5_py/install.log --single-version-externally-managed
[0.918s] running egg_info
[0.932s] writing build/radar_yolov5_py/radar_yolov5_py.egg-info/PKG-INFO
[0.933s] writing dependency_links to build/radar_yolov5_py/radar_yolov5_py.egg-info/dependency_links.txt
[0.933s] writing entry points to build/radar_yolov5_py/radar_yolov5_py.egg-info/entry_points.txt
[0.933s] writing requirements to build/radar_yolov5_py/radar_yolov5_py.egg-info/requires.txt
[0.933s] writing top-level names to build/radar_yolov5_py/radar_yolov5_py.egg-info/top_level.txt
[0.963s] reading manifest file 'build/radar_yolov5_py/radar_yolov5_py.egg-info/SOURCES.txt'
[0.965s] writing manifest file 'build/radar_yolov5_py/radar_yolov5_py.egg-info/SOURCES.txt'
[0.965s] running build
[0.965s] running build_py
[0.965s] copying radar_yolov5_py/points_publisher.py -> /home/lisii/Documents/Github-repos/TransferStation/1_Projects/Current/Radar_alliance/radar_yolov5_py/build/radar_yolov5_py/build/lib/radar_yolov5_py
[0.965s] copying radar_yolov5_py/__init__.py -> /home/lisii/Documents/Github-repos/TransferStation/1_Projects/Current/Radar_alliance/radar_yolov5_py/build/radar_yolov5_py/build/lib/radar_yolov5_py
[0.965s] copying radar_yolov5_py/export.py -> /home/lisii/Documents/Github-repos/TransferStation/1_Projects/Current/Radar_alliance/radar_yolov5_py/build/radar_yolov5_py/build/lib/radar_yolov5_py
[0.968s] running install
[0.968s] /home/lisii/.local/lib/python3.10/site-packages/setuptools/_distutils/cmd.py:66: SetuptoolsDeprecationWarning: setup.py install is deprecated.
[0.968s] !!
[0.968s] 
[0.968s]         ********************************************************************************
[0.969s]         Please avoid running ``setup.py`` directly.
[0.969s]         Instead, use pypa/build, pypa/installer or other
[0.969s]         standards-based tools.
[0.969s] 
[0.969s]         See https://blog.ganssle.io/articles/2021/10/setup-py-deprecated.html for details.
[0.969s]         ********************************************************************************
[0.969s] 
[0.969s] !!
[0.969s]   self.initialize_options()
[0.973s] running install_lib
[0.987s] copying /home/lisii/Documents/Github-repos/TransferStation/1_Projects/Current/Radar_alliance/radar_yolov5_py/build/radar_yolov5_py/build/lib/radar_yolov5_py/points_publisher.py -> /home/lisii/Documents/Github-repos/TransferStation/1_Projects/Current/Radar_alliance/radar_yolov5_py/install/radar_yolov5_py/lib/python3.10/site-packages/radar_yolov5_py
[0.990s] byte-compiling /home/lisii/Documents/Github-repos/TransferStation/1_Projects/Current/Radar_alliance/radar_yolov5_py/install/radar_yolov5_py/lib/python3.10/site-packages/radar_yolov5_py/points_publisher.py to points_publisher.cpython-310.pyc
[0.993s] running install_data
[1.007s] copying resource/radar_yolov5_py -> /home/lisii/Documents/Github-repos/TransferStation/1_Projects/Current/Radar_alliance/radar_yolov5_py/install/radar_yolov5_py/share/ament_index/resource_index/packages
[1.007s] copying package.xml -> /home/lisii/Documents/Github-repos/TransferStation/1_Projects/Current/Radar_alliance/radar_yolov5_py/install/radar_yolov5_py/share/radar_yolov5_py
[1.007s] running install_egg_info
[1.023s] removing '/home/lisii/Documents/Github-repos/TransferStation/1_Projects/Current/Radar_alliance/radar_yolov5_py/install/radar_yolov5_py/lib/python3.10/site-packages/radar_yolov5_py-0.0.0-py3.10.egg-info' (and everything under it)
[1.023s] Copying build/radar_yolov5_py/radar_yolov5_py.egg-info to /home/lisii/Documents/Github-repos/TransferStation/1_Projects/Current/Radar_alliance/radar_yolov5_py/install/radar_yolov5_py/lib/python3.10/site-packages/radar_yolov5_py-0.0.0-py3.10.egg-info
[1.024s] running install_scripts
[1.150s] Installing points_publisher script to /home/lisii/Documents/Github-repos/TransferStation/1_Projects/Current/Radar_alliance/radar_yolov5_py/install/radar_yolov5_py/lib/radar_yolov5_py
[1.151s] writing list of installed files to '/home/lisii/Documents/Github-repos/TransferStation/1_Projects/Current/Radar_alliance/radar_yolov5_py/build/radar_yolov5_py/install.log'
[1.171s] Invoked command in '/home/lisii/Documents/Github-repos/TransferStation/1_Projects/Current/Radar_alliance/radar_yolov5_py' returned '0': PYTHONPATH=/home/lisii/Documents/Github-repos/TransferStation/1_Projects/Current/Radar_alliance/radar_yolov5_py/build/radar_yolov5_py/prefix_override:/home/lisii/Documents/Github-repos/TransferStation/1_Projects/Current/Radar_alliance/radar_yolov5_py/install/radar_yolov5_py/lib/python3.10/site-packages:${PYTHONPATH} _=/usr/bin/env /usr/bin/python3 setup.py egg_info --egg-base build/radar_yolov5_py build --build-base /home/lisii/Documents/Github-repos/TransferStation/1_Projects/Current/Radar_alliance/radar_yolov5_py/build/radar_yolov5_py/build install --record /home/lisii/Documents/Github-repos/TransferStation/1_Projects/Current/Radar_alliance/radar_yolov5_py/build/radar_yolov5_py/install.log --single-version-externally-managed
