[0.036s] Invoking command in '/workspaces/DockerExample/Radar_alliance V1.0/radar_remap_cpp/build/radar_remap_cpp': CMAKE_PREFIX_PATH=/opt/ros/humble /usr/bin/cmake /workspaces/DockerExample/Radar_alliance V1.0/radar_remap_cpp -DCMAKE_INSTALL_PREFIX=/workspaces/DockerExample/Radar_alliance V1.0/radar_remap_cpp/install/radar_remap_cpp
[0.050s] -- Found ament_cmake: 1.3.6 (/opt/ros/humble/share/ament_cmake/cmake)
[0.322s] -- Found Python3: /usr/bin/python3.10 (found version "3.10.12") found components: Interpreter 
[0.395s] -- Found rclcpp: 16.0.7 (/opt/ros/humble/share/rclcpp/cmake)
[0.439s] -- Found rosidl_generator_c: 3.1.5 (/opt/ros/humble/share/rosidl_generator_c/cmake)
[0.443s] -- Found rosidl_adapter: 3.1.5 (/opt/ros/humble/share/rosidl_adapter/cmake)
[0.451s] -- Found rosidl_generator_cpp: 3.1.5 (/opt/ros/humble/share/rosidl_generator_cpp/cmake)
[0.466s] -- Using all available rosidl_typesupport_c: rosidl_typesupport_fastrtps_c;rosidl_typesupport_introspection_c
[0.485s] -- Using all available rosidl_typesupport_cpp: rosidl_typesupport_fastrtps_cpp;rosidl_typesupport_introspection_cpp
[0.551s] -- Found rmw_implementation_cmake: 6.1.1 (/opt/ros/humble/share/rmw_implementation_cmake/cmake)
[0.553s] -- Found rmw_fastrtps_cpp: 6.2.5 (/opt/ros/humble/share/rmw_fastrtps_cpp/cmake)
[0.629s] -- Found OpenSSL: /usr/lib/x86_64-linux-gnu/libcrypto.so (found version "3.0.2")  
[0.643s] -- Found FastRTPS: /opt/ros/humble/include  
[0.668s] -- Using RMW implementation 'rmw_fastrtps_cpp' as default
[0.677s] -- Looking for pthread.h
[0.732s] -- Looking for pthread.h - found
[0.732s] -- Performing Test CMAKE_HAVE_LIBC_PTHREAD
[0.785s] -- Performing Test CMAKE_HAVE_LIBC_PTHREAD - Success
[0.786s] -- Found Threads: TRUE  
[0.941s] [31mCMake Error at CMakeLists.txt:12 (find_package):
[0.941s]   By not providing "FindOpenCV.cmake" in CMAKE_MODULE_PATH this project has
[0.941s]   asked CMake to find a package configuration file provided by "OpenCV", but
[0.941s]   CMake did not find one.
[0.941s] 
[0.941s]   Could not find a package configuration file provided by "OpenCV" with any
[0.941s]   of the following names:
[0.941s] 
[0.941s]     OpenCVConfig.cmake
[0.941s]     opencv-config.cmake
[0.941s] 
[0.941s]   Add the installation prefix of "OpenCV" to CMAKE_PREFIX_PATH or set
[0.941s]   "OpenCV_DIR" to a directory containing one of the above files.  If "OpenCV"
[0.941s]   provides a separate development package or SDK, be sure it has been
[0.941s]   installed.
[0.941s] 
[0.942s] [0m
[0.942s] -- Configuring incomplete, errors occurred!
[0.942s] See also "/workspaces/DockerExample/Radar_alliance V1.0/radar_remap_cpp/build/radar_remap_cpp/CMakeFiles/CMakeOutput.log".
[0.945s] Invoked command in '/workspaces/DockerExample/Radar_alliance V1.0/radar_remap_cpp/build/radar_remap_cpp' returned '1': CMAKE_PREFIX_PATH=/opt/ros/humble /usr/bin/cmake /workspaces/DockerExample/Radar_alliance V1.0/radar_remap_cpp -DCMAKE_INSTALL_PREFIX=/workspaces/DockerExample/Radar_alliance V1.0/radar_remap_cpp/install/radar_remap_cpp
