[0.923s] DEBUG:colcon:Command line arguments: ['/usr/bin/colcon', 'build']
[0.923s] DEBUG:colcon:Parsed command line arguments: Namespace(log_base=None, log_level=None, verb_name='build', build_base='build', install_base='install', merge_install=False, symlink_install=False, test_result_base=None, continue_on_error=False, executor='parallel', parallel_workers=12, event_handlers=None, ignore_user_meta=False, metas=['./colcon.meta'], base_paths=['.'], packages_ignore=None, packages_ignore_regex=None, paths=None, packages_up_to=None, packages_up_to_regex=None, packages_above=None, packages_above_and_dependencies=None, packages_above_depth=None, packages_select_by_dep=None, packages_skip_by_dep=None, packages_skip_up_to=None, packages_select_build_failed=False, packages_skip_build_finished=False, packages_select_test_failures=False, packages_skip_test_passed=False, packages_select=None, packages_skip=None, packages_select_regex=None, packages_skip_regex=None, packages_start=None, packages_end=None, allow_overriding=[], cmake_args=None, cmake_target=None, cmake_target_skip_unavailable=False, cmake_clean_cache=False, cmake_clean_first=False, cmake_force_configure=False, ament_cmake_args=None, catkin_cmake_args=None, catkin_skip_building_tests=False, verb_parser=<colcon_defaults.argument_parser.defaults.DefaultArgumentsDecorator object at 0x7f42d0e00ca0>, verb_extension=<colcon_core.verb.build.BuildVerb object at 0x7f42d0e006a0>, main=<bound method BuildVerb.main of <colcon_core.verb.build.BuildVerb object at 0x7f42d0e006a0>>)
[0.975s] Level 1:colcon.colcon_core.package_discovery:discover_packages(colcon_meta) check parameters
[0.975s] Level 1:colcon.colcon_core.package_discovery:discover_packages(recursive) check parameters
[0.975s] Level 1:colcon.colcon_core.package_discovery:discover_packages(ignore) check parameters
[0.975s] Level 1:colcon.colcon_core.package_discovery:discover_packages(path) check parameters
[0.975s] Level 1:colcon.colcon_core.package_discovery:discover_packages(colcon_meta) discover
[0.975s] Level 1:colcon.colcon_core.package_discovery:discover_packages(recursive) discover
[0.975s] INFO:colcon.colcon_core.package_discovery:Crawling recursively for packages in '/home/lisii/Documents/Github-repos/TransferStation/1_Projects/Current/Radar_alliance/radar_yolov5_py/radar_yolov5_py'
[0.975s] Level 1:colcon.colcon_core.package_identification:_identify(.) by extensions ['ignore', 'ignore_ament_install']
[0.975s] Level 1:colcon.colcon_core.package_identification:_identify(.) by extension 'ignore'
[0.975s] Level 1:colcon.colcon_core.package_identification:_identify(.) by extension 'ignore_ament_install'
[0.975s] Level 1:colcon.colcon_core.package_identification:_identify(.) by extensions ['colcon_pkg']
[0.975s] Level 1:colcon.colcon_core.package_identification:_identify(.) by extension 'colcon_pkg'
[0.975s] Level 1:colcon.colcon_core.package_identification:_identify(.) by extensions ['colcon_meta']
[0.975s] Level 1:colcon.colcon_core.package_identification:_identify(.) by extension 'colcon_meta'
[0.975s] Level 1:colcon.colcon_core.package_identification:_identify(.) by extensions ['ros']
[0.975s] Level 1:colcon.colcon_core.package_identification:_identify(.) by extension 'ros'
[0.987s] Level 1:colcon.colcon_core.package_identification:_identify(.) by extensions ['cmake', 'python']
[0.987s] Level 1:colcon.colcon_core.package_identification:_identify(.) by extension 'cmake'
[0.987s] Level 1:colcon.colcon_core.package_identification:_identify(.) by extension 'python'
[0.987s] Level 1:colcon.colcon_core.package_identification:_identify(.) by extensions ['python_setup_py']
[0.987s] Level 1:colcon.colcon_core.package_identification:_identify(.) by extension 'python_setup_py'
[0.988s] Level 1:colcon.colcon_core.package_identification:_identify(__pycache__) by extensions ['ignore', 'ignore_ament_install']
[0.988s] Level 1:colcon.colcon_core.package_identification:_identify(__pycache__) by extension 'ignore'
[0.988s] Level 1:colcon.colcon_core.package_identification:_identify(__pycache__) by extension 'ignore_ament_install'
[0.988s] Level 1:colcon.colcon_core.package_identification:_identify(__pycache__) by extensions ['colcon_pkg']
[0.988s] Level 1:colcon.colcon_core.package_identification:_identify(__pycache__) by extension 'colcon_pkg'
[0.988s] Level 1:colcon.colcon_core.package_identification:_identify(__pycache__) by extensions ['colcon_meta']
[0.988s] Level 1:colcon.colcon_core.package_identification:_identify(__pycache__) by extension 'colcon_meta'
[0.988s] Level 1:colcon.colcon_core.package_identification:_identify(__pycache__) by extensions ['ros']
[0.988s] Level 1:colcon.colcon_core.package_identification:_identify(__pycache__) by extension 'ros'
[0.988s] Level 1:colcon.colcon_core.package_identification:_identify(__pycache__) by extensions ['cmake', 'python']
[0.988s] Level 1:colcon.colcon_core.package_identification:_identify(__pycache__) by extension 'cmake'
[0.988s] Level 1:colcon.colcon_core.package_identification:_identify(__pycache__) by extension 'python'
[0.988s] Level 1:colcon.colcon_core.package_identification:_identify(__pycache__) by extensions ['python_setup_py']
[0.988s] Level 1:colcon.colcon_core.package_identification:_identify(__pycache__) by extension 'python_setup_py'
[0.988s] Level 1:colcon.colcon_core.package_identification:_identify(build) by extensions ['ignore', 'ignore_ament_install']
[0.988s] Level 1:colcon.colcon_core.package_identification:_identify(build) by extension 'ignore'
[0.988s] Level 1:colcon.colcon_core.package_identification:_identify(build) ignored
[0.988s] Level 1:colcon.colcon_core.package_identification:_identify(classify) by extensions ['ignore', 'ignore_ament_install']
[0.988s] Level 1:colcon.colcon_core.package_identification:_identify(classify) by extension 'ignore'
[0.988s] Level 1:colcon.colcon_core.package_identification:_identify(classify) by extension 'ignore_ament_install'
[0.988s] Level 1:colcon.colcon_core.package_identification:_identify(classify) by extensions ['colcon_pkg']
[0.989s] Level 1:colcon.colcon_core.package_identification:_identify(classify) by extension 'colcon_pkg'
[0.989s] Level 1:colcon.colcon_core.package_identification:_identify(classify) by extensions ['colcon_meta']
[0.989s] Level 1:colcon.colcon_core.package_identification:_identify(classify) by extension 'colcon_meta'
[0.989s] Level 1:colcon.colcon_core.package_identification:_identify(classify) by extensions ['ros']
[0.989s] Level 1:colcon.colcon_core.package_identification:_identify(classify) by extension 'ros'
[0.989s] Level 1:colcon.colcon_core.package_identification:_identify(classify) by extensions ['cmake', 'python']
[0.989s] Level 1:colcon.colcon_core.package_identification:_identify(classify) by extension 'cmake'
[0.989s] Level 1:colcon.colcon_core.package_identification:_identify(classify) by extension 'python'
[0.989s] Level 1:colcon.colcon_core.package_identification:_identify(classify) by extensions ['python_setup_py']
[0.989s] Level 1:colcon.colcon_core.package_identification:_identify(classify) by extension 'python_setup_py'
[0.989s] Level 1:colcon.colcon_core.package_identification:_identify(data) by extensions ['ignore', 'ignore_ament_install']
[0.989s] Level 1:colcon.colcon_core.package_identification:_identify(data) by extension 'ignore'
[0.989s] Level 1:colcon.colcon_core.package_identification:_identify(data) by extension 'ignore_ament_install'
[0.989s] Level 1:colcon.colcon_core.package_identification:_identify(data) by extensions ['colcon_pkg']
[0.989s] Level 1:colcon.colcon_core.package_identification:_identify(data) by extension 'colcon_pkg'
[0.989s] Level 1:colcon.colcon_core.package_identification:_identify(data) by extensions ['colcon_meta']
[0.989s] Level 1:colcon.colcon_core.package_identification:_identify(data) by extension 'colcon_meta'
[0.989s] Level 1:colcon.colcon_core.package_identification:_identify(data) by extensions ['ros']
[0.989s] Level 1:colcon.colcon_core.package_identification:_identify(data) by extension 'ros'
[0.989s] Level 1:colcon.colcon_core.package_identification:_identify(data) by extensions ['cmake', 'python']
[0.989s] Level 1:colcon.colcon_core.package_identification:_identify(data) by extension 'cmake'
[0.989s] Level 1:colcon.colcon_core.package_identification:_identify(data) by extension 'python'
[0.989s] Level 1:colcon.colcon_core.package_identification:_identify(data) by extensions ['python_setup_py']
[0.989s] Level 1:colcon.colcon_core.package_identification:_identify(data) by extension 'python_setup_py'
[0.990s] Level 1:colcon.colcon_core.package_identification:_identify(data/hyps) by extensions ['ignore', 'ignore_ament_install']
[0.990s] Level 1:colcon.colcon_core.package_identification:_identify(data/hyps) by extension 'ignore'
[0.990s] Level 1:colcon.colcon_core.package_identification:_identify(data/hyps) by extension 'ignore_ament_install'
[0.990s] Level 1:colcon.colcon_core.package_identification:_identify(data/hyps) by extensions ['colcon_pkg']
[0.990s] Level 1:colcon.colcon_core.package_identification:_identify(data/hyps) by extension 'colcon_pkg'
[0.990s] Level 1:colcon.colcon_core.package_identification:_identify(data/hyps) by extensions ['colcon_meta']
[0.990s] Level 1:colcon.colcon_core.package_identification:_identify(data/hyps) by extension 'colcon_meta'
[0.990s] Level 1:colcon.colcon_core.package_identification:_identify(data/hyps) by extensions ['ros']
[0.990s] Level 1:colcon.colcon_core.package_identification:_identify(data/hyps) by extension 'ros'
[0.990s] Level 1:colcon.colcon_core.package_identification:_identify(data/hyps) by extensions ['cmake', 'python']
[0.990s] Level 1:colcon.colcon_core.package_identification:_identify(data/hyps) by extension 'cmake'
[0.990s] Level 1:colcon.colcon_core.package_identification:_identify(data/hyps) by extension 'python'
[0.990s] Level 1:colcon.colcon_core.package_identification:_identify(data/hyps) by extensions ['python_setup_py']
[0.990s] Level 1:colcon.colcon_core.package_identification:_identify(data/hyps) by extension 'python_setup_py'
[0.990s] Level 1:colcon.colcon_core.package_identification:_identify(data/images) by extensions ['ignore', 'ignore_ament_install']
[0.990s] Level 1:colcon.colcon_core.package_identification:_identify(data/images) by extension 'ignore'
[0.990s] Level 1:colcon.colcon_core.package_identification:_identify(data/images) by extension 'ignore_ament_install'
[0.990s] Level 1:colcon.colcon_core.package_identification:_identify(data/images) by extensions ['colcon_pkg']
[0.990s] Level 1:colcon.colcon_core.package_identification:_identify(data/images) by extension 'colcon_pkg'
[0.990s] Level 1:colcon.colcon_core.package_identification:_identify(data/images) by extensions ['colcon_meta']
[0.990s] Level 1:colcon.colcon_core.package_identification:_identify(data/images) by extension 'colcon_meta'
[0.990s] Level 1:colcon.colcon_core.package_identification:_identify(data/images) by extensions ['ros']
[0.990s] Level 1:colcon.colcon_core.package_identification:_identify(data/images) by extension 'ros'
[0.991s] Level 1:colcon.colcon_core.package_identification:_identify(data/images) by extensions ['cmake', 'python']
[0.991s] Level 1:colcon.colcon_core.package_identification:_identify(data/images) by extension 'cmake'
[0.991s] Level 1:colcon.colcon_core.package_identification:_identify(data/images) by extension 'python'
[0.991s] Level 1:colcon.colcon_core.package_identification:_identify(data/images) by extensions ['python_setup_py']
[0.991s] Level 1:colcon.colcon_core.package_identification:_identify(data/images) by extension 'python_setup_py'
[0.991s] Level 1:colcon.colcon_core.package_identification:_identify(data/scripts) by extensions ['ignore', 'ignore_ament_install']
[0.991s] Level 1:colcon.colcon_core.package_identification:_identify(data/scripts) by extension 'ignore'
[0.991s] Level 1:colcon.colcon_core.package_identification:_identify(data/scripts) by extension 'ignore_ament_install'
[0.991s] Level 1:colcon.colcon_core.package_identification:_identify(data/scripts) by extensions ['colcon_pkg']
[0.991s] Level 1:colcon.colcon_core.package_identification:_identify(data/scripts) by extension 'colcon_pkg'
[0.991s] Level 1:colcon.colcon_core.package_identification:_identify(data/scripts) by extensions ['colcon_meta']
[0.991s] Level 1:colcon.colcon_core.package_identification:_identify(data/scripts) by extension 'colcon_meta'
[0.991s] Level 1:colcon.colcon_core.package_identification:_identify(data/scripts) by extensions ['ros']
[0.991s] Level 1:colcon.colcon_core.package_identification:_identify(data/scripts) by extension 'ros'
[0.991s] Level 1:colcon.colcon_core.package_identification:_identify(data/scripts) by extensions ['cmake', 'python']
[0.991s] Level 1:colcon.colcon_core.package_identification:_identify(data/scripts) by extension 'cmake'
[0.991s] Level 1:colcon.colcon_core.package_identification:_identify(data/scripts) by extension 'python'
[0.991s] Level 1:colcon.colcon_core.package_identification:_identify(data/scripts) by extensions ['python_setup_py']
[0.991s] Level 1:colcon.colcon_core.package_identification:_identify(data/scripts) by extension 'python_setup_py'
[0.991s] Level 1:colcon.colcon_core.package_identification:_identify(install) by extensions ['ignore', 'ignore_ament_install']
[0.991s] Level 1:colcon.colcon_core.package_identification:_identify(install) by extension 'ignore'
[0.991s] Level 1:colcon.colcon_core.package_identification:_identify(install) ignored
[0.991s] Level 1:colcon.colcon_core.package_identification:_identify(log) by extensions ['ignore', 'ignore_ament_install']
[0.992s] Level 1:colcon.colcon_core.package_identification:_identify(log) by extension 'ignore'
[0.992s] Level 1:colcon.colcon_core.package_identification:_identify(log) ignored
[0.992s] Level 1:colcon.colcon_core.package_identification:_identify(models) by extensions ['ignore', 'ignore_ament_install']
[0.992s] Level 1:colcon.colcon_core.package_identification:_identify(models) by extension 'ignore'
[0.992s] Level 1:colcon.colcon_core.package_identification:_identify(models) by extension 'ignore_ament_install'
[0.992s] Level 1:colcon.colcon_core.package_identification:_identify(models) by extensions ['colcon_pkg']
[0.992s] Level 1:colcon.colcon_core.package_identification:_identify(models) by extension 'colcon_pkg'
[0.992s] Level 1:colcon.colcon_core.package_identification:_identify(models) by extensions ['colcon_meta']
[0.992s] Level 1:colcon.colcon_core.package_identification:_identify(models) by extension 'colcon_meta'
[0.992s] Level 1:colcon.colcon_core.package_identification:_identify(models) by extensions ['ros']
[0.992s] Level 1:colcon.colcon_core.package_identification:_identify(models) by extension 'ros'
[0.992s] Level 1:colcon.colcon_core.package_identification:_identify(models) by extensions ['cmake', 'python']
[0.992s] Level 1:colcon.colcon_core.package_identification:_identify(models) by extension 'cmake'
[0.992s] Level 1:colcon.colcon_core.package_identification:_identify(models) by extension 'python'
[0.992s] Level 1:colcon.colcon_core.package_identification:_identify(models) by extensions ['python_setup_py']
[0.992s] Level 1:colcon.colcon_core.package_identification:_identify(models) by extension 'python_setup_py'
[0.992s] Level 1:colcon.colcon_core.package_identification:_identify(models/__pycache__) by extensions ['ignore', 'ignore_ament_install']
[0.992s] Level 1:colcon.colcon_core.package_identification:_identify(models/__pycache__) by extension 'ignore'
[0.992s] Level 1:colcon.colcon_core.package_identification:_identify(models/__pycache__) by extension 'ignore_ament_install'
[0.992s] Level 1:colcon.colcon_core.package_identification:_identify(models/__pycache__) by extensions ['colcon_pkg']
[0.992s] Level 1:colcon.colcon_core.package_identification:_identify(models/__pycache__) by extension 'colcon_pkg'
[0.992s] Level 1:colcon.colcon_core.package_identification:_identify(models/__pycache__) by extensions ['colcon_meta']
[0.992s] Level 1:colcon.colcon_core.package_identification:_identify(models/__pycache__) by extension 'colcon_meta'
[0.993s] Level 1:colcon.colcon_core.package_identification:_identify(models/__pycache__) by extensions ['ros']
[0.993s] Level 1:colcon.colcon_core.package_identification:_identify(models/__pycache__) by extension 'ros'
[0.993s] Level 1:colcon.colcon_core.package_identification:_identify(models/__pycache__) by extensions ['cmake', 'python']
[0.993s] Level 1:colcon.colcon_core.package_identification:_identify(models/__pycache__) by extension 'cmake'
[0.993s] Level 1:colcon.colcon_core.package_identification:_identify(models/__pycache__) by extension 'python'
[0.993s] Level 1:colcon.colcon_core.package_identification:_identify(models/__pycache__) by extensions ['python_setup_py']
[0.993s] Level 1:colcon.colcon_core.package_identification:_identify(models/__pycache__) by extension 'python_setup_py'
[0.993s] Level 1:colcon.colcon_core.package_identification:_identify(models/hub) by extensions ['ignore', 'ignore_ament_install']
[0.993s] Level 1:colcon.colcon_core.package_identification:_identify(models/hub) by extension 'ignore'
[0.993s] Level 1:colcon.colcon_core.package_identification:_identify(models/hub) by extension 'ignore_ament_install'
[0.993s] Level 1:colcon.colcon_core.package_identification:_identify(models/hub) by extensions ['colcon_pkg']
[0.993s] Level 1:colcon.colcon_core.package_identification:_identify(models/hub) by extension 'colcon_pkg'
[0.993s] Level 1:colcon.colcon_core.package_identification:_identify(models/hub) by extensions ['colcon_meta']
[0.993s] Level 1:colcon.colcon_core.package_identification:_identify(models/hub) by extension 'colcon_meta'
[0.993s] Level 1:colcon.colcon_core.package_identification:_identify(models/hub) by extensions ['ros']
[0.993s] Level 1:colcon.colcon_core.package_identification:_identify(models/hub) by extension 'ros'
[0.993s] Level 1:colcon.colcon_core.package_identification:_identify(models/hub) by extensions ['cmake', 'python']
[0.993s] Level 1:colcon.colcon_core.package_identification:_identify(models/hub) by extension 'cmake'
[0.993s] Level 1:colcon.colcon_core.package_identification:_identify(models/hub) by extension 'python'
[0.993s] Level 1:colcon.colcon_core.package_identification:_identify(models/hub) by extensions ['python_setup_py']
[0.993s] Level 1:colcon.colcon_core.package_identification:_identify(models/hub) by extension 'python_setup_py'
[0.993s] Level 1:colcon.colcon_core.package_identification:_identify(models/segment) by extensions ['ignore', 'ignore_ament_install']
[0.993s] Level 1:colcon.colcon_core.package_identification:_identify(models/segment) by extension 'ignore'
[0.994s] Level 1:colcon.colcon_core.package_identification:_identify(models/segment) by extension 'ignore_ament_install'
[0.994s] Level 1:colcon.colcon_core.package_identification:_identify(models/segment) by extensions ['colcon_pkg']
[0.994s] Level 1:colcon.colcon_core.package_identification:_identify(models/segment) by extension 'colcon_pkg'
[0.994s] Level 1:colcon.colcon_core.package_identification:_identify(models/segment) by extensions ['colcon_meta']
[0.994s] Level 1:colcon.colcon_core.package_identification:_identify(models/segment) by extension 'colcon_meta'
[0.994s] Level 1:colcon.colcon_core.package_identification:_identify(models/segment) by extensions ['ros']
[0.994s] Level 1:colcon.colcon_core.package_identification:_identify(models/segment) by extension 'ros'
[0.994s] Level 1:colcon.colcon_core.package_identification:_identify(models/segment) by extensions ['cmake', 'python']
[0.994s] Level 1:colcon.colcon_core.package_identification:_identify(models/segment) by extension 'cmake'
[0.994s] Level 1:colcon.colcon_core.package_identification:_identify(models/segment) by extension 'python'
[0.994s] Level 1:colcon.colcon_core.package_identification:_identify(models/segment) by extensions ['python_setup_py']
[0.994s] Level 1:colcon.colcon_core.package_identification:_identify(models/segment) by extension 'python_setup_py'
[0.994s] Level 1:colcon.colcon_core.package_identification:_identify(runs) by extensions ['ignore', 'ignore_ament_install']
[0.994s] Level 1:colcon.colcon_core.package_identification:_identify(runs) by extension 'ignore'
[0.994s] Level 1:colcon.colcon_core.package_identification:_identify(runs) by extension 'ignore_ament_install'
[0.994s] Level 1:colcon.colcon_core.package_identification:_identify(runs) by extensions ['colcon_pkg']
[0.994s] Level 1:colcon.colcon_core.package_identification:_identify(runs) by extension 'colcon_pkg'
[0.994s] Level 1:colcon.colcon_core.package_identification:_identify(runs) by extensions ['colcon_meta']
[0.994s] Level 1:colcon.colcon_core.package_identification:_identify(runs) by extension 'colcon_meta'
[0.994s] Level 1:colcon.colcon_core.package_identification:_identify(runs) by extensions ['ros']
[0.994s] Level 1:colcon.colcon_core.package_identification:_identify(runs) by extension 'ros'
[0.994s] Level 1:colcon.colcon_core.package_identification:_identify(runs) by extensions ['cmake', 'python']
[0.994s] Level 1:colcon.colcon_core.package_identification:_identify(runs) by extension 'cmake'
[0.994s] Level 1:colcon.colcon_core.package_identification:_identify(runs) by extension 'python'
[0.994s] Level 1:colcon.colcon_core.package_identification:_identify(runs) by extensions ['python_setup_py']
[0.994s] Level 1:colcon.colcon_core.package_identification:_identify(runs) by extension 'python_setup_py'
[0.995s] Level 1:colcon.colcon_core.package_identification:_identify(runs/detect) by extensions ['ignore', 'ignore_ament_install']
[0.995s] Level 1:colcon.colcon_core.package_identification:_identify(runs/detect) by extension 'ignore'
[0.995s] Level 1:colcon.colcon_core.package_identification:_identify(runs/detect) by extension 'ignore_ament_install'
[0.995s] Level 1:colcon.colcon_core.package_identification:_identify(runs/detect) by extensions ['colcon_pkg']
[0.995s] Level 1:colcon.colcon_core.package_identification:_identify(runs/detect) by extension 'colcon_pkg'
[0.995s] Level 1:colcon.colcon_core.package_identification:_identify(runs/detect) by extensions ['colcon_meta']
[0.995s] Level 1:colcon.colcon_core.package_identification:_identify(runs/detect) by extension 'colcon_meta'
[0.995s] Level 1:colcon.colcon_core.package_identification:_identify(runs/detect) by extensions ['ros']
[0.995s] Level 1:colcon.colcon_core.package_identification:_identify(runs/detect) by extension 'ros'
[0.995s] Level 1:colcon.colcon_core.package_identification:_identify(runs/detect) by extensions ['cmake', 'python']
[0.995s] Level 1:colcon.colcon_core.package_identification:_identify(runs/detect) by extension 'cmake'
[0.995s] Level 1:colcon.colcon_core.package_identification:_identify(runs/detect) by extension 'python'
[0.995s] Level 1:colcon.colcon_core.package_identification:_identify(runs/detect) by extensions ['python_setup_py']
[0.995s] Level 1:colcon.colcon_core.package_identification:_identify(runs/detect) by extension 'python_setup_py'
[0.995s] Level 1:colcon.colcon_core.package_identification:_identify(segment) by extensions ['ignore', 'ignore_ament_install']
[0.995s] Level 1:colcon.colcon_core.package_identification:_identify(segment) by extension 'ignore'
[0.995s] Level 1:colcon.colcon_core.package_identification:_identify(segment) by extension 'ignore_ament_install'
[0.995s] Level 1:colcon.colcon_core.package_identification:_identify(segment) by extensions ['colcon_pkg']
[0.995s] Level 1:colcon.colcon_core.package_identification:_identify(segment) by extension 'colcon_pkg'
[0.995s] Level 1:colcon.colcon_core.package_identification:_identify(segment) by extensions ['colcon_meta']
[0.995s] Level 1:colcon.colcon_core.package_identification:_identify(segment) by extension 'colcon_meta'
[0.995s] Level 1:colcon.colcon_core.package_identification:_identify(segment) by extensions ['ros']
[0.995s] Level 1:colcon.colcon_core.package_identification:_identify(segment) by extension 'ros'
[0.995s] Level 1:colcon.colcon_core.package_identification:_identify(segment) by extensions ['cmake', 'python']
[0.996s] Level 1:colcon.colcon_core.package_identification:_identify(segment) by extension 'cmake'
[0.996s] Level 1:colcon.colcon_core.package_identification:_identify(segment) by extension 'python'
[0.996s] Level 1:colcon.colcon_core.package_identification:_identify(segment) by extensions ['python_setup_py']
[0.996s] Level 1:colcon.colcon_core.package_identification:_identify(segment) by extension 'python_setup_py'
[0.996s] Level 1:colcon.colcon_core.package_identification:_identify(utils) by extensions ['ignore', 'ignore_ament_install']
[0.996s] Level 1:colcon.colcon_core.package_identification:_identify(utils) by extension 'ignore'
[0.996s] Level 1:colcon.colcon_core.package_identification:_identify(utils) by extension 'ignore_ament_install'
[0.996s] Level 1:colcon.colcon_core.package_identification:_identify(utils) by extensions ['colcon_pkg']
[0.996s] Level 1:colcon.colcon_core.package_identification:_identify(utils) by extension 'colcon_pkg'
[0.996s] Level 1:colcon.colcon_core.package_identification:_identify(utils) by extensions ['colcon_meta']
[0.996s] Level 1:colcon.colcon_core.package_identification:_identify(utils) by extension 'colcon_meta'
[0.996s] Level 1:colcon.colcon_core.package_identification:_identify(utils) by extensions ['ros']
[0.996s] Level 1:colcon.colcon_core.package_identification:_identify(utils) by extension 'ros'
[0.996s] Level 1:colcon.colcon_core.package_identification:_identify(utils) by extensions ['cmake', 'python']
[0.996s] Level 1:colcon.colcon_core.package_identification:_identify(utils) by extension 'cmake'
[0.996s] Level 1:colcon.colcon_core.package_identification:_identify(utils) by extension 'python'
[0.996s] Level 1:colcon.colcon_core.package_identification:_identify(utils) by extensions ['python_setup_py']
[0.996s] Level 1:colcon.colcon_core.package_identification:_identify(utils) by extension 'python_setup_py'
[0.996s] Level 1:colcon.colcon_core.package_identification:_identify(utils/__pycache__) by extensions ['ignore', 'ignore_ament_install']
[0.996s] Level 1:colcon.colcon_core.package_identification:_identify(utils/__pycache__) by extension 'ignore'
[0.996s] Level 1:colcon.colcon_core.package_identification:_identify(utils/__pycache__) by extension 'ignore_ament_install'
[0.996s] Level 1:colcon.colcon_core.package_identification:_identify(utils/__pycache__) by extensions ['colcon_pkg']
[0.996s] Level 1:colcon.colcon_core.package_identification:_identify(utils/__pycache__) by extension 'colcon_pkg'
[0.996s] Level 1:colcon.colcon_core.package_identification:_identify(utils/__pycache__) by extensions ['colcon_meta']
[0.996s] Level 1:colcon.colcon_core.package_identification:_identify(utils/__pycache__) by extension 'colcon_meta'
[0.997s] Level 1:colcon.colcon_core.package_identification:_identify(utils/__pycache__) by extensions ['ros']
[0.997s] Level 1:colcon.colcon_core.package_identification:_identify(utils/__pycache__) by extension 'ros'
[0.997s] Level 1:colcon.colcon_core.package_identification:_identify(utils/__pycache__) by extensions ['cmake', 'python']
[0.997s] Level 1:colcon.colcon_core.package_identification:_identify(utils/__pycache__) by extension 'cmake'
[0.997s] Level 1:colcon.colcon_core.package_identification:_identify(utils/__pycache__) by extension 'python'
[0.997s] Level 1:colcon.colcon_core.package_identification:_identify(utils/__pycache__) by extensions ['python_setup_py']
[0.997s] Level 1:colcon.colcon_core.package_identification:_identify(utils/__pycache__) by extension 'python_setup_py'
[0.997s] Level 1:colcon.colcon_core.package_identification:_identify(utils/aws) by extensions ['ignore', 'ignore_ament_install']
[0.997s] Level 1:colcon.colcon_core.package_identification:_identify(utils/aws) by extension 'ignore'
[0.997s] Level 1:colcon.colcon_core.package_identification:_identify(utils/aws) by extension 'ignore_ament_install'
[0.997s] Level 1:colcon.colcon_core.package_identification:_identify(utils/aws) by extensions ['colcon_pkg']
[0.997s] Level 1:colcon.colcon_core.package_identification:_identify(utils/aws) by extension 'colcon_pkg'
[0.997s] Level 1:colcon.colcon_core.package_identification:_identify(utils/aws) by extensions ['colcon_meta']
[0.997s] Level 1:colcon.colcon_core.package_identification:_identify(utils/aws) by extension 'colcon_meta'
[0.997s] Level 1:colcon.colcon_core.package_identification:_identify(utils/aws) by extensions ['ros']
[0.997s] Level 1:colcon.colcon_core.package_identification:_identify(utils/aws) by extension 'ros'
[0.997s] Level 1:colcon.colcon_core.package_identification:_identify(utils/aws) by extensions ['cmake', 'python']
[0.997s] Level 1:colcon.colcon_core.package_identification:_identify(utils/aws) by extension 'cmake'
[0.997s] Level 1:colcon.colcon_core.package_identification:_identify(utils/aws) by extension 'python'
[0.997s] Level 1:colcon.colcon_core.package_identification:_identify(utils/aws) by extensions ['python_setup_py']
[0.997s] Level 1:colcon.colcon_core.package_identification:_identify(utils/aws) by extension 'python_setup_py'
[0.997s] Level 1:colcon.colcon_core.package_identification:_identify(utils/docker) by extensions ['ignore', 'ignore_ament_install']
[0.998s] Level 1:colcon.colcon_core.package_identification:_identify(utils/docker) by extension 'ignore'
[0.998s] Level 1:colcon.colcon_core.package_identification:_identify(utils/docker) by extension 'ignore_ament_install'
[0.998s] Level 1:colcon.colcon_core.package_identification:_identify(utils/docker) by extensions ['colcon_pkg']
[0.998s] Level 1:colcon.colcon_core.package_identification:_identify(utils/docker) by extension 'colcon_pkg'
[0.998s] Level 1:colcon.colcon_core.package_identification:_identify(utils/docker) by extensions ['colcon_meta']
[0.998s] Level 1:colcon.colcon_core.package_identification:_identify(utils/docker) by extension 'colcon_meta'
[0.998s] Level 1:colcon.colcon_core.package_identification:_identify(utils/docker) by extensions ['ros']
[0.998s] Level 1:colcon.colcon_core.package_identification:_identify(utils/docker) by extension 'ros'
[0.998s] Level 1:colcon.colcon_core.package_identification:_identify(utils/docker) by extensions ['cmake', 'python']
[0.998s] Level 1:colcon.colcon_core.package_identification:_identify(utils/docker) by extension 'cmake'
[0.998s] Level 1:colcon.colcon_core.package_identification:_identify(utils/docker) by extension 'python'
[0.998s] Level 1:colcon.colcon_core.package_identification:_identify(utils/docker) by extensions ['python_setup_py']
[0.998s] Level 1:colcon.colcon_core.package_identification:_identify(utils/docker) by extension 'python_setup_py'
[0.998s] Level 1:colcon.colcon_core.package_identification:_identify(utils/flask_rest_api) by extensions ['ignore', 'ignore_ament_install']
[0.998s] Level 1:colcon.colcon_core.package_identification:_identify(utils/flask_rest_api) by extension 'ignore'
[0.998s] Level 1:colcon.colcon_core.package_identification:_identify(utils/flask_rest_api) by extension 'ignore_ament_install'
[0.998s] Level 1:colcon.colcon_core.package_identification:_identify(utils/flask_rest_api) by extensions ['colcon_pkg']
[0.998s] Level 1:colcon.colcon_core.package_identification:_identify(utils/flask_rest_api) by extension 'colcon_pkg'
[0.998s] Level 1:colcon.colcon_core.package_identification:_identify(utils/flask_rest_api) by extensions ['colcon_meta']
[0.998s] Level 1:colcon.colcon_core.package_identification:_identify(utils/flask_rest_api) by extension 'colcon_meta'
[0.998s] Level 1:colcon.colcon_core.package_identification:_identify(utils/flask_rest_api) by extensions ['ros']
[0.998s] Level 1:colcon.colcon_core.package_identification:_identify(utils/flask_rest_api) by extension 'ros'
[0.998s] Level 1:colcon.colcon_core.package_identification:_identify(utils/flask_rest_api) by extensions ['cmake', 'python']
[0.998s] Level 1:colcon.colcon_core.package_identification:_identify(utils/flask_rest_api) by extension 'cmake'
[0.998s] Level 1:colcon.colcon_core.package_identification:_identify(utils/flask_rest_api) by extension 'python'
[0.998s] Level 1:colcon.colcon_core.package_identification:_identify(utils/flask_rest_api) by extensions ['python_setup_py']
[0.999s] Level 1:colcon.colcon_core.package_identification:_identify(utils/flask_rest_api) by extension 'python_setup_py'
[0.999s] Level 1:colcon.colcon_core.package_identification:_identify(utils/google_app_engine) by extensions ['ignore', 'ignore_ament_install']
[0.999s] Level 1:colcon.colcon_core.package_identification:_identify(utils/google_app_engine) by extension 'ignore'
[0.999s] Level 1:colcon.colcon_core.package_identification:_identify(utils/google_app_engine) by extension 'ignore_ament_install'
[0.999s] Level 1:colcon.colcon_core.package_identification:_identify(utils/google_app_engine) by extensions ['colcon_pkg']
[0.999s] Level 1:colcon.colcon_core.package_identification:_identify(utils/google_app_engine) by extension 'colcon_pkg'
[0.999s] Level 1:colcon.colcon_core.package_identification:_identify(utils/google_app_engine) by extensions ['colcon_meta']
[0.999s] Level 1:colcon.colcon_core.package_identification:_identify(utils/google_app_engine) by extension 'colcon_meta'
[0.999s] Level 1:colcon.colcon_core.package_identification:_identify(utils/google_app_engine) by extensions ['ros']
[0.999s] Level 1:colcon.colcon_core.package_identification:_identify(utils/google_app_engine) by extension 'ros'
[0.999s] Level 1:colcon.colcon_core.package_identification:_identify(utils/google_app_engine) by extensions ['cmake', 'python']
[0.999s] Level 1:colcon.colcon_core.package_identification:_identify(utils/google_app_engine) by extension 'cmake'
[0.999s] Level 1:colcon.colcon_core.package_identification:_identify(utils/google_app_engine) by extension 'python'
[0.999s] Level 1:colcon.colcon_core.package_identification:_identify(utils/google_app_engine) by extensions ['python_setup_py']
[0.999s] Level 1:colcon.colcon_core.package_identification:_identify(utils/google_app_engine) by extension 'python_setup_py'
[0.999s] Level 1:colcon.colcon_core.package_identification:_identify(utils/loggers) by extensions ['ignore', 'ignore_ament_install']
[0.999s] Level 1:colcon.colcon_core.package_identification:_identify(utils/loggers) by extension 'ignore'
[0.999s] Level 1:colcon.colcon_core.package_identification:_identify(utils/loggers) by extension 'ignore_ament_install'
[0.999s] Level 1:colcon.colcon_core.package_identification:_identify(utils/loggers) by extensions ['colcon_pkg']
[0.999s] Level 1:colcon.colcon_core.package_identification:_identify(utils/loggers) by extension 'colcon_pkg'
[0.999s] Level 1:colcon.colcon_core.package_identification:_identify(utils/loggers) by extensions ['colcon_meta']
[0.999s] Level 1:colcon.colcon_core.package_identification:_identify(utils/loggers) by extension 'colcon_meta'
[0.999s] Level 1:colcon.colcon_core.package_identification:_identify(utils/loggers) by extensions ['ros']
[0.999s] Level 1:colcon.colcon_core.package_identification:_identify(utils/loggers) by extension 'ros'
[1.000s] Level 1:colcon.colcon_core.package_identification:_identify(utils/loggers) by extensions ['cmake', 'python']
[1.000s] Level 1:colcon.colcon_core.package_identification:_identify(utils/loggers) by extension 'cmake'
[1.000s] Level 1:colcon.colcon_core.package_identification:_identify(utils/loggers) by extension 'python'
[1.000s] Level 1:colcon.colcon_core.package_identification:_identify(utils/loggers) by extensions ['python_setup_py']
[1.000s] Level 1:colcon.colcon_core.package_identification:_identify(utils/loggers) by extension 'python_setup_py'
[1.000s] Level 1:colcon.colcon_core.package_identification:_identify(utils/loggers/clearml) by extensions ['ignore', 'ignore_ament_install']
[1.000s] Level 1:colcon.colcon_core.package_identification:_identify(utils/loggers/clearml) by extension 'ignore'
[1.000s] Level 1:colcon.colcon_core.package_identification:_identify(utils/loggers/clearml) by extension 'ignore_ament_install'
[1.000s] Level 1:colcon.colcon_core.package_identification:_identify(utils/loggers/clearml) by extensions ['colcon_pkg']
[1.000s] Level 1:colcon.colcon_core.package_identification:_identify(utils/loggers/clearml) by extension 'colcon_pkg'
[1.000s] Level 1:colcon.colcon_core.package_identification:_identify(utils/loggers/clearml) by extensions ['colcon_meta']
[1.000s] Level 1:colcon.colcon_core.package_identification:_identify(utils/loggers/clearml) by extension 'colcon_meta'
[1.000s] Level 1:colcon.colcon_core.package_identification:_identify(utils/loggers/clearml) by extensions ['ros']
[1.000s] Level 1:colcon.colcon_core.package_identification:_identify(utils/loggers/clearml) by extension 'ros'
[1.000s] Level 1:colcon.colcon_core.package_identification:_identify(utils/loggers/clearml) by extensions ['cmake', 'python']
[1.000s] Level 1:colcon.colcon_core.package_identification:_identify(utils/loggers/clearml) by extension 'cmake'
[1.000s] Level 1:colcon.colcon_core.package_identification:_identify(utils/loggers/clearml) by extension 'python'
[1.000s] Level 1:colcon.colcon_core.package_identification:_identify(utils/loggers/clearml) by extensions ['python_setup_py']
[1.000s] Level 1:colcon.colcon_core.package_identification:_identify(utils/loggers/clearml) by extension 'python_setup_py'
[1.000s] Level 1:colcon.colcon_core.package_identification:_identify(utils/loggers/comet) by extensions ['ignore', 'ignore_ament_install']
[1.001s] Level 1:colcon.colcon_core.package_identification:_identify(utils/loggers/comet) by extension 'ignore'
[1.001s] Level 1:colcon.colcon_core.package_identification:_identify(utils/loggers/comet) by extension 'ignore_ament_install'
[1.001s] Level 1:colcon.colcon_core.package_identification:_identify(utils/loggers/comet) by extensions ['colcon_pkg']
[1.001s] Level 1:colcon.colcon_core.package_identification:_identify(utils/loggers/comet) by extension 'colcon_pkg'
[1.001s] Level 1:colcon.colcon_core.package_identification:_identify(utils/loggers/comet) by extensions ['colcon_meta']
[1.001s] Level 1:colcon.colcon_core.package_identification:_identify(utils/loggers/comet) by extension 'colcon_meta'
[1.001s] Level 1:colcon.colcon_core.package_identification:_identify(utils/loggers/comet) by extensions ['ros']
[1.001s] Level 1:colcon.colcon_core.package_identification:_identify(utils/loggers/comet) by extension 'ros'
[1.001s] Level 1:colcon.colcon_core.package_identification:_identify(utils/loggers/comet) by extensions ['cmake', 'python']
[1.001s] Level 1:colcon.colcon_core.package_identification:_identify(utils/loggers/comet) by extension 'cmake'
[1.001s] Level 1:colcon.colcon_core.package_identification:_identify(utils/loggers/comet) by extension 'python'
[1.001s] Level 1:colcon.colcon_core.package_identification:_identify(utils/loggers/comet) by extensions ['python_setup_py']
[1.001s] Level 1:colcon.colcon_core.package_identification:_identify(utils/loggers/comet) by extension 'python_setup_py'
[1.001s] Level 1:colcon.colcon_core.package_identification:_identify(utils/loggers/wandb) by extensions ['ignore', 'ignore_ament_install']
[1.001s] Level 1:colcon.colcon_core.package_identification:_identify(utils/loggers/wandb) by extension 'ignore'
[1.001s] Level 1:colcon.colcon_core.package_identification:_identify(utils/loggers/wandb) by extension 'ignore_ament_install'
[1.001s] Level 1:colcon.colcon_core.package_identification:_identify(utils/loggers/wandb) by extensions ['colcon_pkg']
[1.001s] Level 1:colcon.colcon_core.package_identification:_identify(utils/loggers/wandb) by extension 'colcon_pkg'
[1.001s] Level 1:colcon.colcon_core.package_identification:_identify(utils/loggers/wandb) by extensions ['colcon_meta']
[1.001s] Level 1:colcon.colcon_core.package_identification:_identify(utils/loggers/wandb) by extension 'colcon_meta'
[1.001s] Level 1:colcon.colcon_core.package_identification:_identify(utils/loggers/wandb) by extensions ['ros']
[1.001s] Level 1:colcon.colcon_core.package_identification:_identify(utils/loggers/wandb) by extension 'ros'
[1.001s] Level 1:colcon.colcon_core.package_identification:_identify(utils/loggers/wandb) by extensions ['cmake', 'python']
[1.001s] Level 1:colcon.colcon_core.package_identification:_identify(utils/loggers/wandb) by extension 'cmake'
[1.002s] Level 1:colcon.colcon_core.package_identification:_identify(utils/loggers/wandb) by extension 'python'
[1.002s] Level 1:colcon.colcon_core.package_identification:_identify(utils/loggers/wandb) by extensions ['python_setup_py']
[1.002s] Level 1:colcon.colcon_core.package_identification:_identify(utils/loggers/wandb) by extension 'python_setup_py'
[1.002s] Level 1:colcon.colcon_core.package_identification:_identify(utils/segment) by extensions ['ignore', 'ignore_ament_install']
[1.002s] Level 1:colcon.colcon_core.package_identification:_identify(utils/segment) by extension 'ignore'
[1.002s] Level 1:colcon.colcon_core.package_identification:_identify(utils/segment) by extension 'ignore_ament_install'
[1.002s] Level 1:colcon.colcon_core.package_identification:_identify(utils/segment) by extensions ['colcon_pkg']
[1.002s] Level 1:colcon.colcon_core.package_identification:_identify(utils/segment) by extension 'colcon_pkg'
[1.002s] Level 1:colcon.colcon_core.package_identification:_identify(utils/segment) by extensions ['colcon_meta']
[1.002s] Level 1:colcon.colcon_core.package_identification:_identify(utils/segment) by extension 'colcon_meta'
[1.002s] Level 1:colcon.colcon_core.package_identification:_identify(utils/segment) by extensions ['ros']
[1.002s] Level 1:colcon.colcon_core.package_identification:_identify(utils/segment) by extension 'ros'
[1.002s] Level 1:colcon.colcon_core.package_identification:_identify(utils/segment) by extensions ['cmake', 'python']
[1.002s] Level 1:colcon.colcon_core.package_identification:_identify(utils/segment) by extension 'cmake'
[1.002s] Level 1:colcon.colcon_core.package_identification:_identify(utils/segment) by extension 'python'
[1.002s] Level 1:colcon.colcon_core.package_identification:_identify(utils/segment) by extensions ['python_setup_py']
[1.002s] Level 1:colcon.colcon_core.package_identification:_identify(utils/segment) by extension 'python_setup_py'
[1.002s] Level 1:colcon.colcon_core.package_discovery:discover_packages(recursive) using defaults
[1.002s] Level 1:colcon.colcon_core.package_discovery:discover_packages(ignore) discover
[1.002s] Level 1:colcon.colcon_core.package_discovery:discover_packages(ignore) using defaults
[1.002s] Level 1:colcon.colcon_core.package_discovery:discover_packages(path) discover
[1.002s] Level 1:colcon.colcon_core.package_discovery:discover_packages(path) using defaults
[1.088s] Level 1:colcon.colcon_core.package_discovery:discover_packages(prefix_path) check parameters
[1.088s] Level 1:colcon.colcon_core.package_discovery:discover_packages(prefix_path) discover
[1.119s] DEBUG:colcon.colcon_installed_package_information.package_discovery:Found 270 installed packages in /opt/ros/humble
[1.120s] Level 1:colcon.colcon_core.package_discovery:discover_packages(prefix_path) using defaults
[1.185s] INFO:colcon.colcon_core.executor:Executing jobs using 'parallel' executor
[1.199s] DEBUG:colcon.colcon_parallel_executor.executor.parallel:run_until_complete
[1.200s] DEBUG:colcon.colcon_parallel_executor.executor.parallel:closing loop
[1.200s] DEBUG:colcon.colcon_parallel_executor.executor.parallel:loop closed
[1.200s] DEBUG:colcon.colcon_parallel_executor.executor.parallel:run_until_complete finished with '0'
[1.200s] DEBUG:colcon.colcon_core.event_reactor:joining thread
[1.218s] INFO:colcon.colcon_core.plugin_system:Skipping extension 'colcon_notification.desktop_notification.terminal_notifier': Not used on non-Darwin systems
[1.218s] INFO:colcon.colcon_core.plugin_system:Skipping extension 'colcon_notification.desktop_notification.win32': Not used on non-Windows systems
[1.218s] INFO:colcon.colcon_notification.desktop_notification:Sending desktop notification using 'notify2'
[1.232s] DEBUG:colcon.colcon_core.event_reactor:joined thread
[1.249s] INFO:colcon.colcon_core.plugin_system:Skipping extension 'colcon_core.shell.bat': Not used on non-Windows systems
[1.250s] INFO:colcon.colcon_core.shell:Creating prefix script '/home/lisii/Documents/Github-repos/TransferStation/1_Projects/Current/Radar_alliance/radar_yolov5_py/radar_yolov5_py/install/local_setup.ps1'
[1.250s] INFO:colcon.colcon_core.shell:Creating prefix util module '/home/lisii/Documents/Github-repos/TransferStation/1_Projects/Current/Radar_alliance/radar_yolov5_py/radar_yolov5_py/install/_local_setup_util_ps1.py'
[1.252s] INFO:colcon.colcon_core.shell:Creating prefix chain script '/home/lisii/Documents/Github-repos/TransferStation/1_Projects/Current/Radar_alliance/radar_yolov5_py/radar_yolov5_py/install/setup.ps1'
[1.274s] INFO:colcon.colcon_core.shell:Creating prefix script '/home/lisii/Documents/Github-repos/TransferStation/1_Projects/Current/Radar_alliance/radar_yolov5_py/radar_yolov5_py/install/local_setup.sh'
[1.275s] INFO:colcon.colcon_core.shell:Creating prefix util module '/home/lisii/Documents/Github-repos/TransferStation/1_Projects/Current/Radar_alliance/radar_yolov5_py/radar_yolov5_py/install/_local_setup_util_sh.py'
[1.275s] INFO:colcon.colcon_core.shell:Creating prefix chain script '/home/lisii/Documents/Github-repos/TransferStation/1_Projects/Current/Radar_alliance/radar_yolov5_py/radar_yolov5_py/install/setup.sh'
[1.290s] INFO:colcon.colcon_core.shell:Creating prefix script '/home/lisii/Documents/Github-repos/TransferStation/1_Projects/Current/Radar_alliance/radar_yolov5_py/radar_yolov5_py/install/local_setup.bash'
[1.290s] INFO:colcon.colcon_core.shell:Creating prefix chain script '/home/lisii/Documents/Github-repos/TransferStation/1_Projects/Current/Radar_alliance/radar_yolov5_py/radar_yolov5_py/install/setup.bash'
[1.305s] INFO:colcon.colcon_core.shell:Creating prefix script '/home/lisii/Documents/Github-repos/TransferStation/1_Projects/Current/Radar_alliance/radar_yolov5_py/radar_yolov5_py/install/local_setup.zsh'
[1.306s] INFO:colcon.colcon_core.shell:Creating prefix chain script '/home/lisii/Documents/Github-repos/TransferStation/1_Projects/Current/Radar_alliance/radar_yolov5_py/radar_yolov5_py/install/setup.zsh'
