[0.631s] Invoking command in '/workspaces/DockerExample/Radar_alliance V1.0/radar_yolov5_py': PYTHONPATH=/workspaces/DockerExample/Radar_alliance V1.0/radar_yolov5_py/build/radar_yolov5_py/prefix_override:/workspaces/DockerExample/Radar_alliance V1.0/radar_yolov5_py/install/radar_yolov5_py/lib/python3.10/site-packages:${PYTHONPATH} /usr/bin/python3 setup.py egg_info --egg-base build/radar_yolov5_py build --build-base /workspaces/DockerExample/Radar_alliance V1.0/radar_yolov5_py/build/radar_yolov5_py/build install --record /workspaces/DockerExample/Radar_alliance V1.0/radar_yolov5_py/build/radar_yolov5_py/install.log --single-version-externally-managed
[0.797s] running egg_info
[0.807s] writing build/radar_yolov5_py/radar_yolov5_py.egg-info/PKG-INFO
[0.807s] writing dependency_links to build/radar_yolov5_py/radar_yolov5_py.egg-info/dependency_links.txt
[0.807s] writing entry points to build/radar_yolov5_py/radar_yolov5_py.egg-info/entry_points.txt
[0.808s] writing requirements to build/radar_yolov5_py/radar_yolov5_py.egg-info/requires.txt
[0.808s] writing top-level names to build/radar_yolov5_py/radar_yolov5_py.egg-info/top_level.txt
[0.828s] reading manifest file 'build/radar_yolov5_py/radar_yolov5_py.egg-info/SOURCES.txt'
[0.830s] writing manifest file 'build/radar_yolov5_py/radar_yolov5_py.egg-info/SOURCES.txt'
[0.830s] running build
[0.830s] running build_py
[0.830s] copying radar_yolov5_py/points_publisher.py -> /workspaces/DockerExample/Radar_alliance V1.0/radar_yolov5_py/build/radar_yolov5_py/build/lib/radar_yolov5_py
[0.833s] running install
[0.833s] /usr/local/lib/python3.10/dist-packages/setuptools/_distutils/cmd.py:66: SetuptoolsDeprecationWarning: setup.py install is deprecated.
[0.833s] !!
[0.833s] 
[0.833s]         ********************************************************************************
[0.833s]         Please avoid running ``setup.py`` directly.
[0.833s]         Instead, use pypa/build, pypa/installer or other
[0.833s]         standards-based tools.
[0.833s] 
[0.834s]         See https://blog.ganssle.io/articles/2021/10/setup-py-deprecated.html for details.
[0.834s]         ********************************************************************************
[0.834s] 
[0.834s] !!
[0.834s]   self.initialize_options()
[0.837s] running install_lib
[0.849s] copying /workspaces/DockerExample/Radar_alliance V1.0/radar_yolov5_py/build/radar_yolov5_py/build/lib/radar_yolov5_py/points_publisher.py -> /workspaces/DockerExample/Radar_alliance V1.0/radar_yolov5_py/install/radar_yolov5_py/lib/python3.10/site-packages/radar_yolov5_py
[0.850s] byte-compiling /workspaces/DockerExample/Radar_alliance V1.0/radar_yolov5_py/install/radar_yolov5_py/lib/python3.10/site-packages/radar_yolov5_py/points_publisher.py to points_publisher.cpython-310.pyc
[0.853s] running install_data
[0.862s] copying launch/py.launch.py -> /workspaces/DockerExample/Radar_alliance V1.0/radar_yolov5_py/install/radar_yolov5_py/share/radar_yolov5_py/launch
[0.862s] running install_egg_info
[0.871s] removing '/workspaces/DockerExample/Radar_alliance V1.0/radar_yolov5_py/install/radar_yolov5_py/lib/python3.10/site-packages/radar_yolov5_py-0.0.0-py3.10.egg-info' (and everything under it)
[0.872s] Copying build/radar_yolov5_py/radar_yolov5_py.egg-info to /workspaces/DockerExample/Radar_alliance V1.0/radar_yolov5_py/install/radar_yolov5_py/lib/python3.10/site-packages/radar_yolov5_py-0.0.0-py3.10.egg-info
[0.872s] running install_scripts
[0.957s] Installing points_publisher script to /workspaces/DockerExample/Radar_alliance V1.0/radar_yolov5_py/install/radar_yolov5_py/lib/radar_yolov5_py
[0.958s] writing list of installed files to '/workspaces/DockerExample/Radar_alliance V1.0/radar_yolov5_py/build/radar_yolov5_py/install.log'
[0.978s] Invoked command in '/workspaces/DockerExample/Radar_alliance V1.0/radar_yolov5_py' returned '0': PYTHONPATH=/workspaces/DockerExample/Radar_alliance V1.0/radar_yolov5_py/build/radar_yolov5_py/prefix_override:/workspaces/DockerExample/Radar_alliance V1.0/radar_yolov5_py/install/radar_yolov5_py/lib/python3.10/site-packages:${PYTHONPATH} /usr/bin/python3 setup.py egg_info --egg-base build/radar_yolov5_py build --build-base /workspaces/DockerExample/Radar_alliance V1.0/radar_yolov5_py/build/radar_yolov5_py/build install --record /workspaces/DockerExample/Radar_alliance V1.0/radar_yolov5_py/build/radar_yolov5_py/install.log --single-version-externally-managed
