-- Found ament_cmake: 1.3.6 (/opt/ros/humble/share/ament_cmake/cmake)
-- Found rclcpp: 16.0.7 (/opt/ros/humble/share/rclcpp/cmake)
-- Found rosidl_generator_c: 3.1.5 (/opt/ros/humble/share/rosidl_generator_c/cmake)
-- Found rosidl_adapter: 3.1.5 (/opt/ros/humble/share/rosidl_adapter/cmake)
-- Found rosidl_generator_cpp: 3.1.5 (/opt/ros/humble/share/rosidl_generator_cpp/cmake)
-- Using all available rosidl_typesupport_c: rosidl_typesupport_fastrtps_c;rosidl_typesupport_introspection_c
-- Using all available rosidl_typesupport_cpp: rosidl_typesupport_fastrtps_cpp;rosidl_typesupport_introspection_cpp
-- Found rmw_implementation_cmake: 6.1.1 (/opt/ros/humble/share/rmw_implementation_cmake/cmake)
-- Found rmw_fastrtps_cpp: 6.2.5 (/opt/ros/humble/share/rmw_fastrtps_cpp/cmake)
-- Using RMW implementation 'rmw_fastrtps_cpp' as default
-- Found OpenCV: /usr (found version "4.5.4") 
-- Found ament_lint_auto: 0.12.9 (/opt/ros/humble/share/ament_lint_auto/cmake)
-- Added test 'cppcheck' to perform static code analysis on C / C++ code
-- Configured cppcheck include dirs: 
-- Configured cppcheck exclude dirs and/or files: 
-- Added test 'flake8' to check Python code syntax and style conventions
-- Added test 'lint_cmake' to check CMake code style
-- Added test 'pep257' to check Python code against some of the docstring style conventions in PEP 257
-- Added test 'uncrustify' to check C / C++ code style
-- Configured uncrustify additional arguments: 
-- Added test 'xmllint' to check XML markup files
-- Configuring done
-- Generating done
-- Build files have been written to: /workspaces/DockerExample/Radar_alliance V1.0/radar_remap_cpp/build/radar_remap_cpp
[ 50%] [32mBuilding CXX object CMakeFiles/points_subscriber.dir/src/points_subscriber.cpp.o[0m
[100%] [32m[1mLinking CXX executable points_subscriber[0m
[100%] Built target points_subscriber
-- Install configuration: ""
-- Installing: /workspaces/DockerExample/Radar_alliance V1.0/radar_remap_cpp/install/radar_remap_cpp/share/radar_remap_cpp/launch
-- Installing: /workspaces/DockerExample/Radar_alliance V1.0/radar_remap_cpp/install/radar_remap_cpp/share/radar_remap_cpp/launch/cpp.launch.py
-- Installing: /workspaces/DockerExample/Radar_alliance V1.0/radar_remap_cpp/install/radar_remap_cpp/share/ament_index/resource_index/package_run_dependencies/radar_remap_cpp
-- Installing: /workspaces/DockerExample/Radar_alliance V1.0/radar_remap_cpp/install/radar_remap_cpp/share/ament_index/resource_index/parent_prefix_path/radar_remap_cpp
-- Installing: /workspaces/DockerExample/Radar_alliance V1.0/radar_remap_cpp/install/radar_remap_cpp/share/radar_remap_cpp/environment/ament_prefix_path.sh
-- Installing: /workspaces/DockerExample/Radar_alliance V1.0/radar_remap_cpp/install/radar_remap_cpp/share/radar_remap_cpp/environment/ament_prefix_path.dsv
-- Installing: /workspaces/DockerExample/Radar_alliance V1.0/radar_remap_cpp/install/radar_remap_cpp/share/radar_remap_cpp/environment/path.sh
-- Installing: /workspaces/DockerExample/Radar_alliance V1.0/radar_remap_cpp/install/radar_remap_cpp/share/radar_remap_cpp/environment/path.dsv
-- Installing: /workspaces/DockerExample/Radar_alliance V1.0/radar_remap_cpp/install/radar_remap_cpp/share/radar_remap_cpp/local_setup.bash
-- Installing: /workspaces/DockerExample/Radar_alliance V1.0/radar_remap_cpp/install/radar_remap_cpp/share/radar_remap_cpp/local_setup.sh
-- Installing: /workspaces/DockerExample/Radar_alliance V1.0/radar_remap_cpp/install/radar_remap_cpp/share/radar_remap_cpp/local_setup.zsh
-- Installing: /workspaces/DockerExample/Radar_alliance V1.0/radar_remap_cpp/install/radar_remap_cpp/share/radar_remap_cpp/local_setup.dsv
-- Installing: /workspaces/DockerExample/Radar_alliance V1.0/radar_remap_cpp/install/radar_remap_cpp/share/radar_remap_cpp/package.dsv
-- Installing: /workspaces/DockerExample/Radar_alliance V1.0/radar_remap_cpp/install/radar_remap_cpp/share/ament_index/resource_index/packages/radar_remap_cpp
-- Installing: /workspaces/DockerExample/Radar_alliance V1.0/radar_remap_cpp/install/radar_remap_cpp/share/radar_remap_cpp/cmake/radar_remap_cppConfig.cmake
-- Installing: /workspaces/DockerExample/Radar_alliance V1.0/radar_remap_cpp/install/radar_remap_cpp/share/radar_remap_cpp/cmake/radar_remap_cppConfig-version.cmake
-- Up-to-date: /workspaces/DockerExample/Radar_alliance V1.0/radar_remap_cpp/install/radar_remap_cpp/share/radar_remap_cpp/package.xml
-- Installing: /workspaces/DockerExample/Radar_alliance V1.0/radar_remap_cpp/install/radar_remap_cpp/lib/radar_remap_cpp/points_subscriber
-- Set runtime path of "/workspaces/DockerExample/Radar_alliance V1.0/radar_remap_cpp/install/radar_remap_cpp/lib/radar_remap_cpp/points_subscriber" to ""
