[35m[1mConsolidate compiler generated dependencies of target points_subscriber[0m
[ 50%] [32mBuilding CXX object CMakeFiles/points_subscriber.dir/src/points_subscriber.cpp.o[0m
[01m[K/home/lisii/Documents/Github-repos/TransferStation/1_Projects/Current/Radar_alliance/radar_remap_cpp/src/points_subscriber.cpp:[m[K In member function ‘[01m[Kvoid Points_subscriber::command_callback(std_msgs::msg::Float32MultiArray_<std::allocator<void> >::SharedPtr)[m[K’:
[01m[K/home/lisii/Documents/Github-repos/TransferStation/1_Projects/Current/Radar_alliance/radar_remap_cpp/src/points_subscriber.cpp:111:27:[m[K [01;35m[Kwarning: [m[Kcomparison of integer expressions of different signedness: ‘[01m[Kint[m[K’ and ‘[01m[Kstd::vector<float>::size_type[m[K’ {aka ‘[01m[Klong unsigned int[m[K’} [[01;35m[K]8;;https://gcc.gnu.org/onlinedocs/gcc/Warning-Options.html#index-Wsign-compare-Wsign-compare]8;;[m[K]
  111 |         for (int i = 0; [01;35m[Ki < msg->data.size() - 2[m[K; i += 3) {
      |                         [01;35m[K~~^~~~~~~~~~~~~~~~~~~~~~[m[K
[100%] [32m[1mLinking CXX executable points_subscriber[0m
[100%] Built target points_subscriber
-- Install configuration: ""
-- Up-to-date: /home/lisii/Documents/Github-repos/TransferStation/1_Projects/Current/Radar_alliance/radar_remap_cpp/install/radar_remap_cpp/share/ament_index/resource_index/package_run_dependencies/radar_remap_cpp
-- Up-to-date: /home/lisii/Documents/Github-repos/TransferStation/1_Projects/Current/Radar_alliance/radar_remap_cpp/install/radar_remap_cpp/share/ament_index/resource_index/parent_prefix_path/radar_remap_cpp
-- Up-to-date: /home/lisii/Documents/Github-repos/TransferStation/1_Projects/Current/Radar_alliance/radar_remap_cpp/install/radar_remap_cpp/share/radar_remap_cpp/environment/ament_prefix_path.sh
-- Up-to-date: /home/lisii/Documents/Github-repos/TransferStation/1_Projects/Current/Radar_alliance/radar_remap_cpp/install/radar_remap_cpp/share/radar_remap_cpp/environment/ament_prefix_path.dsv
-- Up-to-date: /home/lisii/Documents/Github-repos/TransferStation/1_Projects/Current/Radar_alliance/radar_remap_cpp/install/radar_remap_cpp/share/radar_remap_cpp/environment/path.sh
-- Up-to-date: /home/lisii/Documents/Github-repos/TransferStation/1_Projects/Current/Radar_alliance/radar_remap_cpp/install/radar_remap_cpp/share/radar_remap_cpp/environment/path.dsv
-- Up-to-date: /home/lisii/Documents/Github-repos/TransferStation/1_Projects/Current/Radar_alliance/radar_remap_cpp/install/radar_remap_cpp/share/radar_remap_cpp/local_setup.bash
-- Up-to-date: /home/lisii/Documents/Github-repos/TransferStation/1_Projects/Current/Radar_alliance/radar_remap_cpp/install/radar_remap_cpp/share/radar_remap_cpp/local_setup.sh
-- Up-to-date: /home/lisii/Documents/Github-repos/TransferStation/1_Projects/Current/Radar_alliance/radar_remap_cpp/install/radar_remap_cpp/share/radar_remap_cpp/local_setup.zsh
-- Up-to-date: /home/lisii/Documents/Github-repos/TransferStation/1_Projects/Current/Radar_alliance/radar_remap_cpp/install/radar_remap_cpp/share/radar_remap_cpp/local_setup.dsv
-- Installing: /home/lisii/Documents/Github-repos/TransferStation/1_Projects/Current/Radar_alliance/radar_remap_cpp/install/radar_remap_cpp/share/radar_remap_cpp/package.dsv
-- Up-to-date: /home/lisii/Documents/Github-repos/TransferStation/1_Projects/Current/Radar_alliance/radar_remap_cpp/install/radar_remap_cpp/share/ament_index/resource_index/packages/radar_remap_cpp
-- Up-to-date: /home/lisii/Documents/Github-repos/TransferStation/1_Projects/Current/Radar_alliance/radar_remap_cpp/install/radar_remap_cpp/share/radar_remap_cpp/cmake/radar_remap_cppConfig.cmake
-- Up-to-date: /home/lisii/Documents/Github-repos/TransferStation/1_Projects/Current/Radar_alliance/radar_remap_cpp/install/radar_remap_cpp/share/radar_remap_cpp/cmake/radar_remap_cppConfig-version.cmake
-- Up-to-date: /home/lisii/Documents/Github-repos/TransferStation/1_Projects/Current/Radar_alliance/radar_remap_cpp/install/radar_remap_cpp/share/radar_remap_cpp/package.xml
-- Installing: /home/lisii/Documents/Github-repos/TransferStation/1_Projects/Current/Radar_alliance/radar_remap_cpp/install/radar_remap_cpp/lib/radar_remap_cpp/points_subscriber
-- Set runtime path of "/home/lisii/Documents/Github-repos/TransferStation/1_Projects/Current/Radar_alliance/radar_remap_cpp/install/radar_remap_cpp/lib/radar_remap_cpp/points_subscriber" to ""
