[01m[K/home/lisii/Documents/Github-repos/TransferStation/1_Projects/Current/Radar_alliance/radar_remap_cpp/src/points_subscriber.cpp:[m[K In function ‘[01m[Kvoid remap(Car_datas)[m[K’:
[01m[K/home/lisii/Documents/Github-repos/TransferStation/1_Projects/Current/Radar_alliance/radar_remap_cpp/src/points_subscriber.cpp:80:9:[m[K [01;31m[Kerror: [m[Kexpected primary-expression before ‘[01m[Kcatch[m[K’
   80 |         [01;31m[Kcatch[m[K (const std::exception& e)
      |         [01;31m[K^~~~~[m[K
[01m[K/home/lisii/Documents/Github-repos/TransferStation/1_Projects/Current/Radar_alliance/radar_remap_cpp/src/points_subscriber.cpp:87:11:[m[K [01;31m[Kerror: [m[Kexpected ‘[01m[Kcatch[m[K’ before ‘[01m[KPoints_subscriber[m[K’
   87 |     class [01;31m[KPoints_subscriber[m[K : public rclcpp::Node {
      |           [01;31m[K^~~~~~~~~~~~~~~~~[m[K
[01m[K/home/lisii/Documents/Github-repos/TransferStation/1_Projects/Current/Radar_alliance/radar_remap_cpp/src/points_subscriber.cpp:87:11:[m[K [01;31m[Kerror: [m[Kexpected ‘[01m[K([m[K’ before ‘[01m[KPoints_subscriber[m[K’
   87 |     class [01;31m[KP[m[K[32m[Koints_subscriber[m[K : public rclcpp::Node {
      |           [01;31m[K^[m[K[32m[K~~~~~~~~~~~~~~~~[m[K
      |           [32m[K([m[K
[01m[K/home/lisii/Documents/Github-repos/TransferStation/1_Projects/Current/Radar_alliance/radar_remap_cpp/src/points_subscriber.cpp:87:11:[m[K [01;31m[Kerror: [m[K‘[01m[KPoints_subscriber[m[K’ does not name a type
   87 |     class [01;31m[KPoints_subscriber[m[K : public rclcpp::Node {
      |           [01;31m[K^~~~~~~~~~~~~~~~~[m[K
[01m[K/home/lisii/Documents/Github-repos/TransferStation/1_Projects/Current/Radar_alliance/radar_remap_cpp/src/points_subscriber.cpp:87:28:[m[K [01;31m[Kerror: [m[Kexpected ‘[01m[K)[m[K’ before ‘[01m[K:[m[K’ token
   87 |     class [34m[KPoints_subscriber[m[K[01;31m[K [m[K[32m[K:[m[K public rclcpp::Node {
      |           [34m[K~~~~~~~~~~~~~~~~~[m[K[01;31m[K^[m[K[32m[K~[m[K
      |                            [32m[K)[m[K
[01m[K/home/lisii/Documents/Github-repos/TransferStation/1_Projects/Current/Radar_alliance/radar_remap_cpp/src/points_subscriber.cpp:87:29:[m[K [01;31m[Kerror: [m[Kexpected ‘[01m[K{[m[K’ before ‘[01m[K:[m[K’ token
   87 |     class Points_subscriber [01;31m[K:[m[K public rclcpp::Node {
      |                             [01;31m[K^[m[K
[01m[K/home/lisii/Documents/Github-repos/TransferStation/1_Projects/Current/Radar_alliance/radar_remap_cpp/src/points_subscriber.cpp:87:29:[m[K [01;31m[Kerror: [m[Kexpected primary-expression before ‘[01m[K:[m[K’ token
[01m[K/home/lisii/Documents/Github-repos/TransferStation/1_Projects/Current/Radar_alliance/radar_remap_cpp/src/points_subscriber.cpp:121:5:[m[K [01;31m[Kerror: [m[Ka function-definition is not allowed here before ‘[01m[K{[m[K’ token
  121 |     [01;31m[K{[m[K
      |     [01;31m[K^[m[K
[01m[K/home/lisii/Documents/Github-repos/TransferStation/1_Projects/Current/Radar_alliance/radar_remap_cpp/src/points_subscriber.cpp:162:6:[m[K [01;31m[Kerror: [m[Kexpected ‘[01m[K}[m[K’ at end of input
  162 |     }
      |      [01;31m[K^[m[K
[01m[K/home/lisii/Documents/Github-repos/TransferStation/1_Projects/Current/Radar_alliance/radar_remap_cpp/src/points_subscriber.cpp:37:1:[m[K [01;36m[Knote: [m[Kto match this ‘[01m[K{[m[K’
   37 | [01;36m[K{[m[K
      | [01;36m[K^[m[K
gmake[2]: *** [CMakeFiles/points_subscriber.dir/build.make:76：CMakeFiles/points_subscriber.dir/src/points_subscriber.cpp.o] 错误 1
gmake[1]: *** [CMakeFiles/Makefile2:137：CMakeFiles/points_subscriber.dir/all] 错误 2
gmake: *** [Makefile:146：all] 错误 2
