[0.059s] Invoking command in '/home/lisii/Documents/Github-repos/TransferStation/1_Projects/Current/radar_remap_cpp/build/example_topic_rclcpp': CMAKE_PREFIX_PATH=/opt/ros/humble /usr/bin/cmake /home/lisii/Documents/Github-repos/TransferStation/1_Projects/Current/radar_remap_cpp -DCMAKE_INSTALL_PREFIX=/home/lisii/Documents/Github-repos/TransferStation/1_Projects/Current/radar_remap_cpp/install/example_topic_rclcpp
[0.155s] -- The C compiler identification is GNU 11.4.0
[0.234s] -- The CXX compiler identification is GNU 11.4.0
[0.244s] -- Detecting C compiler ABI info
[0.299s] -- Detecting C compiler ABI info - done
[0.306s] -- Check for working C compiler: /usr/bin/cc - skipped
[0.306s] -- Detecting C compile features
[0.307s] -- Detecting C compile features - done
[0.310s] -- Detecting CXX compiler ABI info
[0.370s] -- Detecting CXX compiler ABI info - done
[0.376s] -- Check for working CXX compiler: /usr/bin/c++ - skipped
[0.376s] -- Detecting CXX compile features
[0.377s] -- Detecting CXX compile features - done
[0.382s] -- Found ament_cmake: 1.3.6 (/opt/ros/humble/share/ament_cmake/cmake)
[0.682s] -- Found Python3: /usr/bin/python3.10 (found version "3.10.12") found components: Interpreter 
[0.765s] -- Found rclcpp: 16.0.7 (/opt/ros/humble/share/rclcpp/cmake)
[0.814s] -- Found rosidl_generator_c: 3.1.5 (/opt/ros/humble/share/rosidl_generator_c/cmake)
[0.818s] -- Found rosidl_adapter: 3.1.5 (/opt/ros/humble/share/rosidl_adapter/cmake)
[0.829s] -- Found rosidl_generator_cpp: 3.1.5 (/opt/ros/humble/share/rosidl_generator_cpp/cmake)
[0.845s] -- Using all available rosidl_typesupport_c: rosidl_typesupport_fastrtps_c;rosidl_typesupport_introspection_c
[0.865s] -- Using all available rosidl_typesupport_cpp: rosidl_typesupport_fastrtps_cpp;rosidl_typesupport_introspection_cpp
[0.939s] -- Found rmw_implementation_cmake: 6.1.1 (/opt/ros/humble/share/rmw_implementation_cmake/cmake)
[0.942s] -- Found rmw_fastrtps_cpp: 6.2.5 (/opt/ros/humble/share/rmw_fastrtps_cpp/cmake)
[1.023s] -- Found OpenSSL: /usr/lib/x86_64-linux-gnu/libcrypto.so (found version "3.0.2")  
[1.044s] -- Found FastRTPS: /opt/ros/humble/include  
[1.080s] -- Using RMW implementation 'rmw_fastrtps_cpp' as default
[1.090s] -- Looking for pthread.h
[1.141s] -- Looking for pthread.h - found
[1.141s] -- Performing Test CMAKE_HAVE_LIBC_PTHREAD
[1.193s] -- Performing Test CMAKE_HAVE_LIBC_PTHREAD - Success
[1.194s] -- Found Threads: TRUE  
[1.351s] -- Found ament_lint_auto: 0.12.9 (/opt/ros/humble/share/ament_lint_auto/cmake)
[1.420s] -- Added test 'cppcheck' to perform static code analysis on C / C++ code
[1.420s] -- Configured cppcheck include dirs: 
[1.420s] -- Configured cppcheck exclude dirs and/or files: 
[1.422s] -- Added test 'lint_cmake' to check CMake code style
[1.425s] -- Added test 'uncrustify' to check C / C++ code style
[1.425s] -- Configured uncrustify additional arguments: 
[1.426s] -- Added test 'xmllint' to check XML markup files
[1.428s] -- Configuring done
[1.435s] -- Generating done
[1.437s] -- Build files have been written to: /home/lisii/Documents/Github-repos/TransferStation/1_Projects/Current/radar_remap_cpp/build/example_topic_rclcpp
[1.445s] Invoked command in '/home/lisii/Documents/Github-repos/TransferStation/1_Projects/Current/radar_remap_cpp/build/example_topic_rclcpp' returned '0': CMAKE_PREFIX_PATH=/opt/ros/humble /usr/bin/cmake /home/lisii/Documents/Github-repos/TransferStation/1_Projects/Current/radar_remap_cpp -DCMAKE_INSTALL_PREFIX=/home/lisii/Documents/Github-repos/TransferStation/1_Projects/Current/radar_remap_cpp/install/example_topic_rclcpp
[1.445s] Invoking command in '/home/lisii/Documents/Github-repos/TransferStation/1_Projects/Current/radar_remap_cpp/build/example_topic_rclcpp': CMAKE_PREFIX_PATH=/opt/ros/humble /usr/bin/cmake --build /home/lisii/Documents/Github-repos/TransferStation/1_Projects/Current/radar_remap_cpp/build/example_topic_rclcpp -- -j12 -l12
[1.480s] [ 50%] [32mBuilding CXX object CMakeFiles/points_subscriber.dir/src/points_subscriber.cpp.o[0m
[3.940s] [01m[K/home/lisii/Documents/Github-repos/TransferStation/1_Projects/Current/radar_remap_cpp/src/points_subscriber.cpp:[m[K In member function ‘[01m[Kvoid TopicSubscribe01::command_callback(std_msgs::msg::Float32MultiArray_<std::allocator<void> >::SharedPtr)[m[K’:
[3.940s] [01m[K/home/lisii/Documents/Github-repos/TransferStation/1_Projects/Current/radar_remap_cpp/src/points_subscriber.cpp:26:28:[m[K [01;35m[Kwarning: [m[Kcomparison of integer expressions of different signedness: ‘[01m[Kint[m[K’ and ‘[01m[Kstd::vector<float>::size_type[m[K’ {aka ‘[01m[Klong unsigned int[m[K’} [[01;35m[K]8;;https://gcc.gnu.org/onlinedocs/gcc/Warning-Options.html#index-Wsign-compare-Wsign-compare]8;;[m[K]
[3.941s]    26 |         for (auto i = 0; [01;35m[Ki < msg->data.size() - 1[m[K; i++)
[3.941s]       |                          [01;35m[K~~^~~~~~~~~~~~~~~~~~~~~~[m[K
[8.832s] [100%] [32m[1mLinking CXX executable points_subscriber[0m
[9.681s] [100%] Built target points_subscriber
[9.688s] Invoked command in '/home/lisii/Documents/Github-repos/TransferStation/1_Projects/Current/radar_remap_cpp/build/example_topic_rclcpp' returned '0': CMAKE_PREFIX_PATH=/opt/ros/humble /usr/bin/cmake --build /home/lisii/Documents/Github-repos/TransferStation/1_Projects/Current/radar_remap_cpp/build/example_topic_rclcpp -- -j12 -l12
[9.711s] Invoking command in '/home/lisii/Documents/Github-repos/TransferStation/1_Projects/Current/radar_remap_cpp/build/example_topic_rclcpp': CMAKE_PREFIX_PATH=/opt/ros/humble /usr/bin/cmake --install /home/lisii/Documents/Github-repos/TransferStation/1_Projects/Current/radar_remap_cpp/build/example_topic_rclcpp
[9.716s] -- Install configuration: ""
[9.717s] -- Installing: /home/lisii/Documents/Github-repos/TransferStation/1_Projects/Current/radar_remap_cpp/install/example_topic_rclcpp/share/ament_index/resource_index/package_run_dependencies/example_topic_rclcpp
[9.717s] -- Installing: /home/lisii/Documents/Github-repos/TransferStation/1_Projects/Current/radar_remap_cpp/install/example_topic_rclcpp/share/ament_index/resource_index/parent_prefix_path/example_topic_rclcpp
[9.717s] -- Installing: /home/lisii/Documents/Github-repos/TransferStation/1_Projects/Current/radar_remap_cpp/install/example_topic_rclcpp/share/example_topic_rclcpp/environment/ament_prefix_path.sh
[9.717s] -- Installing: /home/lisii/Documents/Github-repos/TransferStation/1_Projects/Current/radar_remap_cpp/install/example_topic_rclcpp/share/example_topic_rclcpp/environment/ament_prefix_path.dsv
[9.717s] -- Installing: /home/lisii/Documents/Github-repos/TransferStation/1_Projects/Current/radar_remap_cpp/install/example_topic_rclcpp/share/example_topic_rclcpp/environment/path.sh
[9.717s] -- Installing: /home/lisii/Documents/Github-repos/TransferStation/1_Projects/Current/radar_remap_cpp/install/example_topic_rclcpp/share/example_topic_rclcpp/environment/path.dsv
[9.717s] -- Installing: /home/lisii/Documents/Github-repos/TransferStation/1_Projects/Current/radar_remap_cpp/install/example_topic_rclcpp/share/example_topic_rclcpp/local_setup.bash
[9.717s] -- Installing: /home/lisii/Documents/Github-repos/TransferStation/1_Projects/Current/radar_remap_cpp/install/example_topic_rclcpp/share/example_topic_rclcpp/local_setup.sh
[9.717s] -- Installing: /home/lisii/Documents/Github-repos/TransferStation/1_Projects/Current/radar_remap_cpp/install/example_topic_rclcpp/share/example_topic_rclcpp/local_setup.zsh
[9.717s] -- Installing: /home/lisii/Documents/Github-repos/TransferStation/1_Projects/Current/radar_remap_cpp/install/example_topic_rclcpp/share/example_topic_rclcpp/local_setup.dsv
[9.717s] -- Installing: /home/lisii/Documents/Github-repos/TransferStation/1_Projects/Current/radar_remap_cpp/install/example_topic_rclcpp/share/example_topic_rclcpp/package.dsv
[9.718s] -- Installing: /home/lisii/Documents/Github-repos/TransferStation/1_Projects/Current/radar_remap_cpp/install/example_topic_rclcpp/share/ament_index/resource_index/packages/example_topic_rclcpp
[9.718s] -- Installing: /home/lisii/Documents/Github-repos/TransferStation/1_Projects/Current/radar_remap_cpp/install/example_topic_rclcpp/share/example_topic_rclcpp/cmake/example_topic_rclcppConfig.cmake
[9.718s] -- Installing: /home/lisii/Documents/Github-repos/TransferStation/1_Projects/Current/radar_remap_cpp/install/example_topic_rclcpp/share/example_topic_rclcpp/cmake/example_topic_rclcppConfig-version.cmake
[9.718s] -- Installing: /home/lisii/Documents/Github-repos/TransferStation/1_Projects/Current/radar_remap_cpp/install/example_topic_rclcpp/share/example_topic_rclcpp/package.xml
[9.718s] -- Installing: /home/lisii/Documents/Github-repos/TransferStation/1_Projects/Current/radar_remap_cpp/install/example_topic_rclcpp/lib/example_topic_rclcpp/points_subscriber
[9.721s] -- Set runtime path of "/home/lisii/Documents/Github-repos/TransferStation/1_Projects/Current/radar_remap_cpp/install/example_topic_rclcpp/lib/example_topic_rclcpp/points_subscriber" to ""
[9.722s] Invoked command in '/home/lisii/Documents/Github-repos/TransferStation/1_Projects/Current/radar_remap_cpp/build/example_topic_rclcpp' returned '0': CMAKE_PREFIX_PATH=/opt/ros/humble /usr/bin/cmake --install /home/lisii/Documents/Github-repos/TransferStation/1_Projects/Current/radar_remap_cpp/build/example_topic_rclcpp
