[0.731s] Invoking command in '/home/lisii/Documents/Github-repos/TransferStation/1_Projects/Current/radar_yolov5_py': PYTHONPATH=/home/lisii/Documents/Github-repos/TransferStation/1_Projects/Current/radar_yolov5_py/build/radar_yolov5_py/prefix_override:/home/lisii/Documents/Github-repos/TransferStation/1_Projects/Current/radar_yolov5_py/install/radar_yolov5_py/lib/python3.10/site-packages:${PYTHONPATH} /usr/bin/python3 setup.py egg_info --egg-base build/radar_yolov5_py build --build-base /home/lisii/Documents/Github-repos/TransferStation/1_Projects/Current/radar_yolov5_py/build/radar_yolov5_py/build install --record /home/lisii/Documents/Github-repos/TransferStation/1_Projects/Current/radar_yolov5_py/build/radar_yolov5_py/install.log --single-version-externally-managed
[0.911s] running egg_info
[0.924s] writing build/radar_yolov5_py/radar_yolov5_py.egg-info/PKG-INFO
[0.924s] writing dependency_links to build/radar_yolov5_py/radar_yolov5_py.egg-info/dependency_links.txt
[0.924s] writing entry points to build/radar_yolov5_py/radar_yolov5_py.egg-info/entry_points.txt
[0.925s] writing requirements to build/radar_yolov5_py/radar_yolov5_py.egg-info/requires.txt
[0.925s] writing top-level names to build/radar_yolov5_py/radar_yolov5_py.egg-info/top_level.txt
[0.953s] reading manifest file 'build/radar_yolov5_py/radar_yolov5_py.egg-info/SOURCES.txt'
[0.954s] writing manifest file 'build/radar_yolov5_py/radar_yolov5_py.egg-info/SOURCES.txt'
[0.954s] running build
[0.954s] running build_py
[0.954s] copying radar_yolov5_py/points_publisher.py -> /home/lisii/Documents/Github-repos/TransferStation/1_Projects/Current/radar_yolov5_py/build/radar_yolov5_py/build/lib/radar_yolov5_py
[0.954s] copying radar_yolov5_py/__init__.py -> /home/lisii/Documents/Github-repos/TransferStation/1_Projects/Current/radar_yolov5_py/build/radar_yolov5_py/build/lib/radar_yolov5_py
[0.957s] running install
[0.957s] /home/lisii/.local/lib/python3.10/site-packages/setuptools/_distutils/cmd.py:66: SetuptoolsDeprecationWarning: setup.py install is deprecated.
[0.957s] !!
[0.957s] 
[0.957s]         ********************************************************************************
[0.957s]         Please avoid running ``setup.py`` directly.
[0.957s]         Instead, use pypa/build, pypa/installer or other
[0.958s]         standards-based tools.
[0.958s] 
[0.958s]         See https://blog.ganssle.io/articles/2021/10/setup-py-deprecated.html for details.
[0.958s]         ********************************************************************************
[0.958s] 
[0.958s] !!
[0.958s]   self.initialize_options()
[0.962s] running install_lib
[0.975s] copying /home/lisii/Documents/Github-repos/TransferStation/1_Projects/Current/radar_yolov5_py/build/radar_yolov5_py/build/lib/radar_yolov5_py/points_publisher.py -> /home/lisii/Documents/Github-repos/TransferStation/1_Projects/Current/radar_yolov5_py/install/radar_yolov5_py/lib/python3.10/site-packages/radar_yolov5_py
[0.978s] byte-compiling /home/lisii/Documents/Github-repos/TransferStation/1_Projects/Current/radar_yolov5_py/install/radar_yolov5_py/lib/python3.10/site-packages/radar_yolov5_py/points_publisher.py to points_publisher.cpython-310.pyc
[0.980s] running install_data
[0.994s] copying resource/radar_yolov5_py -> /home/lisii/Documents/Github-repos/TransferStation/1_Projects/Current/radar_yolov5_py/install/radar_yolov5_py/share/ament_index/resource_index/packages
[0.994s] copying package.xml -> /home/lisii/Documents/Github-repos/TransferStation/1_Projects/Current/radar_yolov5_py/install/radar_yolov5_py/share/radar_yolov5_py
[0.994s] running install_egg_info
[1.008s] removing '/home/lisii/Documents/Github-repos/TransferStation/1_Projects/Current/radar_yolov5_py/install/radar_yolov5_py/lib/python3.10/site-packages/radar_yolov5_py-0.0.0-py3.10.egg-info' (and everything under it)
[1.008s] Copying build/radar_yolov5_py/radar_yolov5_py.egg-info to /home/lisii/Documents/Github-repos/TransferStation/1_Projects/Current/radar_yolov5_py/install/radar_yolov5_py/lib/python3.10/site-packages/radar_yolov5_py-0.0.0-py3.10.egg-info
[1.009s] running install_scripts
[1.130s] Installing points_publisher script to /home/lisii/Documents/Github-repos/TransferStation/1_Projects/Current/radar_yolov5_py/install/radar_yolov5_py/lib/radar_yolov5_py
[1.131s] writing list of installed files to '/home/lisii/Documents/Github-repos/TransferStation/1_Projects/Current/radar_yolov5_py/build/radar_yolov5_py/install.log'
[1.150s] Invoked command in '/home/lisii/Documents/Github-repos/TransferStation/1_Projects/Current/radar_yolov5_py' returned '0': PYTHONPATH=/home/lisii/Documents/Github-repos/TransferStation/1_Projects/Current/radar_yolov5_py/build/radar_yolov5_py/prefix_override:/home/lisii/Documents/Github-repos/TransferStation/1_Projects/Current/radar_yolov5_py/install/radar_yolov5_py/lib/python3.10/site-packages:${PYTHONPATH} /usr/bin/python3 setup.py egg_info --egg-base build/radar_yolov5_py build --build-base /home/lisii/Documents/Github-repos/TransferStation/1_Projects/Current/radar_yolov5_py/build/radar_yolov5_py/build install --record /home/lisii/Documents/Github-repos/TransferStation/1_Projects/Current/radar_yolov5_py/build/radar_yolov5_py/install.log --single-version-externally-managed
