running egg_info
writing build/radar_yolov5_py/radar_yolov5_py.egg-info/PKG-INFO
writing dependency_links to build/radar_yolov5_py/radar_yolov5_py.egg-info/dependency_links.txt
writing entry points to build/radar_yolov5_py/radar_yolov5_py.egg-info/entry_points.txt
writing requirements to build/radar_yolov5_py/radar_yolov5_py.egg-info/requires.txt
writing top-level names to build/radar_yolov5_py/radar_yolov5_py.egg-info/top_level.txt
reading manifest file 'build/radar_yolov5_py/radar_yolov5_py.egg-info/SOURCES.txt'
writing manifest file 'build/radar_yolov5_py/radar_yolov5_py.egg-info/SOURCES.txt'
running build
running build_py
copying radar_yolov5_py/points_publisher.py -> /home/lisii/Documents/Github-repos/TransferStation/1_Projects/Current/radar_yolov5_py/build/radar_yolov5_py/build/lib/radar_yolov5_py
copying radar_yolov5_py/__init__.py -> /home/lisii/Documents/Github-repos/TransferStation/1_Projects/Current/radar_yolov5_py/build/radar_yolov5_py/build/lib/radar_yolov5_py
creating /home/lisii/Documents/Github-repos/TransferStation/1_Projects/Current/radar_yolov5_py/build/radar_yolov5_py/build/lib/radar_yolov5_py/yolov5
copying radar_yolov5_py/yolov5/val.py -> /home/lisii/Documents/Github-repos/TransferStation/1_Projects/Current/radar_yolov5_py/build/radar_yolov5_py/build/lib/radar_yolov5_py/yolov5
copying radar_yolov5_py/yolov5/hubconf.py -> /home/lisii/Documents/Github-repos/TransferStation/1_Projects/Current/radar_yolov5_py/build/radar_yolov5_py/build/lib/radar_yolov5_py/yolov5
copying radar_yolov5_py/yolov5/__init__.py -> /home/lisii/Documents/Github-repos/TransferStation/1_Projects/Current/radar_yolov5_py/build/radar_yolov5_py/build/lib/radar_yolov5_py/yolov5
copying radar_yolov5_py/yolov5/detect.py -> /home/lisii/Documents/Github-repos/TransferStation/1_Projects/Current/radar_yolov5_py/build/radar_yolov5_py/build/lib/radar_yolov5_py/yolov5
copying radar_yolov5_py/yolov5/export.py -> /home/lisii/Documents/Github-repos/TransferStation/1_Projects/Current/radar_yolov5_py/build/radar_yolov5_py/build/lib/radar_yolov5_py/yolov5
copying radar_yolov5_py/yolov5/benchmarks.py -> /home/lisii/Documents/Github-repos/TransferStation/1_Projects/Current/radar_yolov5_py/build/radar_yolov5_py/build/lib/radar_yolov5_py/yolov5
copying radar_yolov5_py/yolov5/train.py -> /home/lisii/Documents/Github-repos/TransferStation/1_Projects/Current/radar_yolov5_py/build/radar_yolov5_py/build/lib/radar_yolov5_py/yolov5
creating /home/lisii/Documents/Github-repos/TransferStation/1_Projects/Current/radar_yolov5_py/build/radar_yolov5_py/build/lib/radar_yolov5_py/yolov5/models
copying radar_yolov5_py/yolov5/models/experimental.py -> /home/lisii/Documents/Github-repos/TransferStation/1_Projects/Current/radar_yolov5_py/build/radar_yolov5_py/build/lib/radar_yolov5_py/yolov5/models
copying radar_yolov5_py/yolov5/models/common.py -> /home/lisii/Documents/Github-repos/TransferStation/1_Projects/Current/radar_yolov5_py/build/radar_yolov5_py/build/lib/radar_yolov5_py/yolov5/models
copying radar_yolov5_py/yolov5/models/__init__.py -> /home/lisii/Documents/Github-repos/TransferStation/1_Projects/Current/radar_yolov5_py/build/radar_yolov5_py/build/lib/radar_yolov5_py/yolov5/models
copying radar_yolov5_py/yolov5/models/tf.py -> /home/lisii/Documents/Github-repos/TransferStation/1_Projects/Current/radar_yolov5_py/build/radar_yolov5_py/build/lib/radar_yolov5_py/yolov5/models
copying radar_yolov5_py/yolov5/models/yolo.py -> /home/lisii/Documents/Github-repos/TransferStation/1_Projects/Current/radar_yolov5_py/build/radar_yolov5_py/build/lib/radar_yolov5_py/yolov5/models
creating /home/lisii/Documents/Github-repos/TransferStation/1_Projects/Current/radar_yolov5_py/build/radar_yolov5_py/build/lib/radar_yolov5_py/yolov5/utils
copying radar_yolov5_py/yolov5/utils/activations.py -> /home/lisii/Documents/Github-repos/TransferStation/1_Projects/Current/radar_yolov5_py/build/radar_yolov5_py/build/lib/radar_yolov5_py/yolov5/utils
copying radar_yolov5_py/yolov5/utils/dataloaders.py -> /home/lisii/Documents/Github-repos/TransferStation/1_Projects/Current/radar_yolov5_py/build/radar_yolov5_py/build/lib/radar_yolov5_py/yolov5/utils
copying radar_yolov5_py/yolov5/utils/general.py -> /home/lisii/Documents/Github-repos/TransferStation/1_Projects/Current/radar_yolov5_py/build/radar_yolov5_py/build/lib/radar_yolov5_py/yolov5/utils
copying radar_yolov5_py/yolov5/utils/metrics.py -> /home/lisii/Documents/Github-repos/TransferStation/1_Projects/Current/radar_yolov5_py/build/radar_yolov5_py/build/lib/radar_yolov5_py/yolov5/utils
copying radar_yolov5_py/yolov5/utils/plots.py -> /home/lisii/Documents/Github-repos/TransferStation/1_Projects/Current/radar_yolov5_py/build/radar_yolov5_py/build/lib/radar_yolov5_py/yolov5/utils
copying radar_yolov5_py/yolov5/utils/__init__.py -> /home/lisii/Documents/Github-repos/TransferStation/1_Projects/Current/radar_yolov5_py/build/radar_yolov5_py/build/lib/radar_yolov5_py/yolov5/utils
copying radar_yolov5_py/yolov5/utils/augmentations.py -> /home/lisii/Documents/Github-repos/TransferStation/1_Projects/Current/radar_yolov5_py/build/radar_yolov5_py/build/lib/radar_yolov5_py/yolov5/utils
copying radar_yolov5_py/yolov5/utils/autoanchor.py -> /home/lisii/Documents/Github-repos/TransferStation/1_Projects/Current/radar_yolov5_py/build/radar_yolov5_py/build/lib/radar_yolov5_py/yolov5/utils
copying radar_yolov5_py/yolov5/utils/callbacks.py -> /home/lisii/Documents/Github-repos/TransferStation/1_Projects/Current/radar_yolov5_py/build/radar_yolov5_py/build/lib/radar_yolov5_py/yolov5/utils
copying radar_yolov5_py/yolov5/utils/downloads.py -> /home/lisii/Documents/Github-repos/TransferStation/1_Projects/Current/radar_yolov5_py/build/radar_yolov5_py/build/lib/radar_yolov5_py/yolov5/utils
copying radar_yolov5_py/yolov5/utils/torch_utils.py -> /home/lisii/Documents/Github-repos/TransferStation/1_Projects/Current/radar_yolov5_py/build/radar_yolov5_py/build/lib/radar_yolov5_py/yolov5/utils
copying radar_yolov5_py/yolov5/utils/triton.py -> /home/lisii/Documents/Github-repos/TransferStation/1_Projects/Current/radar_yolov5_py/build/radar_yolov5_py/build/lib/radar_yolov5_py/yolov5/utils
copying radar_yolov5_py/yolov5/utils/loss.py -> /home/lisii/Documents/Github-repos/TransferStation/1_Projects/Current/radar_yolov5_py/build/radar_yolov5_py/build/lib/radar_yolov5_py/yolov5/utils
copying radar_yolov5_py/yolov5/utils/autobatch.py -> /home/lisii/Documents/Github-repos/TransferStation/1_Projects/Current/radar_yolov5_py/build/radar_yolov5_py/build/lib/radar_yolov5_py/yolov5/utils
creating /home/lisii/Documents/Github-repos/TransferStation/1_Projects/Current/radar_yolov5_py/build/radar_yolov5_py/build/lib/radar_yolov5_py/yolov5/utils/aws
copying radar_yolov5_py/yolov5/utils/aws/resume.py -> /home/lisii/Documents/Github-repos/TransferStation/1_Projects/Current/radar_yolov5_py/build/radar_yolov5_py/build/lib/radar_yolov5_py/yolov5/utils/aws
copying radar_yolov5_py/yolov5/utils/aws/__init__.py -> /home/lisii/Documents/Github-repos/TransferStation/1_Projects/Current/radar_yolov5_py/build/radar_yolov5_py/build/lib/radar_yolov5_py/yolov5/utils/aws
creating /home/lisii/Documents/Github-repos/TransferStation/1_Projects/Current/radar_yolov5_py/build/radar_yolov5_py/build/lib/radar_yolov5_py/yolov5/utils/loggers
copying radar_yolov5_py/yolov5/utils/loggers/__init__.py -> /home/lisii/Documents/Github-repos/TransferStation/1_Projects/Current/radar_yolov5_py/build/radar_yolov5_py/build/lib/radar_yolov5_py/yolov5/utils/loggers
creating /home/lisii/Documents/Github-repos/TransferStation/1_Projects/Current/radar_yolov5_py/build/radar_yolov5_py/build/lib/radar_yolov5_py/yolov5/utils/segment
copying radar_yolov5_py/yolov5/utils/segment/dataloaders.py -> /home/lisii/Documents/Github-repos/TransferStation/1_Projects/Current/radar_yolov5_py/build/radar_yolov5_py/build/lib/radar_yolov5_py/yolov5/utils/segment
copying radar_yolov5_py/yolov5/utils/segment/general.py -> /home/lisii/Documents/Github-repos/TransferStation/1_Projects/Current/radar_yolov5_py/build/radar_yolov5_py/build/lib/radar_yolov5_py/yolov5/utils/segment
copying radar_yolov5_py/yolov5/utils/segment/metrics.py -> /home/lisii/Documents/Github-repos/TransferStation/1_Projects/Current/radar_yolov5_py/build/radar_yolov5_py/build/lib/radar_yolov5_py/yolov5/utils/segment
copying radar_yolov5_py/yolov5/utils/segment/plots.py -> /home/lisii/Documents/Github-repos/TransferStation/1_Projects/Current/radar_yolov5_py/build/radar_yolov5_py/build/lib/radar_yolov5_py/yolov5/utils/segment
copying radar_yolov5_py/yolov5/utils/segment/__init__.py -> /home/lisii/Documents/Github-repos/TransferStation/1_Projects/Current/radar_yolov5_py/build/radar_yolov5_py/build/lib/radar_yolov5_py/yolov5/utils/segment
copying radar_yolov5_py/yolov5/utils/segment/augmentations.py -> /home/lisii/Documents/Github-repos/TransferStation/1_Projects/Current/radar_yolov5_py/build/radar_yolov5_py/build/lib/radar_yolov5_py/yolov5/utils/segment
copying radar_yolov5_py/yolov5/utils/segment/loss.py -> /home/lisii/Documents/Github-repos/TransferStation/1_Projects/Current/radar_yolov5_py/build/radar_yolov5_py/build/lib/radar_yolov5_py/yolov5/utils/segment
creating /home/lisii/Documents/Github-repos/TransferStation/1_Projects/Current/radar_yolov5_py/build/radar_yolov5_py/build/lib/radar_yolov5_py/yolov5/utils/loggers/wandb
copying radar_yolov5_py/yolov5/utils/loggers/wandb/wandb_utils.py -> /home/lisii/Documents/Github-repos/TransferStation/1_Projects/Current/radar_yolov5_py/build/radar_yolov5_py/build/lib/radar_yolov5_py/yolov5/utils/loggers/wandb
copying radar_yolov5_py/yolov5/utils/loggers/wandb/__init__.py -> /home/lisii/Documents/Github-repos/TransferStation/1_Projects/Current/radar_yolov5_py/build/radar_yolov5_py/build/lib/radar_yolov5_py/yolov5/utils/loggers/wandb
creating /home/lisii/Documents/Github-repos/TransferStation/1_Projects/Current/radar_yolov5_py/build/radar_yolov5_py/build/lib/radar_yolov5_py/yolov5/utils/loggers/comet
copying radar_yolov5_py/yolov5/utils/loggers/comet/comet_utils.py -> /home/lisii/Documents/Github-repos/TransferStation/1_Projects/Current/radar_yolov5_py/build/radar_yolov5_py/build/lib/radar_yolov5_py/yolov5/utils/loggers/comet
copying radar_yolov5_py/yolov5/utils/loggers/comet/hpo.py -> /home/lisii/Documents/Github-repos/TransferStation/1_Projects/Current/radar_yolov5_py/build/radar_yolov5_py/build/lib/radar_yolov5_py/yolov5/utils/loggers/comet
copying radar_yolov5_py/yolov5/utils/loggers/comet/__init__.py -> /home/lisii/Documents/Github-repos/TransferStation/1_Projects/Current/radar_yolov5_py/build/radar_yolov5_py/build/lib/radar_yolov5_py/yolov5/utils/loggers/comet
creating /home/lisii/Documents/Github-repos/TransferStation/1_Projects/Current/radar_yolov5_py/build/radar_yolov5_py/build/lib/radar_yolov5_py/yolov5/utils/loggers/clearml
copying radar_yolov5_py/yolov5/utils/loggers/clearml/hpo.py -> /home/lisii/Documents/Github-repos/TransferStation/1_Projects/Current/radar_yolov5_py/build/radar_yolov5_py/build/lib/radar_yolov5_py/yolov5/utils/loggers/clearml
copying radar_yolov5_py/yolov5/utils/loggers/clearml/clearml_utils.py -> /home/lisii/Documents/Github-repos/TransferStation/1_Projects/Current/radar_yolov5_py/build/radar_yolov5_py/build/lib/radar_yolov5_py/yolov5/utils/loggers/clearml
copying radar_yolov5_py/yolov5/utils/loggers/clearml/__init__.py -> /home/lisii/Documents/Github-repos/TransferStation/1_Projects/Current/radar_yolov5_py/build/radar_yolov5_py/build/lib/radar_yolov5_py/yolov5/utils/loggers/clearml
running install
running install_lib
copying /home/lisii/Documents/Github-repos/TransferStation/1_Projects/Current/radar_yolov5_py/build/radar_yolov5_py/build/lib/radar_yolov5_py/points_publisher.py -> /home/lisii/Documents/Github-repos/TransferStation/1_Projects/Current/radar_yolov5_py/install/radar_yolov5_py/lib/python3.10/site-packages/radar_yolov5_py
creating /home/lisii/Documents/Github-repos/TransferStation/1_Projects/Current/radar_yolov5_py/install/radar_yolov5_py/lib/python3.10/site-packages/radar_yolov5_py/yolov5
copying /home/lisii/Documents/Github-repos/TransferStation/1_Projects/Current/radar_yolov5_py/build/radar_yolov5_py/build/lib/radar_yolov5_py/yolov5/val.py -> /home/lisii/Documents/Github-repos/TransferStation/1_Projects/Current/radar_yolov5_py/install/radar_yolov5_py/lib/python3.10/site-packages/radar_yolov5_py/yolov5
copying /home/lisii/Documents/Github-repos/TransferStation/1_Projects/Current/radar_yolov5_py/build/radar_yolov5_py/build/lib/radar_yolov5_py/yolov5/hubconf.py -> /home/lisii/Documents/Github-repos/TransferStation/1_Projects/Current/radar_yolov5_py/install/radar_yolov5_py/lib/python3.10/site-packages/radar_yolov5_py/yolov5
copying /home/lisii/Documents/Github-repos/TransferStation/1_Projects/Current/radar_yolov5_py/build/radar_yolov5_py/build/lib/radar_yolov5_py/yolov5/__init__.py -> /home/lisii/Documents/Github-repos/TransferStation/1_Projects/Current/radar_yolov5_py/install/radar_yolov5_py/lib/python3.10/site-packages/radar_yolov5_py/yolov5
creating /home/lisii/Documents/Github-repos/TransferStation/1_Projects/Current/radar_yolov5_py/install/radar_yolov5_py/lib/python3.10/site-packages/radar_yolov5_py/yolov5/models
copying /home/lisii/Documents/Github-repos/TransferStation/1_Projects/Current/radar_yolov5_py/build/radar_yolov5_py/build/lib/radar_yolov5_py/yolov5/models/experimental.py -> /home/lisii/Documents/Github-repos/TransferStation/1_Projects/Current/radar_yolov5_py/install/radar_yolov5_py/lib/python3.10/site-packages/radar_yolov5_py/yolov5/models
copying /home/lisii/Documents/Github-repos/TransferStation/1_Projects/Current/radar_yolov5_py/build/radar_yolov5_py/build/lib/radar_yolov5_py/yolov5/models/common.py -> /home/lisii/Documents/Github-repos/TransferStation/1_Projects/Current/radar_yolov5_py/install/radar_yolov5_py/lib/python3.10/site-packages/radar_yolov5_py/yolov5/models
copying /home/lisii/Documents/Github-repos/TransferStation/1_Projects/Current/radar_yolov5_py/build/radar_yolov5_py/build/lib/radar_yolov5_py/yolov5/models/__init__.py -> /home/lisii/Documents/Github-repos/TransferStation/1_Projects/Current/radar_yolov5_py/install/radar_yolov5_py/lib/python3.10/site-packages/radar_yolov5_py/yolov5/models
copying /home/lisii/Documents/Github-repos/TransferStation/1_Projects/Current/radar_yolov5_py/build/radar_yolov5_py/build/lib/radar_yolov5_py/yolov5/models/tf.py -> /home/lisii/Documents/Github-repos/TransferStation/1_Projects/Current/radar_yolov5_py/install/radar_yolov5_py/lib/python3.10/site-packages/radar_yolov5_py/yolov5/models
copying /home/lisii/Documents/Github-repos/TransferStation/1_Projects/Current/radar_yolov5_py/build/radar_yolov5_py/build/lib/radar_yolov5_py/yolov5/models/yolo.py -> /home/lisii/Documents/Github-repos/TransferStation/1_Projects/Current/radar_yolov5_py/install/radar_yolov5_py/lib/python3.10/site-packages/radar_yolov5_py/yolov5/models
copying /home/lisii/Documents/Github-repos/TransferStation/1_Projects/Current/radar_yolov5_py/build/radar_yolov5_py/build/lib/radar_yolov5_py/yolov5/detect.py -> /home/lisii/Documents/Github-repos/TransferStation/1_Projects/Current/radar_yolov5_py/install/radar_yolov5_py/lib/python3.10/site-packages/radar_yolov5_py/yolov5
copying /home/lisii/Documents/Github-repos/TransferStation/1_Projects/Current/radar_yolov5_py/build/radar_yolov5_py/build/lib/radar_yolov5_py/yolov5/export.py -> /home/lisii/Documents/Github-repos/TransferStation/1_Projects/Current/radar_yolov5_py/install/radar_yolov5_py/lib/python3.10/site-packages/radar_yolov5_py/yolov5
creating /home/lisii/Documents/Github-repos/TransferStation/1_Projects/Current/radar_yolov5_py/install/radar_yolov5_py/lib/python3.10/site-packages/radar_yolov5_py/yolov5/utils
copying /home/lisii/Documents/Github-repos/TransferStation/1_Projects/Current/radar_yolov5_py/build/radar_yolov5_py/build/lib/radar_yolov5_py/yolov5/utils/activations.py -> /home/lisii/Documents/Github-repos/TransferStation/1_Projects/Current/radar_yolov5_py/install/radar_yolov5_py/lib/python3.10/site-packages/radar_yolov5_py/yolov5/utils
copying /home/lisii/Documents/Github-repos/TransferStation/1_Projects/Current/radar_yolov5_py/build/radar_yolov5_py/build/lib/radar_yolov5_py/yolov5/utils/dataloaders.py -> /home/lisii/Documents/Github-repos/TransferStation/1_Projects/Current/radar_yolov5_py/install/radar_yolov5_py/lib/python3.10/site-packages/radar_yolov5_py/yolov5/utils
copying /home/lisii/Documents/Github-repos/TransferStation/1_Projects/Current/radar_yolov5_py/build/radar_yolov5_py/build/lib/radar_yolov5_py/yolov5/utils/general.py -> /home/lisii/Documents/Github-repos/TransferStation/1_Projects/Current/radar_yolov5_py/install/radar_yolov5_py/lib/python3.10/site-packages/radar_yolov5_py/yolov5/utils
copying /home/lisii/Documents/Github-repos/TransferStation/1_Projects/Current/radar_yolov5_py/build/radar_yolov5_py/build/lib/radar_yolov5_py/yolov5/utils/metrics.py -> /home/lisii/Documents/Github-repos/TransferStation/1_Projects/Current/radar_yolov5_py/install/radar_yolov5_py/lib/python3.10/site-packages/radar_yolov5_py/yolov5/utils
creating /home/lisii/Documents/Github-repos/TransferStation/1_Projects/Current/radar_yolov5_py/install/radar_yolov5_py/lib/python3.10/site-packages/radar_yolov5_py/yolov5/utils/aws
copying /home/lisii/Documents/Github-repos/TransferStation/1_Projects/Current/radar_yolov5_py/build/radar_yolov5_py/build/lib/radar_yolov5_py/yolov5/utils/aws/resume.py -> /home/lisii/Documents/Github-repos/TransferStation/1_Projects/Current/radar_yolov5_py/install/radar_yolov5_py/lib/python3.10/site-packages/radar_yolov5_py/yolov5/utils/aws
copying /home/lisii/Documents/Github-repos/TransferStation/1_Projects/Current/radar_yolov5_py/build/radar_yolov5_py/build/lib/radar_yolov5_py/yolov5/utils/aws/__init__.py -> /home/lisii/Documents/Github-repos/TransferStation/1_Projects/Current/radar_yolov5_py/install/radar_yolov5_py/lib/python3.10/site-packages/radar_yolov5_py/yolov5/utils/aws
creating /home/lisii/Documents/Github-repos/TransferStation/1_Projects/Current/radar_yolov5_py/install/radar_yolov5_py/lib/python3.10/site-packages/radar_yolov5_py/yolov5/utils/loggers
creating /home/lisii/Documents/Github-repos/TransferStation/1_Projects/Current/radar_yolov5_py/install/radar_yolov5_py/lib/python3.10/site-packages/radar_yolov5_py/yolov5/utils/loggers/wandb
copying /home/lisii/Documents/Github-repos/TransferStation/1_Projects/Current/radar_yolov5_py/build/radar_yolov5_py/build/lib/radar_yolov5_py/yolov5/utils/loggers/wandb/wandb_utils.py -> /home/lisii/Documents/Github-repos/TransferStation/1_Projects/Current/radar_yolov5_py/install/radar_yolov5_py/lib/python3.10/site-packages/radar_yolov5_py/yolov5/utils/loggers/wandb
copying /home/lisii/Documents/Github-repos/TransferStation/1_Projects/Current/radar_yolov5_py/build/radar_yolov5_py/build/lib/radar_yolov5_py/yolov5/utils/loggers/wandb/__init__.py -> /home/lisii/Documents/Github-repos/TransferStation/1_Projects/Current/radar_yolov5_py/install/radar_yolov5_py/lib/python3.10/site-packages/radar_yolov5_py/yolov5/utils/loggers/wandb
copying /home/lisii/Documents/Github-repos/TransferStation/1_Projects/Current/radar_yolov5_py/build/radar_yolov5_py/build/lib/radar_yolov5_py/yolov5/utils/loggers/__init__.py -> /home/lisii/Documents/Github-repos/TransferStation/1_Projects/Current/radar_yolov5_py/install/radar_yolov5_py/lib/python3.10/site-packages/radar_yolov5_py/yolov5/utils/loggers
creating /home/lisii/Documents/Github-repos/TransferStation/1_Projects/Current/radar_yolov5_py/install/radar_yolov5_py/lib/python3.10/site-packages/radar_yolov5_py/yolov5/utils/loggers/comet
copying /home/lisii/Documents/Github-repos/TransferStation/1_Projects/Current/radar_yolov5_py/build/radar_yolov5_py/build/lib/radar_yolov5_py/yolov5/utils/loggers/comet/comet_utils.py -> /home/lisii/Documents/Github-repos/TransferStation/1_Projects/Current/radar_yolov5_py/install/radar_yolov5_py/lib/python3.10/site-packages/radar_yolov5_py/yolov5/utils/loggers/comet
copying /home/lisii/Documents/Github-repos/TransferStation/1_Projects/Current/radar_yolov5_py/build/radar_yolov5_py/build/lib/radar_yolov5_py/yolov5/utils/loggers/comet/hpo.py -> /home/lisii/Documents/Github-repos/TransferStation/1_Projects/Current/radar_yolov5_py/install/radar_yolov5_py/lib/python3.10/site-packages/radar_yolov5_py/yolov5/utils/loggers/comet
copying /home/lisii/Documents/Github-repos/TransferStation/1_Projects/Current/radar_yolov5_py/build/radar_yolov5_py/build/lib/radar_yolov5_py/yolov5/utils/loggers/comet/__init__.py -> /home/lisii/Documents/Github-repos/TransferStation/1_Projects/Current/radar_yolov5_py/install/radar_yolov5_py/lib/python3.10/site-packages/radar_yolov5_py/yolov5/utils/loggers/comet
creating /home/lisii/Documents/Github-repos/TransferStation/1_Projects/Current/radar_yolov5_py/install/radar_yolov5_py/lib/python3.10/site-packages/radar_yolov5_py/yolov5/utils/loggers/clearml
copying /home/lisii/Documents/Github-repos/TransferStation/1_Projects/Current/radar_yolov5_py/build/radar_yolov5_py/build/lib/radar_yolov5_py/yolov5/utils/loggers/clearml/hpo.py -> /home/lisii/Documents/Github-repos/TransferStation/1_Projects/Current/radar_yolov5_py/install/radar_yolov5_py/lib/python3.10/site-packages/radar_yolov5_py/yolov5/utils/loggers/clearml
copying /home/lisii/Documents/Github-repos/TransferStation/1_Projects/Current/radar_yolov5_py/build/radar_yolov5_py/build/lib/radar_yolov5_py/yolov5/utils/loggers/clearml/clearml_utils.py -> /home/lisii/Documents/Github-repos/TransferStation/1_Projects/Current/radar_yolov5_py/install/radar_yolov5_py/lib/python3.10/site-packages/radar_yolov5_py/yolov5/utils/loggers/clearml
copying /home/lisii/Documents/Github-repos/TransferStation/1_Projects/Current/radar_yolov5_py/build/radar_yolov5_py/build/lib/radar_yolov5_py/yolov5/utils/loggers/clearml/__init__.py -> /home/lisii/Documents/Github-repos/TransferStation/1_Projects/Current/radar_yolov5_py/install/radar_yolov5_py/lib/python3.10/site-packages/radar_yolov5_py/yolov5/utils/loggers/clearml
copying /home/lisii/Documents/Github-repos/TransferStation/1_Projects/Current/radar_yolov5_py/build/radar_yolov5_py/build/lib/radar_yolov5_py/yolov5/utils/plots.py -> /home/lisii/Documents/Github-repos/TransferStation/1_Projects/Current/radar_yolov5_py/install/radar_yolov5_py/lib/python3.10/site-packages/radar_yolov5_py/yolov5/utils
copying /home/lisii/Documents/Github-repos/TransferStation/1_Projects/Current/radar_yolov5_py/build/radar_yolov5_py/build/lib/radar_yolov5_py/yolov5/utils/__init__.py -> /home/lisii/Documents/Github-repos/TransferStation/1_Projects/Current/radar_yolov5_py/install/radar_yolov5_py/lib/python3.10/site-packages/radar_yolov5_py/yolov5/utils
copying /home/lisii/Documents/Github-repos/TransferStation/1_Projects/Current/radar_yolov5_py/build/radar_yolov5_py/build/lib/radar_yolov5_py/yolov5/utils/augmentations.py -> /home/lisii/Documents/Github-repos/TransferStation/1_Projects/Current/radar_yolov5_py/install/radar_yolov5_py/lib/python3.10/site-packages/radar_yolov5_py/yolov5/utils
copying /home/lisii/Documents/Github-repos/TransferStation/1_Projects/Current/radar_yolov5_py/build/radar_yolov5_py/build/lib/radar_yolov5_py/yolov5/utils/autoanchor.py -> /home/lisii/Documents/Github-repos/TransferStation/1_Projects/Current/radar_yolov5_py/install/radar_yolov5_py/lib/python3.10/site-packages/radar_yolov5_py/yolov5/utils
copying /home/lisii/Documents/Github-repos/TransferStation/1_Projects/Current/radar_yolov5_py/build/radar_yolov5_py/build/lib/radar_yolov5_py/yolov5/utils/callbacks.py -> /home/lisii/Documents/Github-repos/TransferStation/1_Projects/Current/radar_yolov5_py/install/radar_yolov5_py/lib/python3.10/site-packages/radar_yolov5_py/yolov5/utils
creating /home/lisii/Documents/Github-repos/TransferStation/1_Projects/Current/radar_yolov5_py/install/radar_yolov5_py/lib/python3.10/site-packages/radar_yolov5_py/yolov5/utils/segment
copying /home/lisii/Documents/Github-repos/TransferStation/1_Projects/Current/radar_yolov5_py/build/radar_yolov5_py/build/lib/radar_yolov5_py/yolov5/utils/segment/dataloaders.py -> /home/lisii/Documents/Github-repos/TransferStation/1_Projects/Current/radar_yolov5_py/install/radar_yolov5_py/lib/python3.10/site-packages/radar_yolov5_py/yolov5/utils/segment
copying /home/lisii/Documents/Github-repos/TransferStation/1_Projects/Current/radar_yolov5_py/build/radar_yolov5_py/build/lib/radar_yolov5_py/yolov5/utils/segment/general.py -> /home/lisii/Documents/Github-repos/TransferStation/1_Projects/Current/radar_yolov5_py/install/radar_yolov5_py/lib/python3.10/site-packages/radar_yolov5_py/yolov5/utils/segment
copying /home/lisii/Documents/Github-repos/TransferStation/1_Projects/Current/radar_yolov5_py/build/radar_yolov5_py/build/lib/radar_yolov5_py/yolov5/utils/segment/metrics.py -> /home/lisii/Documents/Github-repos/TransferStation/1_Projects/Current/radar_yolov5_py/install/radar_yolov5_py/lib/python3.10/site-packages/radar_yolov5_py/yolov5/utils/segment
copying /home/lisii/Documents/Github-repos/TransferStation/1_Projects/Current/radar_yolov5_py/build/radar_yolov5_py/build/lib/radar_yolov5_py/yolov5/utils/segment/plots.py -> /home/lisii/Documents/Github-repos/TransferStation/1_Projects/Current/radar_yolov5_py/install/radar_yolov5_py/lib/python3.10/site-packages/radar_yolov5_py/yolov5/utils/segment
copying /home/lisii/Documents/Github-repos/TransferStation/1_Projects/Current/radar_yolov5_py/build/radar_yolov5_py/build/lib/radar_yolov5_py/yolov5/utils/segment/__init__.py -> /home/lisii/Documents/Github-repos/TransferStation/1_Projects/Current/radar_yolov5_py/install/radar_yolov5_py/lib/python3.10/site-packages/radar_yolov5_py/yolov5/utils/segment
copying /home/lisii/Documents/Github-repos/TransferStation/1_Projects/Current/radar_yolov5_py/build/radar_yolov5_py/build/lib/radar_yolov5_py/yolov5/utils/segment/augmentations.py -> /home/lisii/Documents/Github-repos/TransferStation/1_Projects/Current/radar_yolov5_py/install/radar_yolov5_py/lib/python3.10/site-packages/radar_yolov5_py/yolov5/utils/segment
copying /home/lisii/Documents/Github-repos/TransferStation/1_Projects/Current/radar_yolov5_py/build/radar_yolov5_py/build/lib/radar_yolov5_py/yolov5/utils/segment/loss.py -> /home/lisii/Documents/Github-repos/TransferStation/1_Projects/Current/radar_yolov5_py/install/radar_yolov5_py/lib/python3.10/site-packages/radar_yolov5_py/yolov5/utils/segment
copying /home/lisii/Documents/Github-repos/TransferStation/1_Projects/Current/radar_yolov5_py/build/radar_yolov5_py/build/lib/radar_yolov5_py/yolov5/utils/downloads.py -> /home/lisii/Documents/Github-repos/TransferStation/1_Projects/Current/radar_yolov5_py/install/radar_yolov5_py/lib/python3.10/site-packages/radar_yolov5_py/yolov5/utils
copying /home/lisii/Documents/Github-repos/TransferStation/1_Projects/Current/radar_yolov5_py/build/radar_yolov5_py/build/lib/radar_yolov5_py/yolov5/utils/torch_utils.py -> /home/lisii/Documents/Github-repos/TransferStation/1_Projects/Current/radar_yolov5_py/install/radar_yolov5_py/lib/python3.10/site-packages/radar_yolov5_py/yolov5/utils
copying /home/lisii/Documents/Github-repos/TransferStation/1_Projects/Current/radar_yolov5_py/build/radar_yolov5_py/build/lib/radar_yolov5_py/yolov5/utils/triton.py -> /home/lisii/Documents/Github-repos/TransferStation/1_Projects/Current/radar_yolov5_py/install/radar_yolov5_py/lib/python3.10/site-packages/radar_yolov5_py/yolov5/utils
copying /home/lisii/Documents/Github-repos/TransferStation/1_Projects/Current/radar_yolov5_py/build/radar_yolov5_py/build/lib/radar_yolov5_py/yolov5/utils/loss.py -> /home/lisii/Documents/Github-repos/TransferStation/1_Projects/Current/radar_yolov5_py/install/radar_yolov5_py/lib/python3.10/site-packages/radar_yolov5_py/yolov5/utils
copying /home/lisii/Documents/Github-repos/TransferStation/1_Projects/Current/radar_yolov5_py/build/radar_yolov5_py/build/lib/radar_yolov5_py/yolov5/utils/autobatch.py -> /home/lisii/Documents/Github-repos/TransferStation/1_Projects/Current/radar_yolov5_py/install/radar_yolov5_py/lib/python3.10/site-packages/radar_yolov5_py/yolov5/utils
copying /home/lisii/Documents/Github-repos/TransferStation/1_Projects/Current/radar_yolov5_py/build/radar_yolov5_py/build/lib/radar_yolov5_py/yolov5/benchmarks.py -> /home/lisii/Documents/Github-repos/TransferStation/1_Projects/Current/radar_yolov5_py/install/radar_yolov5_py/lib/python3.10/site-packages/radar_yolov5_py/yolov5
copying /home/lisii/Documents/Github-repos/TransferStation/1_Projects/Current/radar_yolov5_py/build/radar_yolov5_py/build/lib/radar_yolov5_py/yolov5/train.py -> /home/lisii/Documents/Github-repos/TransferStation/1_Projects/Current/radar_yolov5_py/install/radar_yolov5_py/lib/python3.10/site-packages/radar_yolov5_py/yolov5
byte-compiling /home/lisii/Documents/Github-repos/TransferStation/1_Projects/Current/radar_yolov5_py/install/radar_yolov5_py/lib/python3.10/site-packages/radar_yolov5_py/points_publisher.py to points_publisher.cpython-310.pyc
byte-compiling /home/lisii/Documents/Github-repos/TransferStation/1_Projects/Current/radar_yolov5_py/install/radar_yolov5_py/lib/python3.10/site-packages/radar_yolov5_py/yolov5/val.py to val.cpython-310.pyc
byte-compiling /home/lisii/Documents/Github-repos/TransferStation/1_Projects/Current/radar_yolov5_py/install/radar_yolov5_py/lib/python3.10/site-packages/radar_yolov5_py/yolov5/hubconf.py to hubconf.cpython-310.pyc
byte-compiling /home/lisii/Documents/Github-repos/TransferStation/1_Projects/Current/radar_yolov5_py/install/radar_yolov5_py/lib/python3.10/site-packages/radar_yolov5_py/yolov5/__init__.py to __init__.cpython-310.pyc
byte-compiling /home/lisii/Documents/Github-repos/TransferStation/1_Projects/Current/radar_yolov5_py/install/radar_yolov5_py/lib/python3.10/site-packages/radar_yolov5_py/yolov5/models/experimental.py to experimental.cpython-310.pyc
byte-compiling /home/lisii/Documents/Github-repos/TransferStation/1_Projects/Current/radar_yolov5_py/install/radar_yolov5_py/lib/python3.10/site-packages/radar_yolov5_py/yolov5/models/common.py to common.cpython-310.pyc
byte-compiling /home/lisii/Documents/Github-repos/TransferStation/1_Projects/Current/radar_yolov5_py/install/radar_yolov5_py/lib/python3.10/site-packages/radar_yolov5_py/yolov5/models/__init__.py to __init__.cpython-310.pyc
byte-compiling /home/lisii/Documents/Github-repos/TransferStation/1_Projects/Current/radar_yolov5_py/install/radar_yolov5_py/lib/python3.10/site-packages/radar_yolov5_py/yolov5/models/tf.py to tf.cpython-310.pyc
byte-compiling /home/lisii/Documents/Github-repos/TransferStation/1_Projects/Current/radar_yolov5_py/install/radar_yolov5_py/lib/python3.10/site-packages/radar_yolov5_py/yolov5/models/yolo.py to yolo.cpython-310.pyc
byte-compiling /home/lisii/Documents/Github-repos/TransferStation/1_Projects/Current/radar_yolov5_py/install/radar_yolov5_py/lib/python3.10/site-packages/radar_yolov5_py/yolov5/detect.py to detect.cpython-310.pyc
byte-compiling /home/lisii/Documents/Github-repos/TransferStation/1_Projects/Current/radar_yolov5_py/install/radar_yolov5_py/lib/python3.10/site-packages/radar_yolov5_py/yolov5/export.py to export.cpython-310.pyc
byte-compiling /home/lisii/Documents/Github-repos/TransferStation/1_Projects/Current/radar_yolov5_py/install/radar_yolov5_py/lib/python3.10/site-packages/radar_yolov5_py/yolov5/utils/activations.py to activations.cpython-310.pyc
byte-compiling /home/lisii/Documents/Github-repos/TransferStation/1_Projects/Current/radar_yolov5_py/install/radar_yolov5_py/lib/python3.10/site-packages/radar_yolov5_py/yolov5/utils/dataloaders.py to dataloaders.cpython-310.pyc
byte-compiling /home/lisii/Documents/Github-repos/TransferStation/1_Projects/Current/radar_yolov5_py/install/radar_yolov5_py/lib/python3.10/site-packages/radar_yolov5_py/yolov5/utils/general.py to general.cpython-310.pyc
byte-compiling /home/lisii/Documents/Github-repos/TransferStation/1_Projects/Current/radar_yolov5_py/install/radar_yolov5_py/lib/python3.10/site-packages/radar_yolov5_py/yolov5/utils/metrics.py to metrics.cpython-310.pyc
byte-compiling /home/lisii/Documents/Github-repos/TransferStation/1_Projects/Current/radar_yolov5_py/install/radar_yolov5_py/lib/python3.10/site-packages/radar_yolov5_py/yolov5/utils/aws/resume.py to resume.cpython-310.pyc
byte-compiling /home/lisii/Documents/Github-repos/TransferStation/1_Projects/Current/radar_yolov5_py/install/radar_yolov5_py/lib/python3.10/site-packages/radar_yolov5_py/yolov5/utils/aws/__init__.py to __init__.cpython-310.pyc
byte-compiling /home/lisii/Documents/Github-repos/TransferStation/1_Projects/Current/radar_yolov5_py/install/radar_yolov5_py/lib/python3.10/site-packages/radar_yolov5_py/yolov5/utils/loggers/wandb/wandb_utils.py to wandb_utils.cpython-310.pyc
byte-compiling /home/lisii/Documents/Github-repos/TransferStation/1_Projects/Current/radar_yolov5_py/install/radar_yolov5_py/lib/python3.10/site-packages/radar_yolov5_py/yolov5/utils/loggers/wandb/__init__.py to __init__.cpython-310.pyc
byte-compiling /home/lisii/Documents/Github-repos/TransferStation/1_Projects/Current/radar_yolov5_py/install/radar_yolov5_py/lib/python3.10/site-packages/radar_yolov5_py/yolov5/utils/loggers/__init__.py to __init__.cpython-310.pyc
byte-compiling /home/lisii/Documents/Github-repos/TransferStation/1_Projects/Current/radar_yolov5_py/install/radar_yolov5_py/lib/python3.10/site-packages/radar_yolov5_py/yolov5/utils/loggers/comet/comet_utils.py to comet_utils.cpython-310.pyc
byte-compiling /home/lisii/Documents/Github-repos/TransferStation/1_Projects/Current/radar_yolov5_py/install/radar_yolov5_py/lib/python3.10/site-packages/radar_yolov5_py/yolov5/utils/loggers/comet/hpo.py to hpo.cpython-310.pyc
byte-compiling /home/lisii/Documents/Github-repos/TransferStation/1_Projects/Current/radar_yolov5_py/install/radar_yolov5_py/lib/python3.10/site-packages/radar_yolov5_py/yolov5/utils/loggers/comet/__init__.py to __init__.cpython-310.pyc
byte-compiling /home/lisii/Documents/Github-repos/TransferStation/1_Projects/Current/radar_yolov5_py/install/radar_yolov5_py/lib/python3.10/site-packages/radar_yolov5_py/yolov5/utils/loggers/clearml/hpo.py to hpo.cpython-310.pyc
byte-compiling /home/lisii/Documents/Github-repos/TransferStation/1_Projects/Current/radar_yolov5_py/install/radar_yolov5_py/lib/python3.10/site-packages/radar_yolov5_py/yolov5/utils/loggers/clearml/clearml_utils.py to clearml_utils.cpython-310.pyc
byte-compiling /home/lisii/Documents/Github-repos/TransferStation/1_Projects/Current/radar_yolov5_py/install/radar_yolov5_py/lib/python3.10/site-packages/radar_yolov5_py/yolov5/utils/loggers/clearml/__init__.py to __init__.cpython-310.pyc
byte-compiling /home/lisii/Documents/Github-repos/TransferStation/1_Projects/Current/radar_yolov5_py/install/radar_yolov5_py/lib/python3.10/site-packages/radar_yolov5_py/yolov5/utils/plots.py to plots.cpython-310.pyc
byte-compiling /home/lisii/Documents/Github-repos/TransferStation/1_Projects/Current/radar_yolov5_py/install/radar_yolov5_py/lib/python3.10/site-packages/radar_yolov5_py/yolov5/utils/__init__.py to __init__.cpython-310.pyc
byte-compiling /home/lisii/Documents/Github-repos/TransferStation/1_Projects/Current/radar_yolov5_py/install/radar_yolov5_py/lib/python3.10/site-packages/radar_yolov5_py/yolov5/utils/augmentations.py to augmentations.cpython-310.pyc
byte-compiling /home/lisii/Documents/Github-repos/TransferStation/1_Projects/Current/radar_yolov5_py/install/radar_yolov5_py/lib/python3.10/site-packages/radar_yolov5_py/yolov5/utils/autoanchor.py to autoanchor.cpython-310.pyc
byte-compiling /home/lisii/Documents/Github-repos/TransferStation/1_Projects/Current/radar_yolov5_py/install/radar_yolov5_py/lib/python3.10/site-packages/radar_yolov5_py/yolov5/utils/callbacks.py to callbacks.cpython-310.pyc
byte-compiling /home/lisii/Documents/Github-repos/TransferStation/1_Projects/Current/radar_yolov5_py/install/radar_yolov5_py/lib/python3.10/site-packages/radar_yolov5_py/yolov5/utils/segment/dataloaders.py to dataloaders.cpython-310.pyc
byte-compiling /home/lisii/Documents/Github-repos/TransferStation/1_Projects/Current/radar_yolov5_py/install/radar_yolov5_py/lib/python3.10/site-packages/radar_yolov5_py/yolov5/utils/segment/general.py to general.cpython-310.pyc
byte-compiling /home/lisii/Documents/Github-repos/TransferStation/1_Projects/Current/radar_yolov5_py/install/radar_yolov5_py/lib/python3.10/site-packages/radar_yolov5_py/yolov5/utils/segment/metrics.py to metrics.cpython-310.pyc
byte-compiling /home/lisii/Documents/Github-repos/TransferStation/1_Projects/Current/radar_yolov5_py/install/radar_yolov5_py/lib/python3.10/site-packages/radar_yolov5_py/yolov5/utils/segment/plots.py to plots.cpython-310.pyc
byte-compiling /home/lisii/Documents/Github-repos/TransferStation/1_Projects/Current/radar_yolov5_py/install/radar_yolov5_py/lib/python3.10/site-packages/radar_yolov5_py/yolov5/utils/segment/__init__.py to __init__.cpython-310.pyc
byte-compiling /home/lisii/Documents/Github-repos/TransferStation/1_Projects/Current/radar_yolov5_py/install/radar_yolov5_py/lib/python3.10/site-packages/radar_yolov5_py/yolov5/utils/segment/augmentations.py to augmentations.cpython-310.pyc
byte-compiling /home/lisii/Documents/Github-repos/TransferStation/1_Projects/Current/radar_yolov5_py/install/radar_yolov5_py/lib/python3.10/site-packages/radar_yolov5_py/yolov5/utils/segment/loss.py to loss.cpython-310.pyc
byte-compiling /home/lisii/Documents/Github-repos/TransferStation/1_Projects/Current/radar_yolov5_py/install/radar_yolov5_py/lib/python3.10/site-packages/radar_yolov5_py/yolov5/utils/downloads.py to downloads.cpython-310.pyc
byte-compiling /home/lisii/Documents/Github-repos/TransferStation/1_Projects/Current/radar_yolov5_py/install/radar_yolov5_py/lib/python3.10/site-packages/radar_yolov5_py/yolov5/utils/torch_utils.py to torch_utils.cpython-310.pyc
byte-compiling /home/lisii/Documents/Github-repos/TransferStation/1_Projects/Current/radar_yolov5_py/install/radar_yolov5_py/lib/python3.10/site-packages/radar_yolov5_py/yolov5/utils/triton.py to triton.cpython-310.pyc
byte-compiling /home/lisii/Documents/Github-repos/TransferStation/1_Projects/Current/radar_yolov5_py/install/radar_yolov5_py/lib/python3.10/site-packages/radar_yolov5_py/yolov5/utils/loss.py to loss.cpython-310.pyc
byte-compiling /home/lisii/Documents/Github-repos/TransferStation/1_Projects/Current/radar_yolov5_py/install/radar_yolov5_py/lib/python3.10/site-packages/radar_yolov5_py/yolov5/utils/autobatch.py to autobatch.cpython-310.pyc
byte-compiling /home/lisii/Documents/Github-repos/TransferStation/1_Projects/Current/radar_yolov5_py/install/radar_yolov5_py/lib/python3.10/site-packages/radar_yolov5_py/yolov5/benchmarks.py to benchmarks.cpython-310.pyc
byte-compiling /home/lisii/Documents/Github-repos/TransferStation/1_Projects/Current/radar_yolov5_py/install/radar_yolov5_py/lib/python3.10/site-packages/radar_yolov5_py/yolov5/train.py to train.cpython-310.pyc
running install_data
copying resource/radar_yolov5_py -> /home/lisii/Documents/Github-repos/TransferStation/1_Projects/Current/radar_yolov5_py/install/radar_yolov5_py/share/ament_index/resource_index/packages
copying package.xml -> /home/lisii/Documents/Github-repos/TransferStation/1_Projects/Current/radar_yolov5_py/install/radar_yolov5_py/share/radar_yolov5_py
running install_egg_info
removing '/home/lisii/Documents/Github-repos/TransferStation/1_Projects/Current/radar_yolov5_py/install/radar_yolov5_py/lib/python3.10/site-packages/radar_yolov5_py-0.0.0-py3.10.egg-info' (and everything under it)
Copying build/radar_yolov5_py/radar_yolov5_py.egg-info to /home/lisii/Documents/Github-repos/TransferStation/1_Projects/Current/radar_yolov5_py/install/radar_yolov5_py/lib/python3.10/site-packages/radar_yolov5_py-0.0.0-py3.10.egg-info
running install_scripts
Installing points_publisher script to /home/lisii/Documents/Github-repos/TransferStation/1_Projects/Current/radar_yolov5_py/install/radar_yolov5_py/lib/radar_yolov5_py
writing list of installed files to '/home/lisii/Documents/Github-repos/TransferStation/1_Projects/Current/radar_yolov5_py/build/radar_yolov5_py/install.log'
