[0.717s] Invoking command in '/home/lisii/Documents/Github-repos/TransferStation/1_Projects/Current/radar_yolov5_py': PYTHONPATH=/home/lisii/Documents/Github-repos/TransferStation/1_Projects/Current/radar_yolov5_py/build/radar_yolov5_py/prefix_override:/home/lisii/Documents/Github-repos/TransferStation/1_Projects/Current/radar_yolov5_py/install/radar_yolov5_py/lib/python3.10/site-packages:${PYTHONPATH} /usr/bin/python3 setup.py egg_info --egg-base build/radar_yolov5_py build --build-base /home/lisii/Documents/Github-repos/TransferStation/1_Projects/Current/radar_yolov5_py/build/radar_yolov5_py/build install --record /home/lisii/Documents/Github-repos/TransferStation/1_Projects/Current/radar_yolov5_py/build/radar_yolov5_py/install.log --single-version-externally-managed
[0.901s] running egg_info
[0.915s] writing build/radar_yolov5_py/radar_yolov5_py.egg-info/PKG-INFO
[0.915s] writing dependency_links to build/radar_yolov5_py/radar_yolov5_py.egg-info/dependency_links.txt
[0.915s] writing entry points to build/radar_yolov5_py/radar_yolov5_py.egg-info/entry_points.txt
[0.916s] writing requirements to build/radar_yolov5_py/radar_yolov5_py.egg-info/requires.txt
[0.916s] writing top-level names to build/radar_yolov5_py/radar_yolov5_py.egg-info/top_level.txt
[0.945s] reading manifest file 'build/radar_yolov5_py/radar_yolov5_py.egg-info/SOURCES.txt'
[0.946s] writing manifest file 'build/radar_yolov5_py/radar_yolov5_py.egg-info/SOURCES.txt'
[0.946s] running build
[0.946s] running build_py
[0.947s] copying radar_yolov5_py/points_publisher.py -> /home/lisii/Documents/Github-repos/TransferStation/1_Projects/Current/radar_yolov5_py/build/radar_yolov5_py/build/lib/radar_yolov5_py
[0.947s] copying radar_yolov5_py/__init__.py -> /home/lisii/Documents/Github-repos/TransferStation/1_Projects/Current/radar_yolov5_py/build/radar_yolov5_py/build/lib/radar_yolov5_py
[0.947s] creating /home/lisii/Documents/Github-repos/TransferStation/1_Projects/Current/radar_yolov5_py/build/radar_yolov5_py/build/lib/radar_yolov5_py/yolov5
[0.947s] copying radar_yolov5_py/yolov5/val.py -> /home/lisii/Documents/Github-repos/TransferStation/1_Projects/Current/radar_yolov5_py/build/radar_yolov5_py/build/lib/radar_yolov5_py/yolov5
[0.947s] copying radar_yolov5_py/yolov5/hubconf.py -> /home/lisii/Documents/Github-repos/TransferStation/1_Projects/Current/radar_yolov5_py/build/radar_yolov5_py/build/lib/radar_yolov5_py/yolov5
[0.947s] copying radar_yolov5_py/yolov5/__init__.py -> /home/lisii/Documents/Github-repos/TransferStation/1_Projects/Current/radar_yolov5_py/build/radar_yolov5_py/build/lib/radar_yolov5_py/yolov5
[0.948s] copying radar_yolov5_py/yolov5/detect.py -> /home/lisii/Documents/Github-repos/TransferStation/1_Projects/Current/radar_yolov5_py/build/radar_yolov5_py/build/lib/radar_yolov5_py/yolov5
[0.948s] copying radar_yolov5_py/yolov5/export.py -> /home/lisii/Documents/Github-repos/TransferStation/1_Projects/Current/radar_yolov5_py/build/radar_yolov5_py/build/lib/radar_yolov5_py/yolov5
[0.948s] copying radar_yolov5_py/yolov5/benchmarks.py -> /home/lisii/Documents/Github-repos/TransferStation/1_Projects/Current/radar_yolov5_py/build/radar_yolov5_py/build/lib/radar_yolov5_py/yolov5
[0.948s] copying radar_yolov5_py/yolov5/train.py -> /home/lisii/Documents/Github-repos/TransferStation/1_Projects/Current/radar_yolov5_py/build/radar_yolov5_py/build/lib/radar_yolov5_py/yolov5
[0.948s] creating /home/lisii/Documents/Github-repos/TransferStation/1_Projects/Current/radar_yolov5_py/build/radar_yolov5_py/build/lib/radar_yolov5_py/yolov5/models
[0.949s] copying radar_yolov5_py/yolov5/models/experimental.py -> /home/lisii/Documents/Github-repos/TransferStation/1_Projects/Current/radar_yolov5_py/build/radar_yolov5_py/build/lib/radar_yolov5_py/yolov5/models
[0.949s] copying radar_yolov5_py/yolov5/models/common.py -> /home/lisii/Documents/Github-repos/TransferStation/1_Projects/Current/radar_yolov5_py/build/radar_yolov5_py/build/lib/radar_yolov5_py/yolov5/models
[0.949s] copying radar_yolov5_py/yolov5/models/__init__.py -> /home/lisii/Documents/Github-repos/TransferStation/1_Projects/Current/radar_yolov5_py/build/radar_yolov5_py/build/lib/radar_yolov5_py/yolov5/models
[0.949s] copying radar_yolov5_py/yolov5/models/tf.py -> /home/lisii/Documents/Github-repos/TransferStation/1_Projects/Current/radar_yolov5_py/build/radar_yolov5_py/build/lib/radar_yolov5_py/yolov5/models
[0.949s] copying radar_yolov5_py/yolov5/models/yolo.py -> /home/lisii/Documents/Github-repos/TransferStation/1_Projects/Current/radar_yolov5_py/build/radar_yolov5_py/build/lib/radar_yolov5_py/yolov5/models
[0.949s] creating /home/lisii/Documents/Github-repos/TransferStation/1_Projects/Current/radar_yolov5_py/build/radar_yolov5_py/build/lib/radar_yolov5_py/yolov5/utils
[0.949s] copying radar_yolov5_py/yolov5/utils/activations.py -> /home/lisii/Documents/Github-repos/TransferStation/1_Projects/Current/radar_yolov5_py/build/radar_yolov5_py/build/lib/radar_yolov5_py/yolov5/utils
[0.949s] copying radar_yolov5_py/yolov5/utils/dataloaders.py -> /home/lisii/Documents/Github-repos/TransferStation/1_Projects/Current/radar_yolov5_py/build/radar_yolov5_py/build/lib/radar_yolov5_py/yolov5/utils
[0.950s] copying radar_yolov5_py/yolov5/utils/general.py -> /home/lisii/Documents/Github-repos/TransferStation/1_Projects/Current/radar_yolov5_py/build/radar_yolov5_py/build/lib/radar_yolov5_py/yolov5/utils
[0.950s] copying radar_yolov5_py/yolov5/utils/metrics.py -> /home/lisii/Documents/Github-repos/TransferStation/1_Projects/Current/radar_yolov5_py/build/radar_yolov5_py/build/lib/radar_yolov5_py/yolov5/utils
[0.950s] copying radar_yolov5_py/yolov5/utils/plots.py -> /home/lisii/Documents/Github-repos/TransferStation/1_Projects/Current/radar_yolov5_py/build/radar_yolov5_py/build/lib/radar_yolov5_py/yolov5/utils
[0.950s] copying radar_yolov5_py/yolov5/utils/__init__.py -> /home/lisii/Documents/Github-repos/TransferStation/1_Projects/Current/radar_yolov5_py/build/radar_yolov5_py/build/lib/radar_yolov5_py/yolov5/utils
[0.950s] copying radar_yolov5_py/yolov5/utils/augmentations.py -> /home/lisii/Documents/Github-repos/TransferStation/1_Projects/Current/radar_yolov5_py/build/radar_yolov5_py/build/lib/radar_yolov5_py/yolov5/utils
[0.950s] copying radar_yolov5_py/yolov5/utils/autoanchor.py -> /home/lisii/Documents/Github-repos/TransferStation/1_Projects/Current/radar_yolov5_py/build/radar_yolov5_py/build/lib/radar_yolov5_py/yolov5/utils
[0.950s] copying radar_yolov5_py/yolov5/utils/callbacks.py -> /home/lisii/Documents/Github-repos/TransferStation/1_Projects/Current/radar_yolov5_py/build/radar_yolov5_py/build/lib/radar_yolov5_py/yolov5/utils
[0.951s] copying radar_yolov5_py/yolov5/utils/downloads.py -> /home/lisii/Documents/Github-repos/TransferStation/1_Projects/Current/radar_yolov5_py/build/radar_yolov5_py/build/lib/radar_yolov5_py/yolov5/utils
[0.951s] copying radar_yolov5_py/yolov5/utils/torch_utils.py -> /home/lisii/Documents/Github-repos/TransferStation/1_Projects/Current/radar_yolov5_py/build/radar_yolov5_py/build/lib/radar_yolov5_py/yolov5/utils
[0.951s] copying radar_yolov5_py/yolov5/utils/triton.py -> /home/lisii/Documents/Github-repos/TransferStation/1_Projects/Current/radar_yolov5_py/build/radar_yolov5_py/build/lib/radar_yolov5_py/yolov5/utils
[0.951s] copying radar_yolov5_py/yolov5/utils/loss.py -> /home/lisii/Documents/Github-repos/TransferStation/1_Projects/Current/radar_yolov5_py/build/radar_yolov5_py/build/lib/radar_yolov5_py/yolov5/utils
[0.951s] copying radar_yolov5_py/yolov5/utils/autobatch.py -> /home/lisii/Documents/Github-repos/TransferStation/1_Projects/Current/radar_yolov5_py/build/radar_yolov5_py/build/lib/radar_yolov5_py/yolov5/utils
[0.951s] creating /home/lisii/Documents/Github-repos/TransferStation/1_Projects/Current/radar_yolov5_py/build/radar_yolov5_py/build/lib/radar_yolov5_py/yolov5/utils/aws
[0.951s] copying radar_yolov5_py/yolov5/utils/aws/resume.py -> /home/lisii/Documents/Github-repos/TransferStation/1_Projects/Current/radar_yolov5_py/build/radar_yolov5_py/build/lib/radar_yolov5_py/yolov5/utils/aws
[0.951s] copying radar_yolov5_py/yolov5/utils/aws/__init__.py -> /home/lisii/Documents/Github-repos/TransferStation/1_Projects/Current/radar_yolov5_py/build/radar_yolov5_py/build/lib/radar_yolov5_py/yolov5/utils/aws
[0.951s] creating /home/lisii/Documents/Github-repos/TransferStation/1_Projects/Current/radar_yolov5_py/build/radar_yolov5_py/build/lib/radar_yolov5_py/yolov5/utils/loggers
[0.952s] copying radar_yolov5_py/yolov5/utils/loggers/__init__.py -> /home/lisii/Documents/Github-repos/TransferStation/1_Projects/Current/radar_yolov5_py/build/radar_yolov5_py/build/lib/radar_yolov5_py/yolov5/utils/loggers
[0.952s] creating /home/lisii/Documents/Github-repos/TransferStation/1_Projects/Current/radar_yolov5_py/build/radar_yolov5_py/build/lib/radar_yolov5_py/yolov5/utils/segment
[0.952s] copying radar_yolov5_py/yolov5/utils/segment/dataloaders.py -> /home/lisii/Documents/Github-repos/TransferStation/1_Projects/Current/radar_yolov5_py/build/radar_yolov5_py/build/lib/radar_yolov5_py/yolov5/utils/segment
[0.952s] copying radar_yolov5_py/yolov5/utils/segment/general.py -> /home/lisii/Documents/Github-repos/TransferStation/1_Projects/Current/radar_yolov5_py/build/radar_yolov5_py/build/lib/radar_yolov5_py/yolov5/utils/segment
[0.952s] copying radar_yolov5_py/yolov5/utils/segment/metrics.py -> /home/lisii/Documents/Github-repos/TransferStation/1_Projects/Current/radar_yolov5_py/build/radar_yolov5_py/build/lib/radar_yolov5_py/yolov5/utils/segment
[0.952s] copying radar_yolov5_py/yolov5/utils/segment/plots.py -> /home/lisii/Documents/Github-repos/TransferStation/1_Projects/Current/radar_yolov5_py/build/radar_yolov5_py/build/lib/radar_yolov5_py/yolov5/utils/segment
[0.952s] copying radar_yolov5_py/yolov5/utils/segment/__init__.py -> /home/lisii/Documents/Github-repos/TransferStation/1_Projects/Current/radar_yolov5_py/build/radar_yolov5_py/build/lib/radar_yolov5_py/yolov5/utils/segment
[0.952s] copying radar_yolov5_py/yolov5/utils/segment/augmentations.py -> /home/lisii/Documents/Github-repos/TransferStation/1_Projects/Current/radar_yolov5_py/build/radar_yolov5_py/build/lib/radar_yolov5_py/yolov5/utils/segment
[0.953s] copying radar_yolov5_py/yolov5/utils/segment/loss.py -> /home/lisii/Documents/Github-repos/TransferStation/1_Projects/Current/radar_yolov5_py/build/radar_yolov5_py/build/lib/radar_yolov5_py/yolov5/utils/segment
[0.953s] creating /home/lisii/Documents/Github-repos/TransferStation/1_Projects/Current/radar_yolov5_py/build/radar_yolov5_py/build/lib/radar_yolov5_py/yolov5/utils/loggers/wandb
[0.953s] copying radar_yolov5_py/yolov5/utils/loggers/wandb/wandb_utils.py -> /home/lisii/Documents/Github-repos/TransferStation/1_Projects/Current/radar_yolov5_py/build/radar_yolov5_py/build/lib/radar_yolov5_py/yolov5/utils/loggers/wandb
[0.953s] copying radar_yolov5_py/yolov5/utils/loggers/wandb/__init__.py -> /home/lisii/Documents/Github-repos/TransferStation/1_Projects/Current/radar_yolov5_py/build/radar_yolov5_py/build/lib/radar_yolov5_py/yolov5/utils/loggers/wandb
[0.953s] creating /home/lisii/Documents/Github-repos/TransferStation/1_Projects/Current/radar_yolov5_py/build/radar_yolov5_py/build/lib/radar_yolov5_py/yolov5/utils/loggers/comet
[0.953s] copying radar_yolov5_py/yolov5/utils/loggers/comet/comet_utils.py -> /home/lisii/Documents/Github-repos/TransferStation/1_Projects/Current/radar_yolov5_py/build/radar_yolov5_py/build/lib/radar_yolov5_py/yolov5/utils/loggers/comet
[0.953s] copying radar_yolov5_py/yolov5/utils/loggers/comet/hpo.py -> /home/lisii/Documents/Github-repos/TransferStation/1_Projects/Current/radar_yolov5_py/build/radar_yolov5_py/build/lib/radar_yolov5_py/yolov5/utils/loggers/comet
[0.953s] copying radar_yolov5_py/yolov5/utils/loggers/comet/__init__.py -> /home/lisii/Documents/Github-repos/TransferStation/1_Projects/Current/radar_yolov5_py/build/radar_yolov5_py/build/lib/radar_yolov5_py/yolov5/utils/loggers/comet
[0.954s] creating /home/lisii/Documents/Github-repos/TransferStation/1_Projects/Current/radar_yolov5_py/build/radar_yolov5_py/build/lib/radar_yolov5_py/yolov5/utils/loggers/clearml
[0.954s] copying radar_yolov5_py/yolov5/utils/loggers/clearml/hpo.py -> /home/lisii/Documents/Github-repos/TransferStation/1_Projects/Current/radar_yolov5_py/build/radar_yolov5_py/build/lib/radar_yolov5_py/yolov5/utils/loggers/clearml
[0.954s] copying radar_yolov5_py/yolov5/utils/loggers/clearml/clearml_utils.py -> /home/lisii/Documents/Github-repos/TransferStation/1_Projects/Current/radar_yolov5_py/build/radar_yolov5_py/build/lib/radar_yolov5_py/yolov5/utils/loggers/clearml
[0.954s] copying radar_yolov5_py/yolov5/utils/loggers/clearml/__init__.py -> /home/lisii/Documents/Github-repos/TransferStation/1_Projects/Current/radar_yolov5_py/build/radar_yolov5_py/build/lib/radar_yolov5_py/yolov5/utils/loggers/clearml
[0.955s] running install
[0.955s] /home/lisii/.local/lib/python3.10/site-packages/setuptools/_distutils/cmd.py:66: SetuptoolsDeprecationWarning: setup.py install is deprecated.
[0.956s] !!
[0.956s] 
[0.956s]         ********************************************************************************
[0.956s]         Please avoid running ``setup.py`` directly.
[0.956s]         Instead, use pypa/build, pypa/installer or other
[0.956s]         standards-based tools.
[0.956s] 
[0.956s]         See https://blog.ganssle.io/articles/2021/10/setup-py-deprecated.html for details.
[0.956s]         ********************************************************************************
[0.956s] 
[0.957s] !!
[0.957s]   self.initialize_options()
[0.961s] running install_lib
[0.975s] copying /home/lisii/Documents/Github-repos/TransferStation/1_Projects/Current/radar_yolov5_py/build/radar_yolov5_py/build/lib/radar_yolov5_py/points_publisher.py -> /home/lisii/Documents/Github-repos/TransferStation/1_Projects/Current/radar_yolov5_py/install/radar_yolov5_py/lib/python3.10/site-packages/radar_yolov5_py
[0.975s] creating /home/lisii/Documents/Github-repos/TransferStation/1_Projects/Current/radar_yolov5_py/install/radar_yolov5_py/lib/python3.10/site-packages/radar_yolov5_py/yolov5
[0.975s] copying /home/lisii/Documents/Github-repos/TransferStation/1_Projects/Current/radar_yolov5_py/build/radar_yolov5_py/build/lib/radar_yolov5_py/yolov5/val.py -> /home/lisii/Documents/Github-repos/TransferStation/1_Projects/Current/radar_yolov5_py/install/radar_yolov5_py/lib/python3.10/site-packages/radar_yolov5_py/yolov5
[0.975s] copying /home/lisii/Documents/Github-repos/TransferStation/1_Projects/Current/radar_yolov5_py/build/radar_yolov5_py/build/lib/radar_yolov5_py/yolov5/hubconf.py -> /home/lisii/Documents/Github-repos/TransferStation/1_Projects/Current/radar_yolov5_py/install/radar_yolov5_py/lib/python3.10/site-packages/radar_yolov5_py/yolov5
[0.975s] copying /home/lisii/Documents/Github-repos/TransferStation/1_Projects/Current/radar_yolov5_py/build/radar_yolov5_py/build/lib/radar_yolov5_py/yolov5/__init__.py -> /home/lisii/Documents/Github-repos/TransferStation/1_Projects/Current/radar_yolov5_py/install/radar_yolov5_py/lib/python3.10/site-packages/radar_yolov5_py/yolov5
[0.976s] creating /home/lisii/Documents/Github-repos/TransferStation/1_Projects/Current/radar_yolov5_py/install/radar_yolov5_py/lib/python3.10/site-packages/radar_yolov5_py/yolov5/models
[0.976s] copying /home/lisii/Documents/Github-repos/TransferStation/1_Projects/Current/radar_yolov5_py/build/radar_yolov5_py/build/lib/radar_yolov5_py/yolov5/models/experimental.py -> /home/lisii/Documents/Github-repos/TransferStation/1_Projects/Current/radar_yolov5_py/install/radar_yolov5_py/lib/python3.10/site-packages/radar_yolov5_py/yolov5/models
[0.976s] copying /home/lisii/Documents/Github-repos/TransferStation/1_Projects/Current/radar_yolov5_py/build/radar_yolov5_py/build/lib/radar_yolov5_py/yolov5/models/common.py -> /home/lisii/Documents/Github-repos/TransferStation/1_Projects/Current/radar_yolov5_py/install/radar_yolov5_py/lib/python3.10/site-packages/radar_yolov5_py/yolov5/models
[0.976s] copying /home/lisii/Documents/Github-repos/TransferStation/1_Projects/Current/radar_yolov5_py/build/radar_yolov5_py/build/lib/radar_yolov5_py/yolov5/models/__init__.py -> /home/lisii/Documents/Github-repos/TransferStation/1_Projects/Current/radar_yolov5_py/install/radar_yolov5_py/lib/python3.10/site-packages/radar_yolov5_py/yolov5/models
[0.976s] copying /home/lisii/Documents/Github-repos/TransferStation/1_Projects/Current/radar_yolov5_py/build/radar_yolov5_py/build/lib/radar_yolov5_py/yolov5/models/tf.py -> /home/lisii/Documents/Github-repos/TransferStation/1_Projects/Current/radar_yolov5_py/install/radar_yolov5_py/lib/python3.10/site-packages/radar_yolov5_py/yolov5/models
[0.976s] copying /home/lisii/Documents/Github-repos/TransferStation/1_Projects/Current/radar_yolov5_py/build/radar_yolov5_py/build/lib/radar_yolov5_py/yolov5/models/yolo.py -> /home/lisii/Documents/Github-repos/TransferStation/1_Projects/Current/radar_yolov5_py/install/radar_yolov5_py/lib/python3.10/site-packages/radar_yolov5_py/yolov5/models
[0.976s] copying /home/lisii/Documents/Github-repos/TransferStation/1_Projects/Current/radar_yolov5_py/build/radar_yolov5_py/build/lib/radar_yolov5_py/yolov5/detect.py -> /home/lisii/Documents/Github-repos/TransferStation/1_Projects/Current/radar_yolov5_py/install/radar_yolov5_py/lib/python3.10/site-packages/radar_yolov5_py/yolov5
[0.977s] copying /home/lisii/Documents/Github-repos/TransferStation/1_Projects/Current/radar_yolov5_py/build/radar_yolov5_py/build/lib/radar_yolov5_py/yolov5/export.py -> /home/lisii/Documents/Github-repos/TransferStation/1_Projects/Current/radar_yolov5_py/install/radar_yolov5_py/lib/python3.10/site-packages/radar_yolov5_py/yolov5
[0.977s] creating /home/lisii/Documents/Github-repos/TransferStation/1_Projects/Current/radar_yolov5_py/install/radar_yolov5_py/lib/python3.10/site-packages/radar_yolov5_py/yolov5/utils
[0.977s] copying /home/lisii/Documents/Github-repos/TransferStation/1_Projects/Current/radar_yolov5_py/build/radar_yolov5_py/build/lib/radar_yolov5_py/yolov5/utils/activations.py -> /home/lisii/Documents/Github-repos/TransferStation/1_Projects/Current/radar_yolov5_py/install/radar_yolov5_py/lib/python3.10/site-packages/radar_yolov5_py/yolov5/utils
[0.977s] copying /home/lisii/Documents/Github-repos/TransferStation/1_Projects/Current/radar_yolov5_py/build/radar_yolov5_py/build/lib/radar_yolov5_py/yolov5/utils/dataloaders.py -> /home/lisii/Documents/Github-repos/TransferStation/1_Projects/Current/radar_yolov5_py/install/radar_yolov5_py/lib/python3.10/site-packages/radar_yolov5_py/yolov5/utils
[0.977s] copying /home/lisii/Documents/Github-repos/TransferStation/1_Projects/Current/radar_yolov5_py/build/radar_yolov5_py/build/lib/radar_yolov5_py/yolov5/utils/general.py -> /home/lisii/Documents/Github-repos/TransferStation/1_Projects/Current/radar_yolov5_py/install/radar_yolov5_py/lib/python3.10/site-packages/radar_yolov5_py/yolov5/utils
[0.977s] copying /home/lisii/Documents/Github-repos/TransferStation/1_Projects/Current/radar_yolov5_py/build/radar_yolov5_py/build/lib/radar_yolov5_py/yolov5/utils/metrics.py -> /home/lisii/Documents/Github-repos/TransferStation/1_Projects/Current/radar_yolov5_py/install/radar_yolov5_py/lib/python3.10/site-packages/radar_yolov5_py/yolov5/utils
[0.978s] creating /home/lisii/Documents/Github-repos/TransferStation/1_Projects/Current/radar_yolov5_py/install/radar_yolov5_py/lib/python3.10/site-packages/radar_yolov5_py/yolov5/utils/aws
[0.978s] copying /home/lisii/Documents/Github-repos/TransferStation/1_Projects/Current/radar_yolov5_py/build/radar_yolov5_py/build/lib/radar_yolov5_py/yolov5/utils/aws/resume.py -> /home/lisii/Documents/Github-repos/TransferStation/1_Projects/Current/radar_yolov5_py/install/radar_yolov5_py/lib/python3.10/site-packages/radar_yolov5_py/yolov5/utils/aws
[0.978s] copying /home/lisii/Documents/Github-repos/TransferStation/1_Projects/Current/radar_yolov5_py/build/radar_yolov5_py/build/lib/radar_yolov5_py/yolov5/utils/aws/__init__.py -> /home/lisii/Documents/Github-repos/TransferStation/1_Projects/Current/radar_yolov5_py/install/radar_yolov5_py/lib/python3.10/site-packages/radar_yolov5_py/yolov5/utils/aws
[0.978s] creating /home/lisii/Documents/Github-repos/TransferStation/1_Projects/Current/radar_yolov5_py/install/radar_yolov5_py/lib/python3.10/site-packages/radar_yolov5_py/yolov5/utils/loggers
[0.978s] creating /home/lisii/Documents/Github-repos/TransferStation/1_Projects/Current/radar_yolov5_py/install/radar_yolov5_py/lib/python3.10/site-packages/radar_yolov5_py/yolov5/utils/loggers/wandb
[0.978s] copying /home/lisii/Documents/Github-repos/TransferStation/1_Projects/Current/radar_yolov5_py/build/radar_yolov5_py/build/lib/radar_yolov5_py/yolov5/utils/loggers/wandb/wandb_utils.py -> /home/lisii/Documents/Github-repos/TransferStation/1_Projects/Current/radar_yolov5_py/install/radar_yolov5_py/lib/python3.10/site-packages/radar_yolov5_py/yolov5/utils/loggers/wandb
[0.978s] copying /home/lisii/Documents/Github-repos/TransferStation/1_Projects/Current/radar_yolov5_py/build/radar_yolov5_py/build/lib/radar_yolov5_py/yolov5/utils/loggers/wandb/__init__.py -> /home/lisii/Documents/Github-repos/TransferStation/1_Projects/Current/radar_yolov5_py/install/radar_yolov5_py/lib/python3.10/site-packages/radar_yolov5_py/yolov5/utils/loggers/wandb
[0.979s] copying /home/lisii/Documents/Github-repos/TransferStation/1_Projects/Current/radar_yolov5_py/build/radar_yolov5_py/build/lib/radar_yolov5_py/yolov5/utils/loggers/__init__.py -> /home/lisii/Documents/Github-repos/TransferStation/1_Projects/Current/radar_yolov5_py/install/radar_yolov5_py/lib/python3.10/site-packages/radar_yolov5_py/yolov5/utils/loggers
[0.979s] creating /home/lisii/Documents/Github-repos/TransferStation/1_Projects/Current/radar_yolov5_py/install/radar_yolov5_py/lib/python3.10/site-packages/radar_yolov5_py/yolov5/utils/loggers/comet
[0.979s] copying /home/lisii/Documents/Github-repos/TransferStation/1_Projects/Current/radar_yolov5_py/build/radar_yolov5_py/build/lib/radar_yolov5_py/yolov5/utils/loggers/comet/comet_utils.py -> /home/lisii/Documents/Github-repos/TransferStation/1_Projects/Current/radar_yolov5_py/install/radar_yolov5_py/lib/python3.10/site-packages/radar_yolov5_py/yolov5/utils/loggers/comet
[0.979s] copying /home/lisii/Documents/Github-repos/TransferStation/1_Projects/Current/radar_yolov5_py/build/radar_yolov5_py/build/lib/radar_yolov5_py/yolov5/utils/loggers/comet/hpo.py -> /home/lisii/Documents/Github-repos/TransferStation/1_Projects/Current/radar_yolov5_py/install/radar_yolov5_py/lib/python3.10/site-packages/radar_yolov5_py/yolov5/utils/loggers/comet
[0.979s] copying /home/lisii/Documents/Github-repos/TransferStation/1_Projects/Current/radar_yolov5_py/build/radar_yolov5_py/build/lib/radar_yolov5_py/yolov5/utils/loggers/comet/__init__.py -> /home/lisii/Documents/Github-repos/TransferStation/1_Projects/Current/radar_yolov5_py/install/radar_yolov5_py/lib/python3.10/site-packages/radar_yolov5_py/yolov5/utils/loggers/comet
[0.979s] creating /home/lisii/Documents/Github-repos/TransferStation/1_Projects/Current/radar_yolov5_py/install/radar_yolov5_py/lib/python3.10/site-packages/radar_yolov5_py/yolov5/utils/loggers/clearml
[0.980s] copying /home/lisii/Documents/Github-repos/TransferStation/1_Projects/Current/radar_yolov5_py/build/radar_yolov5_py/build/lib/radar_yolov5_py/yolov5/utils/loggers/clearml/hpo.py -> /home/lisii/Documents/Github-repos/TransferStation/1_Projects/Current/radar_yolov5_py/install/radar_yolov5_py/lib/python3.10/site-packages/radar_yolov5_py/yolov5/utils/loggers/clearml
[0.980s] copying /home/lisii/Documents/Github-repos/TransferStation/1_Projects/Current/radar_yolov5_py/build/radar_yolov5_py/build/lib/radar_yolov5_py/yolov5/utils/loggers/clearml/clearml_utils.py -> /home/lisii/Documents/Github-repos/TransferStation/1_Projects/Current/radar_yolov5_py/install/radar_yolov5_py/lib/python3.10/site-packages/radar_yolov5_py/yolov5/utils/loggers/clearml
[0.980s] copying /home/lisii/Documents/Github-repos/TransferStation/1_Projects/Current/radar_yolov5_py/build/radar_yolov5_py/build/lib/radar_yolov5_py/yolov5/utils/loggers/clearml/__init__.py -> /home/lisii/Documents/Github-repos/TransferStation/1_Projects/Current/radar_yolov5_py/install/radar_yolov5_py/lib/python3.10/site-packages/radar_yolov5_py/yolov5/utils/loggers/clearml
[0.980s] copying /home/lisii/Documents/Github-repos/TransferStation/1_Projects/Current/radar_yolov5_py/build/radar_yolov5_py/build/lib/radar_yolov5_py/yolov5/utils/plots.py -> /home/lisii/Documents/Github-repos/TransferStation/1_Projects/Current/radar_yolov5_py/install/radar_yolov5_py/lib/python3.10/site-packages/radar_yolov5_py/yolov5/utils
[0.980s] copying /home/lisii/Documents/Github-repos/TransferStation/1_Projects/Current/radar_yolov5_py/build/radar_yolov5_py/build/lib/radar_yolov5_py/yolov5/utils/__init__.py -> /home/lisii/Documents/Github-repos/TransferStation/1_Projects/Current/radar_yolov5_py/install/radar_yolov5_py/lib/python3.10/site-packages/radar_yolov5_py/yolov5/utils
[0.980s] copying /home/lisii/Documents/Github-repos/TransferStation/1_Projects/Current/radar_yolov5_py/build/radar_yolov5_py/build/lib/radar_yolov5_py/yolov5/utils/augmentations.py -> /home/lisii/Documents/Github-repos/TransferStation/1_Projects/Current/radar_yolov5_py/install/radar_yolov5_py/lib/python3.10/site-packages/radar_yolov5_py/yolov5/utils
[0.980s] copying /home/lisii/Documents/Github-repos/TransferStation/1_Projects/Current/radar_yolov5_py/build/radar_yolov5_py/build/lib/radar_yolov5_py/yolov5/utils/autoanchor.py -> /home/lisii/Documents/Github-repos/TransferStation/1_Projects/Current/radar_yolov5_py/install/radar_yolov5_py/lib/python3.10/site-packages/radar_yolov5_py/yolov5/utils
[0.981s] copying /home/lisii/Documents/Github-repos/TransferStation/1_Projects/Current/radar_yolov5_py/build/radar_yolov5_py/build/lib/radar_yolov5_py/yolov5/utils/callbacks.py -> /home/lisii/Documents/Github-repos/TransferStation/1_Projects/Current/radar_yolov5_py/install/radar_yolov5_py/lib/python3.10/site-packages/radar_yolov5_py/yolov5/utils
[0.981s] creating /home/lisii/Documents/Github-repos/TransferStation/1_Projects/Current/radar_yolov5_py/install/radar_yolov5_py/lib/python3.10/site-packages/radar_yolov5_py/yolov5/utils/segment
[0.981s] copying /home/lisii/Documents/Github-repos/TransferStation/1_Projects/Current/radar_yolov5_py/build/radar_yolov5_py/build/lib/radar_yolov5_py/yolov5/utils/segment/dataloaders.py -> /home/lisii/Documents/Github-repos/TransferStation/1_Projects/Current/radar_yolov5_py/install/radar_yolov5_py/lib/python3.10/site-packages/radar_yolov5_py/yolov5/utils/segment
[0.981s] copying /home/lisii/Documents/Github-repos/TransferStation/1_Projects/Current/radar_yolov5_py/build/radar_yolov5_py/build/lib/radar_yolov5_py/yolov5/utils/segment/general.py -> /home/lisii/Documents/Github-repos/TransferStation/1_Projects/Current/radar_yolov5_py/install/radar_yolov5_py/lib/python3.10/site-packages/radar_yolov5_py/yolov5/utils/segment
[0.981s] copying /home/lisii/Documents/Github-repos/TransferStation/1_Projects/Current/radar_yolov5_py/build/radar_yolov5_py/build/lib/radar_yolov5_py/yolov5/utils/segment/metrics.py -> /home/lisii/Documents/Github-repos/TransferStation/1_Projects/Current/radar_yolov5_py/install/radar_yolov5_py/lib/python3.10/site-packages/radar_yolov5_py/yolov5/utils/segment
[0.981s] copying /home/lisii/Documents/Github-repos/TransferStation/1_Projects/Current/radar_yolov5_py/build/radar_yolov5_py/build/lib/radar_yolov5_py/yolov5/utils/segment/plots.py -> /home/lisii/Documents/Github-repos/TransferStation/1_Projects/Current/radar_yolov5_py/install/radar_yolov5_py/lib/python3.10/site-packages/radar_yolov5_py/yolov5/utils/segment
[0.981s] copying /home/lisii/Documents/Github-repos/TransferStation/1_Projects/Current/radar_yolov5_py/build/radar_yolov5_py/build/lib/radar_yolov5_py/yolov5/utils/segment/__init__.py -> /home/lisii/Documents/Github-repos/TransferStation/1_Projects/Current/radar_yolov5_py/install/radar_yolov5_py/lib/python3.10/site-packages/radar_yolov5_py/yolov5/utils/segment
[0.982s] copying /home/lisii/Documents/Github-repos/TransferStation/1_Projects/Current/radar_yolov5_py/build/radar_yolov5_py/build/lib/radar_yolov5_py/yolov5/utils/segment/augmentations.py -> /home/lisii/Documents/Github-repos/TransferStation/1_Projects/Current/radar_yolov5_py/install/radar_yolov5_py/lib/python3.10/site-packages/radar_yolov5_py/yolov5/utils/segment
[0.982s] copying /home/lisii/Documents/Github-repos/TransferStation/1_Projects/Current/radar_yolov5_py/build/radar_yolov5_py/build/lib/radar_yolov5_py/yolov5/utils/segment/loss.py -> /home/lisii/Documents/Github-repos/TransferStation/1_Projects/Current/radar_yolov5_py/install/radar_yolov5_py/lib/python3.10/site-packages/radar_yolov5_py/yolov5/utils/segment
[0.982s] copying /home/lisii/Documents/Github-repos/TransferStation/1_Projects/Current/radar_yolov5_py/build/radar_yolov5_py/build/lib/radar_yolov5_py/yolov5/utils/downloads.py -> /home/lisii/Documents/Github-repos/TransferStation/1_Projects/Current/radar_yolov5_py/install/radar_yolov5_py/lib/python3.10/site-packages/radar_yolov5_py/yolov5/utils
[0.982s] copying /home/lisii/Documents/Github-repos/TransferStation/1_Projects/Current/radar_yolov5_py/build/radar_yolov5_py/build/lib/radar_yolov5_py/yolov5/utils/torch_utils.py -> /home/lisii/Documents/Github-repos/TransferStation/1_Projects/Current/radar_yolov5_py/install/radar_yolov5_py/lib/python3.10/site-packages/radar_yolov5_py/yolov5/utils
[0.982s] copying /home/lisii/Documents/Github-repos/TransferStation/1_Projects/Current/radar_yolov5_py/build/radar_yolov5_py/build/lib/radar_yolov5_py/yolov5/utils/triton.py -> /home/lisii/Documents/Github-repos/TransferStation/1_Projects/Current/radar_yolov5_py/install/radar_yolov5_py/lib/python3.10/site-packages/radar_yolov5_py/yolov5/utils
[0.982s] copying /home/lisii/Documents/Github-repos/TransferStation/1_Projects/Current/radar_yolov5_py/build/radar_yolov5_py/build/lib/radar_yolov5_py/yolov5/utils/loss.py -> /home/lisii/Documents/Github-repos/TransferStation/1_Projects/Current/radar_yolov5_py/install/radar_yolov5_py/lib/python3.10/site-packages/radar_yolov5_py/yolov5/utils
[0.983s] copying /home/lisii/Documents/Github-repos/TransferStation/1_Projects/Current/radar_yolov5_py/build/radar_yolov5_py/build/lib/radar_yolov5_py/yolov5/utils/autobatch.py -> /home/lisii/Documents/Github-repos/TransferStation/1_Projects/Current/radar_yolov5_py/install/radar_yolov5_py/lib/python3.10/site-packages/radar_yolov5_py/yolov5/utils
[0.983s] copying /home/lisii/Documents/Github-repos/TransferStation/1_Projects/Current/radar_yolov5_py/build/radar_yolov5_py/build/lib/radar_yolov5_py/yolov5/benchmarks.py -> /home/lisii/Documents/Github-repos/TransferStation/1_Projects/Current/radar_yolov5_py/install/radar_yolov5_py/lib/python3.10/site-packages/radar_yolov5_py/yolov5
[0.983s] copying /home/lisii/Documents/Github-repos/TransferStation/1_Projects/Current/radar_yolov5_py/build/radar_yolov5_py/build/lib/radar_yolov5_py/yolov5/train.py -> /home/lisii/Documents/Github-repos/TransferStation/1_Projects/Current/radar_yolov5_py/install/radar_yolov5_py/lib/python3.10/site-packages/radar_yolov5_py/yolov5
[0.983s] byte-compiling /home/lisii/Documents/Github-repos/TransferStation/1_Projects/Current/radar_yolov5_py/install/radar_yolov5_py/lib/python3.10/site-packages/radar_yolov5_py/points_publisher.py to points_publisher.cpython-310.pyc
[0.984s] byte-compiling /home/lisii/Documents/Github-repos/TransferStation/1_Projects/Current/radar_yolov5_py/install/radar_yolov5_py/lib/python3.10/site-packages/radar_yolov5_py/yolov5/val.py to val.cpython-310.pyc
[0.987s] byte-compiling /home/lisii/Documents/Github-repos/TransferStation/1_Projects/Current/radar_yolov5_py/install/radar_yolov5_py/lib/python3.10/site-packages/radar_yolov5_py/yolov5/hubconf.py to hubconf.cpython-310.pyc
[0.988s] byte-compiling /home/lisii/Documents/Github-repos/TransferStation/1_Projects/Current/radar_yolov5_py/install/radar_yolov5_py/lib/python3.10/site-packages/radar_yolov5_py/yolov5/__init__.py to __init__.cpython-310.pyc
[0.988s] byte-compiling /home/lisii/Documents/Github-repos/TransferStation/1_Projects/Current/radar_yolov5_py/install/radar_yolov5_py/lib/python3.10/site-packages/radar_yolov5_py/yolov5/models/experimental.py to experimental.cpython-310.pyc
[0.989s] byte-compiling /home/lisii/Documents/Github-repos/TransferStation/1_Projects/Current/radar_yolov5_py/install/radar_yolov5_py/lib/python3.10/site-packages/radar_yolov5_py/yolov5/models/common.py to common.cpython-310.pyc
[0.995s] byte-compiling /home/lisii/Documents/Github-repos/TransferStation/1_Projects/Current/radar_yolov5_py/install/radar_yolov5_py/lib/python3.10/site-packages/radar_yolov5_py/yolov5/models/__init__.py to __init__.cpython-310.pyc
[0.996s] byte-compiling /home/lisii/Documents/Github-repos/TransferStation/1_Projects/Current/radar_yolov5_py/install/radar_yolov5_py/lib/python3.10/site-packages/radar_yolov5_py/yolov5/models/tf.py to tf.cpython-310.pyc
[1.000s] byte-compiling /home/lisii/Documents/Github-repos/TransferStation/1_Projects/Current/radar_yolov5_py/install/radar_yolov5_py/lib/python3.10/site-packages/radar_yolov5_py/yolov5/models/yolo.py to yolo.cpython-310.pyc
[1.003s] byte-compiling /home/lisii/Documents/Github-repos/TransferStation/1_Projects/Current/radar_yolov5_py/install/radar_yolov5_py/lib/python3.10/site-packages/radar_yolov5_py/yolov5/detect.py to detect.cpython-310.pyc
[1.004s] byte-compiling /home/lisii/Documents/Github-repos/TransferStation/1_Projects/Current/radar_yolov5_py/install/radar_yolov5_py/lib/python3.10/site-packages/radar_yolov5_py/yolov5/export.py to export.cpython-310.pyc
[1.009s] byte-compiling /home/lisii/Documents/Github-repos/TransferStation/1_Projects/Current/radar_yolov5_py/install/radar_yolov5_py/lib/python3.10/site-packages/radar_yolov5_py/yolov5/utils/activations.py to activations.cpython-310.pyc
[1.009s] byte-compiling /home/lisii/Documents/Github-repos/TransferStation/1_Projects/Current/radar_yolov5_py/install/radar_yolov5_py/lib/python3.10/site-packages/radar_yolov5_py/yolov5/utils/dataloaders.py to dataloaders.cpython-310.pyc
[1.017s] byte-compiling /home/lisii/Documents/Github-repos/TransferStation/1_Projects/Current/radar_yolov5_py/install/radar_yolov5_py/lib/python3.10/site-packages/radar_yolov5_py/yolov5/utils/general.py to general.cpython-310.pyc
[1.023s] byte-compiling /home/lisii/Documents/Github-repos/TransferStation/1_Projects/Current/radar_yolov5_py/install/radar_yolov5_py/lib/python3.10/site-packages/radar_yolov5_py/yolov5/utils/metrics.py to metrics.cpython-310.pyc
[1.025s] byte-compiling /home/lisii/Documents/Github-repos/TransferStation/1_Projects/Current/radar_yolov5_py/install/radar_yolov5_py/lib/python3.10/site-packages/radar_yolov5_py/yolov5/utils/aws/resume.py to resume.cpython-310.pyc
[1.026s] byte-compiling /home/lisii/Documents/Github-repos/TransferStation/1_Projects/Current/radar_yolov5_py/install/radar_yolov5_py/lib/python3.10/site-packages/radar_yolov5_py/yolov5/utils/aws/__init__.py to __init__.cpython-310.pyc
[1.026s] byte-compiling /home/lisii/Documents/Github-repos/TransferStation/1_Projects/Current/radar_yolov5_py/install/radar_yolov5_py/lib/python3.10/site-packages/radar_yolov5_py/yolov5/utils/loggers/wandb/wandb_utils.py to wandb_utils.cpython-310.pyc
[1.027s] byte-compiling /home/lisii/Documents/Github-repos/TransferStation/1_Projects/Current/radar_yolov5_py/install/radar_yolov5_py/lib/python3.10/site-packages/radar_yolov5_py/yolov5/utils/loggers/wandb/__init__.py to __init__.cpython-310.pyc
[1.027s] byte-compiling /home/lisii/Documents/Github-repos/TransferStation/1_Projects/Current/radar_yolov5_py/install/radar_yolov5_py/lib/python3.10/site-packages/radar_yolov5_py/yolov5/utils/loggers/__init__.py to __init__.cpython-310.pyc
[1.029s] byte-compiling /home/lisii/Documents/Github-repos/TransferStation/1_Projects/Current/radar_yolov5_py/install/radar_yolov5_py/lib/python3.10/site-packages/radar_yolov5_py/yolov5/utils/loggers/comet/comet_utils.py to comet_utils.cpython-310.pyc
[1.030s] byte-compiling /home/lisii/Documents/Github-repos/TransferStation/1_Projects/Current/radar_yolov5_py/install/radar_yolov5_py/lib/python3.10/site-packages/radar_yolov5_py/yolov5/utils/loggers/comet/hpo.py to hpo.cpython-310.pyc
[1.031s] byte-compiling /home/lisii/Documents/Github-repos/TransferStation/1_Projects/Current/radar_yolov5_py/install/radar_yolov5_py/lib/python3.10/site-packages/radar_yolov5_py/yolov5/utils/loggers/comet/__init__.py to __init__.cpython-310.pyc
[1.033s] byte-compiling /home/lisii/Documents/Github-repos/TransferStation/1_Projects/Current/radar_yolov5_py/install/radar_yolov5_py/lib/python3.10/site-packages/radar_yolov5_py/yolov5/utils/loggers/clearml/hpo.py to hpo.cpython-310.pyc
[1.034s] byte-compiling /home/lisii/Documents/Github-repos/TransferStation/1_Projects/Current/radar_yolov5_py/install/radar_yolov5_py/lib/python3.10/site-packages/radar_yolov5_py/yolov5/utils/loggers/clearml/clearml_utils.py to clearml_utils.cpython-310.pyc
[1.035s] byte-compiling /home/lisii/Documents/Github-repos/TransferStation/1_Projects/Current/radar_yolov5_py/install/radar_yolov5_py/lib/python3.10/site-packages/radar_yolov5_py/yolov5/utils/loggers/clearml/__init__.py to __init__.cpython-310.pyc
[1.035s] byte-compiling /home/lisii/Documents/Github-repos/TransferStation/1_Projects/Current/radar_yolov5_py/install/radar_yolov5_py/lib/python3.10/site-packages/radar_yolov5_py/yolov5/utils/plots.py to plots.cpython-310.pyc
[1.038s] byte-compiling /home/lisii/Documents/Github-repos/TransferStation/1_Projects/Current/radar_yolov5_py/install/radar_yolov5_py/lib/python3.10/site-packages/radar_yolov5_py/yolov5/utils/__init__.py to __init__.cpython-310.pyc
[1.038s] byte-compiling /home/lisii/Documents/Github-repos/TransferStation/1_Projects/Current/radar_yolov5_py/install/radar_yolov5_py/lib/python3.10/site-packages/radar_yolov5_py/yolov5/utils/augmentations.py to augmentations.cpython-310.pyc
[1.041s] byte-compiling /home/lisii/Documents/Github-repos/TransferStation/1_Projects/Current/radar_yolov5_py/install/radar_yolov5_py/lib/python3.10/site-packages/radar_yolov5_py/yolov5/utils/autoanchor.py to autoanchor.cpython-310.pyc
[1.042s] byte-compiling /home/lisii/Documents/Github-repos/TransferStation/1_Projects/Current/radar_yolov5_py/install/radar_yolov5_py/lib/python3.10/site-packages/radar_yolov5_py/yolov5/utils/callbacks.py to callbacks.cpython-310.pyc
[1.043s] byte-compiling /home/lisii/Documents/Github-repos/TransferStation/1_Projects/Current/radar_yolov5_py/install/radar_yolov5_py/lib/python3.10/site-packages/radar_yolov5_py/yolov5/utils/segment/dataloaders.py to dataloaders.cpython-310.pyc
[1.044s] byte-compiling /home/lisii/Documents/Github-repos/TransferStation/1_Projects/Current/radar_yolov5_py/install/radar_yolov5_py/lib/python3.10/site-packages/radar_yolov5_py/yolov5/utils/segment/general.py to general.cpython-310.pyc
[1.045s] byte-compiling /home/lisii/Documents/Github-repos/TransferStation/1_Projects/Current/radar_yolov5_py/install/radar_yolov5_py/lib/python3.10/site-packages/radar_yolov5_py/yolov5/utils/segment/metrics.py to metrics.cpython-310.pyc
[1.046s] byte-compiling /home/lisii/Documents/Github-repos/TransferStation/1_Projects/Current/radar_yolov5_py/install/radar_yolov5_py/lib/python3.10/site-packages/radar_yolov5_py/yolov5/utils/segment/plots.py to plots.cpython-310.pyc
[1.047s] byte-compiling /home/lisii/Documents/Github-repos/TransferStation/1_Projects/Current/radar_yolov5_py/install/radar_yolov5_py/lib/python3.10/site-packages/radar_yolov5_py/yolov5/utils/segment/__init__.py to __init__.cpython-310.pyc
[1.047s] byte-compiling /home/lisii/Documents/Github-repos/TransferStation/1_Projects/Current/radar_yolov5_py/install/radar_yolov5_py/lib/python3.10/site-packages/radar_yolov5_py/yolov5/utils/segment/augmentations.py to augmentations.cpython-310.pyc
[1.048s] byte-compiling /home/lisii/Documents/Github-repos/TransferStation/1_Projects/Current/radar_yolov5_py/install/radar_yolov5_py/lib/python3.10/site-packages/radar_yolov5_py/yolov5/utils/segment/loss.py to loss.cpython-310.pyc
[1.050s] byte-compiling /home/lisii/Documents/Github-repos/TransferStation/1_Projects/Current/radar_yolov5_py/install/radar_yolov5_py/lib/python3.10/site-packages/radar_yolov5_py/yolov5/utils/downloads.py to downloads.cpython-310.pyc
[1.050s] byte-compiling /home/lisii/Documents/Github-repos/TransferStation/1_Projects/Current/radar_yolov5_py/install/radar_yolov5_py/lib/python3.10/site-packages/radar_yolov5_py/yolov5/utils/torch_utils.py to torch_utils.cpython-310.pyc
[1.053s] byte-compiling /home/lisii/Documents/Github-repos/TransferStation/1_Projects/Current/radar_yolov5_py/install/radar_yolov5_py/lib/python3.10/site-packages/radar_yolov5_py/yolov5/utils/triton.py to triton.cpython-310.pyc
[1.054s] byte-compiling /home/lisii/Documents/Github-repos/TransferStation/1_Projects/Current/radar_yolov5_py/install/radar_yolov5_py/lib/python3.10/site-packages/radar_yolov5_py/yolov5/utils/loss.py to loss.cpython-310.pyc
[1.055s] byte-compiling /home/lisii/Documents/Github-repos/TransferStation/1_Projects/Current/radar_yolov5_py/install/radar_yolov5_py/lib/python3.10/site-packages/radar_yolov5_py/yolov5/utils/autobatch.py to autobatch.cpython-310.pyc
[1.056s] byte-compiling /home/lisii/Documents/Github-repos/TransferStation/1_Projects/Current/radar_yolov5_py/install/radar_yolov5_py/lib/python3.10/site-packages/radar_yolov5_py/yolov5/benchmarks.py to benchmarks.cpython-310.pyc
[1.057s] byte-compiling /home/lisii/Documents/Github-repos/TransferStation/1_Projects/Current/radar_yolov5_py/install/radar_yolov5_py/lib/python3.10/site-packages/radar_yolov5_py/yolov5/train.py to train.cpython-310.pyc
[1.060s] running install_data
[1.074s] copying resource/radar_yolov5_py -> /home/lisii/Documents/Github-repos/TransferStation/1_Projects/Current/radar_yolov5_py/install/radar_yolov5_py/share/ament_index/resource_index/packages
[1.074s] copying package.xml -> /home/lisii/Documents/Github-repos/TransferStation/1_Projects/Current/radar_yolov5_py/install/radar_yolov5_py/share/radar_yolov5_py
[1.075s] running install_egg_info
[1.089s] removing '/home/lisii/Documents/Github-repos/TransferStation/1_Projects/Current/radar_yolov5_py/install/radar_yolov5_py/lib/python3.10/site-packages/radar_yolov5_py-0.0.0-py3.10.egg-info' (and everything under it)
[1.089s] Copying build/radar_yolov5_py/radar_yolov5_py.egg-info to /home/lisii/Documents/Github-repos/TransferStation/1_Projects/Current/radar_yolov5_py/install/radar_yolov5_py/lib/python3.10/site-packages/radar_yolov5_py-0.0.0-py3.10.egg-info
[1.090s] running install_scripts
[1.215s] Installing points_publisher script to /home/lisii/Documents/Github-repos/TransferStation/1_Projects/Current/radar_yolov5_py/install/radar_yolov5_py/lib/radar_yolov5_py
[1.216s] writing list of installed files to '/home/lisii/Documents/Github-repos/TransferStation/1_Projects/Current/radar_yolov5_py/build/radar_yolov5_py/install.log'
[1.236s] Invoked command in '/home/lisii/Documents/Github-repos/TransferStation/1_Projects/Current/radar_yolov5_py' returned '0': PYTHONPATH=/home/lisii/Documents/Github-repos/TransferStation/1_Projects/Current/radar_yolov5_py/build/radar_yolov5_py/prefix_override:/home/lisii/Documents/Github-repos/TransferStation/1_Projects/Current/radar_yolov5_py/install/radar_yolov5_py/lib/python3.10/site-packages:${PYTHONPATH} /usr/bin/python3 setup.py egg_info --egg-base build/radar_yolov5_py build --build-base /home/lisii/Documents/Github-repos/TransferStation/1_Projects/Current/radar_yolov5_py/build/radar_yolov5_py/build install --record /home/lisii/Documents/Github-repos/TransferStation/1_Projects/Current/radar_yolov5_py/build/radar_yolov5_py/install.log --single-version-externally-managed
