[0.749s] Invoking command in '/home/lisii/Documents/Github-repos/TransferStation/1_Projects/Current/Radar_alliance/radar_yolov5_py': PYTHONPATH=/home/lisii/Documents/Github-repos/TransferStation/1_Projects/Current/Radar_alliance/radar_yolov5_py/build/radar_yolov5_py/prefix_override:/home/lisii/Documents/Github-repos/TransferStation/1_Projects/Current/Radar_alliance/radar_yolov5_py/install/radar_yolov5_py/lib/python3.10/site-packages:${PYTHONPATH} _=/usr/bin/env /usr/bin/python3 setup.py egg_info --egg-base build/radar_yolov5_py build --build-base /home/lisii/Documents/Github-repos/TransferStation/1_Projects/Current/Radar_alliance/radar_yolov5_py/build/radar_yolov5_py/build install --record /home/lisii/Documents/Github-repos/TransferStation/1_Projects/Current/Radar_alliance/radar_yolov5_py/build/radar_yolov5_py/install.log --single-version-externally-managed
[0.934s] running egg_info
[0.948s] writing build/radar_yolov5_py/radar_yolov5_py.egg-info/PKG-INFO
[0.948s] writing dependency_links to build/radar_yolov5_py/radar_yolov5_py.egg-info/dependency_links.txt
[0.948s] writing entry points to build/radar_yolov5_py/radar_yolov5_py.egg-info/entry_points.txt
[0.948s] writing requirements to build/radar_yolov5_py/radar_yolov5_py.egg-info/requires.txt
[0.949s] writing top-level names to build/radar_yolov5_py/radar_yolov5_py.egg-info/top_level.txt
[0.978s] reading manifest file 'build/radar_yolov5_py/radar_yolov5_py.egg-info/SOURCES.txt'
[0.979s] writing manifest file 'build/radar_yolov5_py/radar_yolov5_py.egg-info/SOURCES.txt'
[0.979s] running build
[0.979s] running build_py
[0.980s] copying radar_yolov5_py/points_publisher.py -> /home/lisii/Documents/Github-repos/TransferStation/1_Projects/Current/Radar_alliance/radar_yolov5_py/build/radar_yolov5_py/build/lib/radar_yolov5_py
[0.980s] copying radar_yolov5_py/__init__.py -> /home/lisii/Documents/Github-repos/TransferStation/1_Projects/Current/Radar_alliance/radar_yolov5_py/build/radar_yolov5_py/build/lib/radar_yolov5_py
[0.980s] copying radar_yolov5_py/export.py -> /home/lisii/Documents/Github-repos/TransferStation/1_Projects/Current/Radar_alliance/radar_yolov5_py/build/radar_yolov5_py/build/lib/radar_yolov5_py
[0.980s] copying radar_yolov5_py/models/yolo.py -> /home/lisii/Documents/Github-repos/TransferStation/1_Projects/Current/Radar_alliance/radar_yolov5_py/build/radar_yolov5_py/build/lib/radar_yolov5_py/models
[0.981s] copying radar_yolov5_py/utils/torch_utils.py -> /home/lisii/Documents/Github-repos/TransferStation/1_Projects/Current/Radar_alliance/radar_yolov5_py/build/radar_yolov5_py/build/lib/radar_yolov5_py/utils
[0.983s] running install
[0.983s] /home/lisii/.local/lib/python3.10/site-packages/setuptools/_distutils/cmd.py:66: SetuptoolsDeprecationWarning: setup.py install is deprecated.
[0.983s] !!
[0.983s] 
[0.983s]         ********************************************************************************
[0.983s]         Please avoid running ``setup.py`` directly.
[0.983s]         Instead, use pypa/build, pypa/installer or other
[0.983s]         standards-based tools.
[0.983s] 
[0.983s]         See https://blog.ganssle.io/articles/2021/10/setup-py-deprecated.html for details.
[0.983s]         ********************************************************************************
[0.983s] 
[0.983s] !!
[0.984s]   self.initialize_options()
[0.988s] running install_lib
[1.002s] copying /home/lisii/Documents/Github-repos/TransferStation/1_Projects/Current/Radar_alliance/radar_yolov5_py/build/radar_yolov5_py/build/lib/radar_yolov5_py/points_publisher.py -> /home/lisii/Documents/Github-repos/TransferStation/1_Projects/Current/Radar_alliance/radar_yolov5_py/install/radar_yolov5_py/lib/python3.10/site-packages/radar_yolov5_py
[1.004s] byte-compiling /home/lisii/Documents/Github-repos/TransferStation/1_Projects/Current/Radar_alliance/radar_yolov5_py/install/radar_yolov5_py/lib/python3.10/site-packages/radar_yolov5_py/points_publisher.py to points_publisher.cpython-310.pyc
[1.007s] running install_data
[1.022s] copying resource/radar_yolov5_py -> /home/lisii/Documents/Github-repos/TransferStation/1_Projects/Current/Radar_alliance/radar_yolov5_py/install/radar_yolov5_py/share/ament_index/resource_index/packages
[1.022s] copying package.xml -> /home/lisii/Documents/Github-repos/TransferStation/1_Projects/Current/Radar_alliance/radar_yolov5_py/install/radar_yolov5_py/share/radar_yolov5_py
[1.022s] running install_egg_info
[1.036s] removing '/home/lisii/Documents/Github-repos/TransferStation/1_Projects/Current/Radar_alliance/radar_yolov5_py/install/radar_yolov5_py/lib/python3.10/site-packages/radar_yolov5_py-0.0.0-py3.10.egg-info' (and everything under it)
[1.037s] Copying build/radar_yolov5_py/radar_yolov5_py.egg-info to /home/lisii/Documents/Github-repos/TransferStation/1_Projects/Current/Radar_alliance/radar_yolov5_py/install/radar_yolov5_py/lib/python3.10/site-packages/radar_yolov5_py-0.0.0-py3.10.egg-info
[1.037s] running install_scripts
[1.167s] Installing points_publisher script to /home/lisii/Documents/Github-repos/TransferStation/1_Projects/Current/Radar_alliance/radar_yolov5_py/install/radar_yolov5_py/lib/radar_yolov5_py
[1.168s] writing list of installed files to '/home/lisii/Documents/Github-repos/TransferStation/1_Projects/Current/Radar_alliance/radar_yolov5_py/build/radar_yolov5_py/install.log'
[1.187s] Invoked command in '/home/lisii/Documents/Github-repos/TransferStation/1_Projects/Current/Radar_alliance/radar_yolov5_py' returned '0': PYTHONPATH=/home/lisii/Documents/Github-repos/TransferStation/1_Projects/Current/Radar_alliance/radar_yolov5_py/build/radar_yolov5_py/prefix_override:/home/lisii/Documents/Github-repos/TransferStation/1_Projects/Current/Radar_alliance/radar_yolov5_py/install/radar_yolov5_py/lib/python3.10/site-packages:${PYTHONPATH} _=/usr/bin/env /usr/bin/python3 setup.py egg_info --egg-base build/radar_yolov5_py build --build-base /home/lisii/Documents/Github-repos/TransferStation/1_Projects/Current/Radar_alliance/radar_yolov5_py/build/radar_yolov5_py/build install --record /home/lisii/Documents/Github-repos/TransferStation/1_Projects/Current/Radar_alliance/radar_yolov5_py/build/radar_yolov5_py/install.log --single-version-externally-managed
