[0.057s] Invoking command in '/home/lisii/Documents/Github-repos/TransferStation/1_Projects/Current/radar_remap_cpp/build/radar_remap_cpp': CMAKE_PREFIX_PATH=/opt/ros/humble /usr/bin/cmake --build /home/lisii/Documents/Github-repos/TransferStation/1_Projects/Current/radar_remap_cpp/build/radar_remap_cpp -- -j12 -l12
[0.074s] -- Found ament_cmake: 1.3.6 (/opt/ros/humble/share/ament_cmake/cmake)
[0.186s] -- Found rclcpp: 16.0.7 (/opt/ros/humble/share/rclcpp/cmake)
[0.208s] -- Found rosidl_generator_c: 3.1.5 (/opt/ros/humble/share/rosidl_generator_c/cmake)
[0.210s] -- Found rosidl_adapter: 3.1.5 (/opt/ros/humble/share/rosidl_adapter/cmake)
[0.215s] -- Found rosidl_generator_cpp: 3.1.5 (/opt/ros/humble/share/rosidl_generator_cpp/cmake)
[0.225s] -- Using all available rosidl_typesupport_c: rosidl_typesupport_fastrtps_c;rosidl_typesupport_introspection_c
[0.239s] -- Using all available rosidl_typesupport_cpp: rosidl_typesupport_fastrtps_cpp;rosidl_typesupport_introspection_cpp
[0.289s] -- Found rmw_implementation_cmake: 6.1.1 (/opt/ros/humble/share/rmw_implementation_cmake/cmake)
[0.290s] -- Found rmw_fastrtps_cpp: 6.2.5 (/opt/ros/humble/share/rmw_fastrtps_cpp/cmake)
[0.381s] -- Using RMW implementation 'rmw_fastrtps_cpp' as default
[0.527s] -- Found OpenCV: /usr (found version "4.5.4") 
[0.527s] -- Found ament_lint_auto: 0.12.9 (/opt/ros/humble/share/ament_lint_auto/cmake)
[0.600s] -- Added test 'cppcheck' to perform static code analysis on C / C++ code
[0.600s] -- Configured cppcheck include dirs: 
[0.600s] -- Configured cppcheck exclude dirs and/or files: 
[0.603s] -- Added test 'flake8' to check Python code syntax and style conventions
[0.607s] -- Added test 'lint_cmake' to check CMake code style
[0.610s] -- Added test 'pep257' to check Python code against some of the docstring style conventions in PEP 257
[0.628s] -- Added test 'uncrustify' to check C / C++ code style
[0.628s] -- Configured uncrustify additional arguments: 
[0.630s] -- Added test 'xmllint' to check XML markup files
[0.633s] -- Configuring done
[0.642s] -- Generating done
[0.643s] -- Build files have been written to: /home/lisii/Documents/Github-repos/TransferStation/1_Projects/Current/radar_remap_cpp/build/radar_remap_cpp
[0.662s] [35m[1mConsolidate compiler generated dependencies of target points_subscriber[0m
[0.676s] [ 50%] [32mBuilding CXX object CMakeFiles/points_subscriber.dir/src/points_subscriber.cpp.o[0m
[3.022s] [01m[K/home/lisii/Documents/Github-repos/TransferStation/1_Projects/Current/radar_remap_cpp/src/points_subscriber.cpp:[m[K In member function ‘[01m[Kvoid Points_subscriber::command_callback(std_msgs::msg::Float32MultiArray_<std::allocator<void> >::SharedPtr)[m[K’:
[3.022s] [01m[K/home/lisii/Documents/Github-repos/TransferStation/1_Projects/Current/radar_remap_cpp/src/points_subscriber.cpp:92:28:[m[K [01;35m[Kwarning: [m[Kcomparison of integer expressions of different signedness: ‘[01m[Kint[m[K’ and ‘[01m[Kstd::vector<float>::size_type[m[K’ {aka ‘[01m[Klong unsigned int[m[K’} [[01;35m[K]8;;https://gcc.gnu.org/onlinedocs/gcc/Warning-Options.html#index-Wsign-compare-Wsign-compare]8;;[m[K]
[3.022s]    92 |         for (auto i = 0; [01;35m[Ki < msg->data.size() - 1[m[K; i++)
[3.022s]       |                          [01;35m[K~~^~~~~~~~~~~~~~~~~~~~~~[m[K
[8.003s] [100%] [32m[1mLinking CXX executable points_subscriber[0m
[8.713s] [100%] Built target points_subscriber
[8.721s] Invoked command in '/home/lisii/Documents/Github-repos/TransferStation/1_Projects/Current/radar_remap_cpp/build/radar_remap_cpp' returned '0': CMAKE_PREFIX_PATH=/opt/ros/humble /usr/bin/cmake --build /home/lisii/Documents/Github-repos/TransferStation/1_Projects/Current/radar_remap_cpp/build/radar_remap_cpp -- -j12 -l12
[8.744s] Invoking command in '/home/lisii/Documents/Github-repos/TransferStation/1_Projects/Current/radar_remap_cpp/build/radar_remap_cpp': CMAKE_PREFIX_PATH=/opt/ros/humble /usr/bin/cmake --install /home/lisii/Documents/Github-repos/TransferStation/1_Projects/Current/radar_remap_cpp/build/radar_remap_cpp
[8.751s] -- Install configuration: ""
[8.751s] -- Up-to-date: /home/lisii/Documents/Github-repos/TransferStation/1_Projects/Current/radar_remap_cpp/install/radar_remap_cpp/share/ament_index/resource_index/package_run_dependencies/radar_remap_cpp
[8.751s] -- Installing: /home/lisii/Documents/Github-repos/TransferStation/1_Projects/Current/radar_remap_cpp/install/radar_remap_cpp/share/ament_index/resource_index/parent_prefix_path/radar_remap_cpp
[8.751s] -- Up-to-date: /home/lisii/Documents/Github-repos/TransferStation/1_Projects/Current/radar_remap_cpp/install/radar_remap_cpp/share/radar_remap_cpp/environment/ament_prefix_path.sh
[8.751s] -- Installing: /home/lisii/Documents/Github-repos/TransferStation/1_Projects/Current/radar_remap_cpp/install/radar_remap_cpp/share/radar_remap_cpp/environment/ament_prefix_path.dsv
[8.751s] -- Up-to-date: /home/lisii/Documents/Github-repos/TransferStation/1_Projects/Current/radar_remap_cpp/install/radar_remap_cpp/share/radar_remap_cpp/environment/path.sh
[8.751s] -- Installing: /home/lisii/Documents/Github-repos/TransferStation/1_Projects/Current/radar_remap_cpp/install/radar_remap_cpp/share/radar_remap_cpp/environment/path.dsv
[8.751s] -- Up-to-date: /home/lisii/Documents/Github-repos/TransferStation/1_Projects/Current/radar_remap_cpp/install/radar_remap_cpp/share/radar_remap_cpp/local_setup.bash
[8.752s] -- Up-to-date: /home/lisii/Documents/Github-repos/TransferStation/1_Projects/Current/radar_remap_cpp/install/radar_remap_cpp/share/radar_remap_cpp/local_setup.sh
[8.752s] -- Up-to-date: /home/lisii/Documents/Github-repos/TransferStation/1_Projects/Current/radar_remap_cpp/install/radar_remap_cpp/share/radar_remap_cpp/local_setup.zsh
[8.752s] -- Installing: /home/lisii/Documents/Github-repos/TransferStation/1_Projects/Current/radar_remap_cpp/install/radar_remap_cpp/share/radar_remap_cpp/local_setup.dsv
[8.752s] -- Installing: /home/lisii/Documents/Github-repos/TransferStation/1_Projects/Current/radar_remap_cpp/install/radar_remap_cpp/share/radar_remap_cpp/package.dsv
[8.752s] -- Up-to-date: /home/lisii/Documents/Github-repos/TransferStation/1_Projects/Current/radar_remap_cpp/install/radar_remap_cpp/share/ament_index/resource_index/packages/radar_remap_cpp
[8.752s] -- Up-to-date: /home/lisii/Documents/Github-repos/TransferStation/1_Projects/Current/radar_remap_cpp/install/radar_remap_cpp/share/radar_remap_cpp/cmake/radar_remap_cppConfig.cmake
[8.752s] -- Up-to-date: /home/lisii/Documents/Github-repos/TransferStation/1_Projects/Current/radar_remap_cpp/install/radar_remap_cpp/share/radar_remap_cpp/cmake/radar_remap_cppConfig-version.cmake
[8.752s] -- Up-to-date: /home/lisii/Documents/Github-repos/TransferStation/1_Projects/Current/radar_remap_cpp/install/radar_remap_cpp/share/radar_remap_cpp/package.xml
[8.752s] -- Installing: /home/lisii/Documents/Github-repos/TransferStation/1_Projects/Current/radar_remap_cpp/install/radar_remap_cpp/lib/radar_remap_cpp/points_subscriber
[8.754s] -- Set runtime path of "/home/lisii/Documents/Github-repos/TransferStation/1_Projects/Current/radar_remap_cpp/install/radar_remap_cpp/lib/radar_remap_cpp/points_subscriber" to ""
[8.756s] Invoked command in '/home/lisii/Documents/Github-repos/TransferStation/1_Projects/Current/radar_remap_cpp/build/radar_remap_cpp' returned '0': CMAKE_PREFIX_PATH=/opt/ros/humble /usr/bin/cmake --install /home/lisii/Documents/Github-repos/TransferStation/1_Projects/Current/radar_remap_cpp/build/radar_remap_cpp
