[35m[1mConsolidate compiler generated dependencies of target points_subscriber[0m
[ 50%] [32mBuilding CXX object CMakeFiles/points_subscriber.dir/src/points_subscriber.cpp.o[0m
[01m[K/home/lisii/Documents/Github-repos/TransferStation/1_Projects/Current/radar_remap_cpp/src/points_subscriber.cpp:[m[K In member function ‘[01m[Kvoid Points_subscriber::command_callback(std_msgs::msg::Float32MultiArray_<std::allocator<void> >::SharedPtr)[m[K’:
[01m[K/home/lisii/Documents/Github-repos/TransferStation/1_Projects/Current/radar_remap_cpp/src/points_subscriber.cpp:84:28:[m[K [01;35m[Kwarning: [m[Kcomparison of integer expressions of different signedness: ‘[01m[Kint[m[K’ and ‘[01m[Kstd::vector<float>::size_type[m[K’ {aka ‘[01m[Klong unsigned int[m[K’} [[01;35m[K]8;;https://gcc.gnu.org/onlinedocs/gcc/Warning-Options.html#index-Wsign-compare-Wsign-compare]8;;[m[K]
   84 |         for (auto i = 0; [01;35m[Ki < msg->data.size() - 1[m[K; i++) {
      |                          [01;35m[K~~^~~~~~~~~~~~~~~~~~~~~~[m[K
[01m[K/home/lisii/Documents/Github-repos/TransferStation/1_Projects/Current/radar_remap_cpp/src/points_subscriber.cpp:87:22:[m[K [01;31m[Kerror: [m[Kreference to ‘[01m[Kcount[m[K’ is ambiguous
   87 |         remap(points,[01;31m[Kcount[m[K);
      |                      [01;31m[K^~~~~[m[K
In file included from [01m[K/usr/include/c++/11/algorithm:74[m[K,
                 from [01m[K/opt/ros/humble/include/rclcpp/rclcpp/executor.hpp:18[m[K,
                 from [01m[K/opt/ros/humble/include/rclcpp/rclcpp/executors/multi_threaded_executor.hpp:25[m[K,
                 from [01m[K/opt/ros/humble/include/rclcpp/rclcpp/executors.hpp:21[m[K,
                 from [01m[K/opt/ros/humble/include/rclcpp/rclcpp/rclcpp.hpp:155[m[K,
                 from [01m[K/home/lisii/Documents/Github-repos/TransferStation/1_Projects/Current/radar_remap_cpp/src/points_subscriber.cpp:1[m[K:
[01m[K/usr/include/c++/11/pstl/glue_algorithm_defs.h:101:1:[m[K [01;36m[Knote: [m[Kcandidates are: ‘[01m[Ktemplate<class _ExecutionPolicy, class _ForwardIterator, class _Tp> __pstl::__internal::__enable_if_execution_policy<_ExecutionPolicy, typename std::iterator_traits<_II>::difference_type> std::count(_ExecutionPolicy&&, _ForwardIterator, _ForwardIterator, const _Tp&)[m[K’
  101 | [01;36m[Kcount[m[K(_ExecutionPolicy&& __exec, _ForwardIterator __first, _ForwardIterator __last, const _Tp& __value);
      | [01;36m[K^~~~~[m[K
In file included from [01m[K/usr/include/c++/11/algorithm:62[m[K,
                 from [01m[K/opt/ros/humble/include/rclcpp/rclcpp/executor.hpp:18[m[K,
                 from [01m[K/opt/ros/humble/include/rclcpp/rclcpp/executors/multi_threaded_executor.hpp:25[m[K,
                 from [01m[K/opt/ros/humble/include/rclcpp/rclcpp/executors.hpp:21[m[K,
                 from [01m[K/opt/ros/humble/include/rclcpp/rclcpp/rclcpp.hpp:155[m[K,
                 from [01m[K/home/lisii/Documents/Github-repos/TransferStation/1_Projects/Current/radar_remap_cpp/src/points_subscriber.cpp:1[m[K:
[01m[K/usr/include/c++/11/bits/stl_algo.h:4059:5:[m[K [01;36m[Knote: [m[K                ‘[01m[Ktemplate<class _IIter, class _Tp> typename std::iterator_traits< <template-parameter-1-1> >::difference_type std::count(_IIter, _IIter, const _Tp&)[m[K’
 4059 |     [01;36m[Kcount[m[K(_InputIterator __first, _InputIterator __last, const _Tp& __value)
      |     [01;36m[K^~~~~[m[K
[01m[K/home/lisii/Documents/Github-repos/TransferStation/1_Projects/Current/radar_remap_cpp/src/points_subscriber.cpp:25:6:[m[K [01;36m[Knote: [m[K                ‘[01m[Klong int count[m[K’
   25 | long [01;36m[Kcount[m[K = 0;
      |      [01;36m[K^~~~~[m[K
[01m[K/home/lisii/Documents/Github-repos/TransferStation/1_Projects/Current/radar_remap_cpp/src/points_subscriber.cpp:88:9:[m[K [01;31m[Kerror: [m[Kreference to ‘[01m[Kcount[m[K’ is ambiguous
   88 |         [01;31m[Kcount[m[K++;
      |         [01;31m[K^~~~~[m[K
In file included from [01m[K/usr/include/c++/11/algorithm:74[m[K,
                 from [01m[K/opt/ros/humble/include/rclcpp/rclcpp/executor.hpp:18[m[K,
                 from [01m[K/opt/ros/humble/include/rclcpp/rclcpp/executors/multi_threaded_executor.hpp:25[m[K,
                 from [01m[K/opt/ros/humble/include/rclcpp/rclcpp/executors.hpp:21[m[K,
                 from [01m[K/opt/ros/humble/include/rclcpp/rclcpp/rclcpp.hpp:155[m[K,
                 from [01m[K/home/lisii/Documents/Github-repos/TransferStation/1_Projects/Current/radar_remap_cpp/src/points_subscriber.cpp:1[m[K:
[01m[K/usr/include/c++/11/pstl/glue_algorithm_defs.h:101:1:[m[K [01;36m[Knote: [m[Kcandidates are: ‘[01m[Ktemplate<class _ExecutionPolicy, class _ForwardIterator, class _Tp> __pstl::__internal::__enable_if_execution_policy<_ExecutionPolicy, typename std::iterator_traits<_II>::difference_type> std::count(_ExecutionPolicy&&, _ForwardIterator, _ForwardIterator, const _Tp&)[m[K’
  101 | [01;36m[Kcount[m[K(_ExecutionPolicy&& __exec, _ForwardIterator __first, _ForwardIterator __last, const _Tp& __value);
      | [01;36m[K^~~~~[m[K
In file included from [01m[K/usr/include/c++/11/algorithm:62[m[K,
                 from [01m[K/opt/ros/humble/include/rclcpp/rclcpp/executor.hpp:18[m[K,
                 from [01m[K/opt/ros/humble/include/rclcpp/rclcpp/executors/multi_threaded_executor.hpp:25[m[K,
                 from [01m[K/opt/ros/humble/include/rclcpp/rclcpp/executors.hpp:21[m[K,
                 from [01m[K/opt/ros/humble/include/rclcpp/rclcpp/rclcpp.hpp:155[m[K,
                 from [01m[K/home/lisii/Documents/Github-repos/TransferStation/1_Projects/Current/radar_remap_cpp/src/points_subscriber.cpp:1[m[K:
[01m[K/usr/include/c++/11/bits/stl_algo.h:4059:5:[m[K [01;36m[Knote: [m[K                ‘[01m[Ktemplate<class _IIter, class _Tp> typename std::iterator_traits< <template-parameter-1-1> >::difference_type std::count(_IIter, _IIter, const _Tp&)[m[K’
 4059 |     [01;36m[Kcount[m[K(_InputIterator __first, _InputIterator __last, const _Tp& __value)
      |     [01;36m[K^~~~~[m[K
[01m[K/home/lisii/Documents/Github-repos/TransferStation/1_Projects/Current/radar_remap_cpp/src/points_subscriber.cpp:25:6:[m[K [01;36m[Knote: [m[K                ‘[01m[Klong int count[m[K’
   25 | long [01;36m[Kcount[m[K = 0;
      |      [01;36m[K^~~~~[m[K
gmake[2]: *** [CMakeFiles/points_subscriber.dir/build.make:76：CMakeFiles/points_subscriber.dir/src/points_subscriber.cpp.o] 错误 1
gmake[1]: *** [CMakeFiles/Makefile2:137：CMakeFiles/points_subscriber.dir/all] 错误 2
gmake: *** [Makefile:146：all] 错误 2
