[0.018s] Invoking command in '/workspaces/DockerExample/Radar_alliance V1.0/radar_remap_cpp/build/radar_remap_cpp': /usr/bin/cmake /workspaces/DockerExample/Radar_alliance V1.0/radar_remap_cpp -DCMAKE_INSTALL_PREFIX=/workspaces/DockerExample/Radar_alliance V1.0/radar_remap_cpp/install/radar_remap_cpp
[0.086s] -- The C compiler identification is GNU 11.4.0
[0.149s] -- The CXX compiler identification is GNU 11.4.0
[0.156s] -- Detecting C compiler ABI info
[0.211s] -- Detecting C compiler ABI info - done
[0.219s] -- Check for working C compiler: /usr/bin/cc - skipped
[0.219s] -- Detecting C compile features
[0.220s] -- Detecting C compile features - done
[0.224s] -- Detecting CXX compiler ABI info
[0.284s] -- Detecting CXX compiler ABI info - done
[0.296s] -- Check for working CXX compiler: /usr/bin/c++ - skipped
[0.296s] -- Detecting CXX compile features
[0.297s] -- Detecting CXX compile features - done
[0.302s] [31mCMake Error at CMakeLists.txt:9 (find_package):
[0.302s]   By not providing "Findament_cmake.cmake" in CMAKE_MODULE_PATH this project
[0.302s]   has asked CMake to find a package configuration file provided by
[0.302s]   "ament_cmake", but CMake did not find one.
[0.302s] 
[0.303s]   Could not find a package configuration file provided by "ament_cmake" with
[0.303s]   any of the following names:
[0.303s] 
[0.303s]     ament_cmakeConfig.cmake
[0.303s]     ament_cmake-config.cmake
[0.303s] 
[0.303s]   Add the installation prefix of "ament_cmake" to CMAKE_PREFIX_PATH or set
[0.303s]   "ament_cmake_DIR" to a directory containing one of the above files.  If
[0.303s]   "ament_cmake" provides a separate development package or SDK, be sure it
[0.303s]   has been installed.
[0.303s] 
[0.303s] [0m
[0.303s] -- Configuring incomplete, errors occurred!
[0.303s] See also "/workspaces/DockerExample/Radar_alliance V1.0/radar_remap_cpp/build/radar_remap_cpp/CMakeFiles/CMakeOutput.log".
[0.305s] Invoked command in '/workspaces/DockerExample/Radar_alliance V1.0/radar_remap_cpp/build/radar_remap_cpp' returned '1': /usr/bin/cmake /workspaces/DockerExample/Radar_alliance V1.0/radar_remap_cpp -DCMAKE_INSTALL_PREFIX=/workspaces/DockerExample/Radar_alliance V1.0/radar_remap_cpp/install/radar_remap_cpp
