[0.071s] Invoking command in '/home/lisii/Documents/Github-repos/TransferStation/1_Projects/Current/radar_remap_cpp/build/radar_remap_cpp': CMAKE_PREFIX_PATH=${CMAKE_PREFIX_PATH}:/opt/ros/humble /usr/bin/cmake /home/lisii/Documents/Github-repos/TransferStation/1_Projects/Current/radar_remap_cpp -DCMAKE_INSTALL_PREFIX=/home/lisii/Documents/Github-repos/TransferStation/1_Projects/Current/radar_remap_cpp/install/radar_remap_cpp
[0.108s] -- The C compiler identification is GNU 11.4.0
[0.148s] -- The CXX compiler identification is GNU 11.4.0
[0.153s] -- Detecting C compiler ABI info
[0.200s] -- Detecting C compiler ABI info - done
[0.206s] -- Check for working C compiler: /usr/bin/cc - skipped
[0.206s] -- Detecting C compile features
[0.207s] -- Detecting C compile features - done
[0.209s] -- Detecting CXX compiler ABI info
[0.264s] -- Detecting CXX compiler ABI info - done
[0.271s] -- Check for working CXX compiler: /usr/bin/c++ - skipped
[0.271s] -- Detecting CXX compile features
[0.271s] -- Detecting CXX compile features - done
[0.273s] -- Found ament_cmake: 1.3.6 (/opt/ros/humble/share/ament_cmake/cmake)
[0.555s] -- Found Python3: /usr/bin/python3.10 (found version "3.10.12") found components: Interpreter 
[0.620s] -- Found rclcpp: 16.0.7 (/opt/ros/humble/share/rclcpp/cmake)
[0.650s] -- Found rosidl_generator_c: 3.1.5 (/opt/ros/humble/share/rosidl_generator_c/cmake)
[0.654s] -- Found rosidl_adapter: 3.1.5 (/opt/ros/humble/share/rosidl_adapter/cmake)
[0.660s] -- Found rosidl_generator_cpp: 3.1.5 (/opt/ros/humble/share/rosidl_generator_cpp/cmake)
[0.671s] -- Using all available rosidl_typesupport_c: rosidl_typesupport_fastrtps_c;rosidl_typesupport_introspection_c
[0.686s] -- Using all available rosidl_typesupport_cpp: rosidl_typesupport_fastrtps_cpp;rosidl_typesupport_introspection_cpp
[0.743s] -- Found rmw_implementation_cmake: 6.1.1 (/opt/ros/humble/share/rmw_implementation_cmake/cmake)
[0.745s] -- Found rmw_fastrtps_cpp: 6.2.5 (/opt/ros/humble/share/rmw_fastrtps_cpp/cmake)
[0.813s] -- Found OpenSSL: /usr/lib/x86_64-linux-gnu/libcrypto.so (found version "3.0.2")  
[0.833s] -- Found FastRTPS: /opt/ros/humble/include  
[0.869s] -- Using RMW implementation 'rmw_fastrtps_cpp' as default
[0.878s] -- Looking for pthread.h
[0.930s] -- Looking for pthread.h - found
[0.931s] -- Performing Test CMAKE_HAVE_LIBC_PTHREAD
[0.982s] -- Performing Test CMAKE_HAVE_LIBC_PTHREAD - Success
[0.982s] -- Found Threads: TRUE  
[1.123s] -- Found ament_lint_auto: 0.12.9 (/opt/ros/humble/share/ament_lint_auto/cmake)
[1.194s] -- Added test 'cppcheck' to perform static code analysis on C / C++ code
[1.194s] -- Configured cppcheck include dirs: 
[1.194s] -- Configured cppcheck exclude dirs and/or files: 
[1.196s] -- Added test 'flake8' to check Python code syntax and style conventions
[1.199s] -- Added test 'lint_cmake' to check CMake code style
[1.201s] -- Added test 'pep257' to check Python code against some of the docstring style conventions in PEP 257
[1.212s] -- Added test 'uncrustify' to check C / C++ code style
[1.212s] -- Configured uncrustify additional arguments: 
[1.214s] -- Added test 'xmllint' to check XML markup files
[1.215s] -- Configuring done
[1.222s] -- Generating done
[1.224s] -- Build files have been written to: /home/lisii/Documents/Github-repos/TransferStation/1_Projects/Current/radar_remap_cpp/build/radar_remap_cpp
[1.231s] Invoked command in '/home/lisii/Documents/Github-repos/TransferStation/1_Projects/Current/radar_remap_cpp/build/radar_remap_cpp' returned '0': CMAKE_PREFIX_PATH=${CMAKE_PREFIX_PATH}:/opt/ros/humble /usr/bin/cmake /home/lisii/Documents/Github-repos/TransferStation/1_Projects/Current/radar_remap_cpp -DCMAKE_INSTALL_PREFIX=/home/lisii/Documents/Github-repos/TransferStation/1_Projects/Current/radar_remap_cpp/install/radar_remap_cpp
[1.232s] Invoking command in '/home/lisii/Documents/Github-repos/TransferStation/1_Projects/Current/radar_remap_cpp/build/radar_remap_cpp': CMAKE_PREFIX_PATH=${CMAKE_PREFIX_PATH}:/opt/ros/humble /usr/bin/cmake --build /home/lisii/Documents/Github-repos/TransferStation/1_Projects/Current/radar_remap_cpp/build/radar_remap_cpp -- -j12 -l12
[1.266s] [ 50%] [32mBuilding CXX object CMakeFiles/points_subscriber.dir/src/points_subscriber.cpp.o[0m
[3.656s] [01m[K/home/lisii/Documents/Github-repos/TransferStation/1_Projects/Current/radar_remap_cpp/src/points_subscriber.cpp:[m[K In member function ‘[01m[Kvoid TopicSubscribe01::command_callback(std_msgs::msg::Float32MultiArray_<std::allocator<void> >::SharedPtr)[m[K’:
[3.656s] [01m[K/home/lisii/Documents/Github-repos/TransferStation/1_Projects/Current/radar_remap_cpp/src/points_subscriber.cpp:26:28:[m[K [01;35m[Kwarning: [m[Kcomparison of integer expressions of different signedness: ‘[01m[Kint[m[K’ and ‘[01m[Kstd::vector<float>::size_type[m[K’ {aka ‘[01m[Klong unsigned int[m[K’} [[01;35m[K]8;;https://gcc.gnu.org/onlinedocs/gcc/Warning-Options.html#index-Wsign-compare-Wsign-compare]8;;[m[K]
[3.656s]    26 |         for (auto i = 0; [01;35m[Ki < msg->data.size() - 1[m[K; i++)
[3.656s]       |                          [01;35m[K~~^~~~~~~~~~~~~~~~~~~~~~[m[K
[8.625s] [100%] [32m[1mLinking CXX executable points_subscriber[0m
[8.901s] [100%] Built target points_subscriber
[8.909s] Invoked command in '/home/lisii/Documents/Github-repos/TransferStation/1_Projects/Current/radar_remap_cpp/build/radar_remap_cpp' returned '0': CMAKE_PREFIX_PATH=${CMAKE_PREFIX_PATH}:/opt/ros/humble /usr/bin/cmake --build /home/lisii/Documents/Github-repos/TransferStation/1_Projects/Current/radar_remap_cpp/build/radar_remap_cpp -- -j12 -l12
[8.931s] Invoking command in '/home/lisii/Documents/Github-repos/TransferStation/1_Projects/Current/radar_remap_cpp/build/radar_remap_cpp': CMAKE_PREFIX_PATH=${CMAKE_PREFIX_PATH}:/opt/ros/humble /usr/bin/cmake --install /home/lisii/Documents/Github-repos/TransferStation/1_Projects/Current/radar_remap_cpp/build/radar_remap_cpp
[8.937s] -- Install configuration: ""
[8.937s] -- Installing: /home/lisii/Documents/Github-repos/TransferStation/1_Projects/Current/radar_remap_cpp/install/radar_remap_cpp/share/ament_index/resource_index/package_run_dependencies/radar_remap_cpp
[8.937s] -- Installing: /home/lisii/Documents/Github-repos/TransferStation/1_Projects/Current/radar_remap_cpp/install/radar_remap_cpp/share/ament_index/resource_index/parent_prefix_path/radar_remap_cpp
[8.937s] -- Installing: /home/lisii/Documents/Github-repos/TransferStation/1_Projects/Current/radar_remap_cpp/install/radar_remap_cpp/share/radar_remap_cpp/environment/ament_prefix_path.sh
[8.937s] -- Installing: /home/lisii/Documents/Github-repos/TransferStation/1_Projects/Current/radar_remap_cpp/install/radar_remap_cpp/share/radar_remap_cpp/environment/ament_prefix_path.dsv
[8.937s] -- Installing: /home/lisii/Documents/Github-repos/TransferStation/1_Projects/Current/radar_remap_cpp/install/radar_remap_cpp/share/radar_remap_cpp/environment/path.sh
[8.937s] -- Installing: /home/lisii/Documents/Github-repos/TransferStation/1_Projects/Current/radar_remap_cpp/install/radar_remap_cpp/share/radar_remap_cpp/environment/path.dsv
[8.938s] -- Installing: /home/lisii/Documents/Github-repos/TransferStation/1_Projects/Current/radar_remap_cpp/install/radar_remap_cpp/share/radar_remap_cpp/local_setup.bash
[8.938s] -- Installing: /home/lisii/Documents/Github-repos/TransferStation/1_Projects/Current/radar_remap_cpp/install/radar_remap_cpp/share/radar_remap_cpp/local_setup.sh
[8.938s] -- Installing: /home/lisii/Documents/Github-repos/TransferStation/1_Projects/Current/radar_remap_cpp/install/radar_remap_cpp/share/radar_remap_cpp/local_setup.zsh
[8.938s] -- Installing: /home/lisii/Documents/Github-repos/TransferStation/1_Projects/Current/radar_remap_cpp/install/radar_remap_cpp/share/radar_remap_cpp/local_setup.dsv
[8.938s] -- Installing: /home/lisii/Documents/Github-repos/TransferStation/1_Projects/Current/radar_remap_cpp/install/radar_remap_cpp/share/radar_remap_cpp/package.dsv
[8.938s] -- Installing: /home/lisii/Documents/Github-repos/TransferStation/1_Projects/Current/radar_remap_cpp/install/radar_remap_cpp/share/ament_index/resource_index/packages/radar_remap_cpp
[8.938s] -- Installing: /home/lisii/Documents/Github-repos/TransferStation/1_Projects/Current/radar_remap_cpp/install/radar_remap_cpp/share/radar_remap_cpp/cmake/radar_remap_cppConfig.cmake
[8.938s] -- Installing: /home/lisii/Documents/Github-repos/TransferStation/1_Projects/Current/radar_remap_cpp/install/radar_remap_cpp/share/radar_remap_cpp/cmake/radar_remap_cppConfig-version.cmake
[8.938s] -- Installing: /home/lisii/Documents/Github-repos/TransferStation/1_Projects/Current/radar_remap_cpp/install/radar_remap_cpp/share/radar_remap_cpp/package.xml
[8.938s] -- Installing: /home/lisii/Documents/Github-repos/TransferStation/1_Projects/Current/radar_remap_cpp/install/radar_remap_cpp/lib/radar_remap_cpp/points_subscriber
[8.941s] -- Set runtime path of "/home/lisii/Documents/Github-repos/TransferStation/1_Projects/Current/radar_remap_cpp/install/radar_remap_cpp/lib/radar_remap_cpp/points_subscriber" to ""
[8.942s] Invoked command in '/home/lisii/Documents/Github-repos/TransferStation/1_Projects/Current/radar_remap_cpp/build/radar_remap_cpp' returned '0': CMAKE_PREFIX_PATH=${CMAKE_PREFIX_PATH}:/opt/ros/humble /usr/bin/cmake --install /home/lisii/Documents/Github-repos/TransferStation/1_Projects/Current/radar_remap_cpp/build/radar_remap_cpp
