[35m[1mConsolidate compiler generated dependencies of target points_subscriber[0m
[ 50%] [32mBuilding CXX object CMakeFiles/points_subscriber.dir/src/points_subscriber.cpp.o[0m
[01m[K/home/lisii/Documents/Github-repos/TransferStation/1_Projects/Current/Radar_alliance/radar_remap_cpp/src/points_subscriber.cpp:[m[K In function ‘[01m[Kvoid remap(Car_datas)[m[K’:
[01m[K/home/lisii/Documents/Github-repos/TransferStation/1_Projects/Current/Radar_alliance/radar_remap_cpp/src/points_subscriber.cpp:38:31:[m[K [01;31m[Kerror: [m[K‘[01m[Kcar_points[m[K’ was not declared in this scope
   38 |     std::vector<int> labels = [01;31m[Kcar_points[m[K.car_labels;
      |                               [01;31m[K^~~~~~~~~~[m[K
[01m[K/home/lisii/Documents/Github-repos/TransferStation/1_Projects/Current/Radar_alliance/radar_remap_cpp/src/points_subscriber.cpp:36:22:[m[K [01;35m[Kwarning: [m[Kunused parameter ‘[01m[Kcar_datas[m[K’ [[01;35m[K]8;;https://gcc.gnu.org/onlinedocs/gcc/Warning-Options.html#index-Wunused-parameter-Wunused-parameter]8;;[m[K]
   36 | void remap([01;35m[KCar_datas car_datas[m[K)
      |            [01;35m[K~~~~~~~~~~^~~~~~~~~[m[K
[01m[K/home/lisii/Documents/Github-repos/TransferStation/1_Projects/Current/Radar_alliance/radar_remap_cpp/src/points_subscriber.cpp:[m[K In member function ‘[01m[Kvoid Points_subscriber::command_callback(std_msgs::msg::Float32MultiArray_<std::allocator<void> >::SharedPtr)[m[K’:
[01m[K/home/lisii/Documents/Github-repos/TransferStation/1_Projects/Current/Radar_alliance/radar_remap_cpp/src/points_subscriber.cpp:97:28:[m[K [01;35m[Kwarning: [m[Kcomparison of integer expressions of different signedness: ‘[01m[Kint[m[K’ and ‘[01m[Kstd::vector<float>::size_type[m[K’ {aka ‘[01m[Klong unsigned int[m[K’} [[01;35m[K]8;;https://gcc.gnu.org/onlinedocs/gcc/Warning-Options.html#index-Wsign-compare-Wsign-compare]8;;[m[K]
   97 |         for (auto i = 0; [01;35m[Ki < msg->data.size() - 2[m[K; i += 3) {
      |                          [01;35m[K~~^~~~~~~~~~~~~~~~~~~~~~[m[K
[01m[K/home/lisii/Documents/Github-repos/TransferStation/1_Projects/Current/Radar_alliance/radar_remap_cpp/src/points_subscriber.cpp:99:23:[m[K [01;31m[Kerror: [m[K‘[01m[Kstruct Car_datas[m[K’ has no member named ‘[01m[Kcar_label[m[K’; did you mean ‘[01m[Kcar_labels[m[K’?
   99 |             car_datas.[01;31m[Kcar_label[m[K.push_back(int(msg->data.data()[i]));
      |                       [01;31m[K^~~~~~~~~[m[K
      |                       [32m[Kcar_labels[m[K
[01m[K/home/lisii/Documents/Github-repos/TransferStation/1_Projects/Current/Radar_alliance/radar_remap_cpp/src/points_subscriber.cpp:104:15:[m[K [01;31m[Kerror: [m[K‘[01m[Kcar_points[m[K’ was not declared in this scope
  104 |         remap([01;31m[Kcar_points[m[K);
      |               [01;31m[K^~~~~~~~~~[m[K
gmake[2]: *** [CMakeFiles/points_subscriber.dir/build.make:76：CMakeFiles/points_subscriber.dir/src/points_subscriber.cpp.o] 错误 1
gmake[1]: *** [CMakeFiles/Makefile2:137：CMakeFiles/points_subscriber.dir/all] 错误 2
gmake: *** [Makefile:146：all] 错误 2
