[0.909s] DEBUG:colcon:Command line arguments: ['/usr/bin/colcon', 'build']
[0.909s] DEBUG:colcon:Parsed command line arguments: Namespace(log_base=None, log_level=None, verb_name='build', build_base='build', install_base='install', merge_install=False, symlink_install=False, test_result_base=None, continue_on_error=False, executor='parallel', parallel_workers=12, event_handlers=None, ignore_user_meta=False, metas=['./colcon.meta'], base_paths=['.'], packages_ignore=None, packages_ignore_regex=None, paths=None, packages_up_to=None, packages_up_to_regex=None, packages_above=None, packages_above_and_dependencies=None, packages_above_depth=None, packages_select_by_dep=None, packages_skip_by_dep=None, packages_skip_up_to=None, packages_select_build_failed=False, packages_skip_build_finished=False, packages_select_test_failures=False, packages_skip_test_passed=False, packages_select=None, packages_skip=None, packages_select_regex=None, packages_skip_regex=None, packages_start=None, packages_end=None, allow_overriding=[], cmake_args=None, cmake_target=None, cmake_target_skip_unavailable=False, cmake_clean_cache=False, cmake_clean_first=False, cmake_force_configure=False, ament_cmake_args=None, catkin_cmake_args=None, catkin_skip_building_tests=False, verb_parser=<colcon_defaults.argument_parser.defaults.DefaultArgumentsDecorator object at 0x7f654f504c70>, verb_extension=<colcon_core.verb.build.BuildVerb object at 0x7f654f504070>, main=<bound method BuildVerb.main of <colcon_core.verb.build.BuildVerb object at 0x7f654f504070>>)
[0.959s] Level 1:colcon.colcon_core.package_discovery:discover_packages(colcon_meta) check parameters
[0.959s] Level 1:colcon.colcon_core.package_discovery:discover_packages(recursive) check parameters
[0.959s] Level 1:colcon.colcon_core.package_discovery:discover_packages(ignore) check parameters
[0.959s] Level 1:colcon.colcon_core.package_discovery:discover_packages(path) check parameters
[0.959s] Level 1:colcon.colcon_core.package_discovery:discover_packages(colcon_meta) discover
[0.959s] Level 1:colcon.colcon_core.package_discovery:discover_packages(recursive) discover
[0.959s] INFO:colcon.colcon_core.package_discovery:Crawling recursively for packages in '/home/lisii/Documents/Github-repos/TransferStation/1_Projects/Current/Radar_alliance/radar_remap_cpp'
[0.959s] Level 1:colcon.colcon_core.package_identification:_identify(.) by extensions ['ignore', 'ignore_ament_install']
[0.960s] Level 1:colcon.colcon_core.package_identification:_identify(.) by extension 'ignore'
[0.960s] Level 1:colcon.colcon_core.package_identification:_identify(.) by extension 'ignore_ament_install'
[0.960s] Level 1:colcon.colcon_core.package_identification:_identify(.) by extensions ['colcon_pkg']
[0.960s] Level 1:colcon.colcon_core.package_identification:_identify(.) by extension 'colcon_pkg'
[0.960s] Level 1:colcon.colcon_core.package_identification:_identify(.) by extensions ['colcon_meta']
[0.960s] Level 1:colcon.colcon_core.package_identification:_identify(.) by extension 'colcon_meta'
[0.960s] Level 1:colcon.colcon_core.package_identification:_identify(.) by extensions ['ros']
[0.960s] Level 1:colcon.colcon_core.package_identification:_identify(.) by extension 'ros'
[0.973s] DEBUG:colcon.colcon_core.package_identification:Package '.' with type 'ros.ament_cmake' and name 'radar_remap_cpp'
[0.974s] Level 1:colcon.colcon_core.package_discovery:discover_packages(recursive) using defaults
[0.974s] Level 1:colcon.colcon_core.package_discovery:discover_packages(ignore) discover
[0.974s] Level 1:colcon.colcon_core.package_discovery:discover_packages(ignore) using defaults
[0.974s] Level 1:colcon.colcon_core.package_discovery:discover_packages(path) discover
[0.974s] Level 1:colcon.colcon_core.package_discovery:discover_packages(path) using defaults
[1.062s] Level 1:colcon.colcon_core.package_discovery:discover_packages(prefix_path) check parameters
[1.062s] Level 1:colcon.colcon_core.package_discovery:discover_packages(prefix_path) discover
[1.092s] DEBUG:colcon.colcon_installed_package_information.package_discovery:Found 270 installed packages in /opt/ros/humble
[1.093s] Level 1:colcon.colcon_core.package_discovery:discover_packages(prefix_path) using defaults
[1.160s] Level 5:colcon.colcon_core.verb:set package 'radar_remap_cpp' build argument 'cmake_args' from command line to 'None'
[1.160s] Level 5:colcon.colcon_core.verb:set package 'radar_remap_cpp' build argument 'cmake_target' from command line to 'None'
[1.160s] Level 5:colcon.colcon_core.verb:set package 'radar_remap_cpp' build argument 'cmake_target_skip_unavailable' from command line to 'False'
[1.160s] Level 5:colcon.colcon_core.verb:set package 'radar_remap_cpp' build argument 'cmake_clean_cache' from command line to 'False'
[1.160s] Level 5:colcon.colcon_core.verb:set package 'radar_remap_cpp' build argument 'cmake_clean_first' from command line to 'False'
[1.160s] Level 5:colcon.colcon_core.verb:set package 'radar_remap_cpp' build argument 'cmake_force_configure' from command line to 'False'
[1.160s] Level 5:colcon.colcon_core.verb:set package 'radar_remap_cpp' build argument 'ament_cmake_args' from command line to 'None'
[1.160s] Level 5:colcon.colcon_core.verb:set package 'radar_remap_cpp' build argument 'catkin_cmake_args' from command line to 'None'
[1.160s] Level 5:colcon.colcon_core.verb:set package 'radar_remap_cpp' build argument 'catkin_skip_building_tests' from command line to 'False'
[1.160s] DEBUG:colcon.colcon_core.verb:Building package 'radar_remap_cpp' with the following arguments: {'ament_cmake_args': None, 'build_base': '/home/lisii/Documents/Github-repos/TransferStation/1_Projects/Current/Radar_alliance/radar_remap_cpp/build/radar_remap_cpp', 'catkin_cmake_args': None, 'catkin_skip_building_tests': False, 'cmake_args': None, 'cmake_clean_cache': False, 'cmake_clean_first': False, 'cmake_force_configure': False, 'cmake_target': None, 'cmake_target_skip_unavailable': False, 'install_base': '/home/lisii/Documents/Github-repos/TransferStation/1_Projects/Current/Radar_alliance/radar_remap_cpp/install/radar_remap_cpp', 'merge_install': False, 'path': '/home/lisii/Documents/Github-repos/TransferStation/1_Projects/Current/Radar_alliance/radar_remap_cpp', 'symlink_install': False, 'test_result_base': None}
[1.174s] INFO:colcon.colcon_core.executor:Executing jobs using 'parallel' executor
[1.188s] DEBUG:colcon.colcon_parallel_executor.executor.parallel:run_until_complete
[1.189s] INFO:colcon.colcon_ros.task.ament_cmake.build:Building ROS package in '/home/lisii/Documents/Github-repos/TransferStation/1_Projects/Current/Radar_alliance/radar_remap_cpp' with build type 'ament_cmake'
[1.189s] INFO:colcon.colcon_cmake.task.cmake.build:Building CMake package in '/home/lisii/Documents/Github-repos/TransferStation/1_Projects/Current/Radar_alliance/radar_remap_cpp'
[1.204s] INFO:colcon.colcon_core.plugin_system:Skipping extension 'colcon_core.shell.bat': Not used on non-Windows systems
[1.205s] INFO:colcon.colcon_core.shell:Skip shell extension 'powershell' for command environment: Not usable outside of PowerShell
[1.205s] DEBUG:colcon.colcon_core.shell:Skip shell extension 'dsv' for command environment
[1.249s] DEBUG:colcon.colcon_core.event_handler.log_command:Invoking command in '/home/lisii/Documents/Github-repos/TransferStation/1_Projects/Current/Radar_alliance/radar_remap_cpp/build/radar_remap_cpp': CMAKE_PREFIX_PATH=/opt/ros/humble _=/usr/bin/env /usr/bin/cmake --build /home/lisii/Documents/Github-repos/TransferStation/1_Projects/Current/Radar_alliance/radar_remap_cpp/build/radar_remap_cpp -- -j12 -l12
[9.393s] DEBUG:colcon.colcon_core.event_handler.log_command:Invoked command in '/home/lisii/Documents/Github-repos/TransferStation/1_Projects/Current/Radar_alliance/radar_remap_cpp/build/radar_remap_cpp' returned '0': CMAKE_PREFIX_PATH=/opt/ros/humble _=/usr/bin/env /usr/bin/cmake --build /home/lisii/Documents/Github-repos/TransferStation/1_Projects/Current/Radar_alliance/radar_remap_cpp/build/radar_remap_cpp -- -j12 -l12
[9.420s] DEBUG:colcon.colcon_core.event_handler.log_command:Invoking command in '/home/lisii/Documents/Github-repos/TransferStation/1_Projects/Current/Radar_alliance/radar_remap_cpp/build/radar_remap_cpp': CMAKE_PREFIX_PATH=/opt/ros/humble _=/usr/bin/env /usr/bin/cmake --install /home/lisii/Documents/Github-repos/TransferStation/1_Projects/Current/Radar_alliance/radar_remap_cpp/build/radar_remap_cpp
[9.434s] Level 1:colcon.colcon_core.environment:create_environment_scripts_only(radar_remap_cpp)
[9.437s] DEBUG:colcon.colcon_core.event_handler.log_command:Invoked command in '/home/lisii/Documents/Github-repos/TransferStation/1_Projects/Current/Radar_alliance/radar_remap_cpp/build/radar_remap_cpp' returned '0': CMAKE_PREFIX_PATH=/opt/ros/humble _=/usr/bin/env /usr/bin/cmake --install /home/lisii/Documents/Github-repos/TransferStation/1_Projects/Current/Radar_alliance/radar_remap_cpp/build/radar_remap_cpp
[9.458s] Level 1:colcon.colcon_core.environment:checking '/home/lisii/Documents/Github-repos/TransferStation/1_Projects/Current/Radar_alliance/radar_remap_cpp/install/radar_remap_cpp' for CMake module files
[9.459s] Level 1:colcon.colcon_core.environment:checking '/home/lisii/Documents/Github-repos/TransferStation/1_Projects/Current/Radar_alliance/radar_remap_cpp/install/radar_remap_cpp' for CMake config files
[9.459s] Level 1:colcon.colcon_core.shell:create_environment_hook('radar_remap_cpp', 'cmake_prefix_path')
[9.473s] INFO:colcon.colcon_core.shell:Creating environment hook '/home/lisii/Documents/Github-repos/TransferStation/1_Projects/Current/Radar_alliance/radar_remap_cpp/install/radar_remap_cpp/share/radar_remap_cpp/hook/cmake_prefix_path.ps1'
[9.474s] INFO:colcon.colcon_core.shell:Creating environment descriptor '/home/lisii/Documents/Github-repos/TransferStation/1_Projects/Current/Radar_alliance/radar_remap_cpp/install/radar_remap_cpp/share/radar_remap_cpp/hook/cmake_prefix_path.dsv'
[9.474s] INFO:colcon.colcon_core.shell:Creating environment hook '/home/lisii/Documents/Github-repos/TransferStation/1_Projects/Current/Radar_alliance/radar_remap_cpp/install/radar_remap_cpp/share/radar_remap_cpp/hook/cmake_prefix_path.sh'
[9.475s] Level 1:colcon.colcon_core.environment:checking '/home/lisii/Documents/Github-repos/TransferStation/1_Projects/Current/Radar_alliance/radar_remap_cpp/install/radar_remap_cpp/lib'
[9.475s] Level 1:colcon.colcon_core.environment:checking '/home/lisii/Documents/Github-repos/TransferStation/1_Projects/Current/Radar_alliance/radar_remap_cpp/install/radar_remap_cpp/bin'
[9.475s] Level 1:colcon.colcon_core.environment:checking '/home/lisii/Documents/Github-repos/TransferStation/1_Projects/Current/Radar_alliance/radar_remap_cpp/install/radar_remap_cpp/lib/pkgconfig/radar_remap_cpp.pc'
[9.475s] Level 1:colcon.colcon_core.environment:checking '/home/lisii/Documents/Github-repos/TransferStation/1_Projects/Current/Radar_alliance/radar_remap_cpp/install/radar_remap_cpp/lib/python3.10/site-packages'
[9.475s] Level 1:colcon.colcon_core.environment:checking '/home/lisii/Documents/Github-repos/TransferStation/1_Projects/Current/Radar_alliance/radar_remap_cpp/install/radar_remap_cpp/bin'
[9.489s] INFO:colcon.colcon_core.shell:Creating package script '/home/lisii/Documents/Github-repos/TransferStation/1_Projects/Current/Radar_alliance/radar_remap_cpp/install/radar_remap_cpp/share/radar_remap_cpp/package.ps1'
[9.490s] INFO:colcon.colcon_core.shell:Creating package descriptor '/home/lisii/Documents/Github-repos/TransferStation/1_Projects/Current/Radar_alliance/radar_remap_cpp/install/radar_remap_cpp/share/radar_remap_cpp/package.dsv'
[9.490s] INFO:colcon.colcon_core.shell:Creating package script '/home/lisii/Documents/Github-repos/TransferStation/1_Projects/Current/Radar_alliance/radar_remap_cpp/install/radar_remap_cpp/share/radar_remap_cpp/package.sh'
[9.491s] INFO:colcon.colcon_core.shell:Creating package script '/home/lisii/Documents/Github-repos/TransferStation/1_Projects/Current/Radar_alliance/radar_remap_cpp/install/radar_remap_cpp/share/radar_remap_cpp/package.bash'
[9.491s] INFO:colcon.colcon_core.shell:Creating package script '/home/lisii/Documents/Github-repos/TransferStation/1_Projects/Current/Radar_alliance/radar_remap_cpp/install/radar_remap_cpp/share/radar_remap_cpp/package.zsh'
[9.492s] Level 1:colcon.colcon_core.environment:create_file_with_runtime_dependencies(/home/lisii/Documents/Github-repos/TransferStation/1_Projects/Current/Radar_alliance/radar_remap_cpp/install/radar_remap_cpp/share/colcon-core/packages/radar_remap_cpp)
[9.527s] Level 1:colcon.colcon_core.environment:create_environment_scripts_only(radar_remap_cpp)
[9.541s] Level 1:colcon.colcon_core.environment:checking '/home/lisii/Documents/Github-repos/TransferStation/1_Projects/Current/Radar_alliance/radar_remap_cpp/install/radar_remap_cpp' for CMake module files
[9.541s] Level 1:colcon.colcon_core.environment:checking '/home/lisii/Documents/Github-repos/TransferStation/1_Projects/Current/Radar_alliance/radar_remap_cpp/install/radar_remap_cpp' for CMake config files
[9.542s] Level 1:colcon.colcon_core.shell:create_environment_hook('radar_remap_cpp', 'cmake_prefix_path')
[9.556s] INFO:colcon.colcon_core.shell:Creating environment hook '/home/lisii/Documents/Github-repos/TransferStation/1_Projects/Current/Radar_alliance/radar_remap_cpp/install/radar_remap_cpp/share/radar_remap_cpp/hook/cmake_prefix_path.ps1'
[9.556s] INFO:colcon.colcon_core.shell:Creating environment descriptor '/home/lisii/Documents/Github-repos/TransferStation/1_Projects/Current/Radar_alliance/radar_remap_cpp/install/radar_remap_cpp/share/radar_remap_cpp/hook/cmake_prefix_path.dsv'
[9.556s] INFO:colcon.colcon_core.shell:Creating environment hook '/home/lisii/Documents/Github-repos/TransferStation/1_Projects/Current/Radar_alliance/radar_remap_cpp/install/radar_remap_cpp/share/radar_remap_cpp/hook/cmake_prefix_path.sh'
[9.557s] Level 1:colcon.colcon_core.environment:checking '/home/lisii/Documents/Github-repos/TransferStation/1_Projects/Current/Radar_alliance/radar_remap_cpp/install/radar_remap_cpp/lib'
[9.557s] Level 1:colcon.colcon_core.environment:checking '/home/lisii/Documents/Github-repos/TransferStation/1_Projects/Current/Radar_alliance/radar_remap_cpp/install/radar_remap_cpp/bin'
[9.557s] Level 1:colcon.colcon_core.environment:checking '/home/lisii/Documents/Github-repos/TransferStation/1_Projects/Current/Radar_alliance/radar_remap_cpp/install/radar_remap_cpp/lib/pkgconfig/radar_remap_cpp.pc'
[9.557s] Level 1:colcon.colcon_core.environment:checking '/home/lisii/Documents/Github-repos/TransferStation/1_Projects/Current/Radar_alliance/radar_remap_cpp/install/radar_remap_cpp/lib/python3.10/site-packages'
[9.557s] Level 1:colcon.colcon_core.environment:checking '/home/lisii/Documents/Github-repos/TransferStation/1_Projects/Current/Radar_alliance/radar_remap_cpp/install/radar_remap_cpp/bin'
[9.572s] INFO:colcon.colcon_core.shell:Creating package script '/home/lisii/Documents/Github-repos/TransferStation/1_Projects/Current/Radar_alliance/radar_remap_cpp/install/radar_remap_cpp/share/radar_remap_cpp/package.ps1'
[9.572s] INFO:colcon.colcon_core.shell:Creating package descriptor '/home/lisii/Documents/Github-repos/TransferStation/1_Projects/Current/Radar_alliance/radar_remap_cpp/install/radar_remap_cpp/share/radar_remap_cpp/package.dsv'
[9.572s] INFO:colcon.colcon_core.shell:Creating package script '/home/lisii/Documents/Github-repos/TransferStation/1_Projects/Current/Radar_alliance/radar_remap_cpp/install/radar_remap_cpp/share/radar_remap_cpp/package.sh'
[9.573s] INFO:colcon.colcon_core.shell:Creating package script '/home/lisii/Documents/Github-repos/TransferStation/1_Projects/Current/Radar_alliance/radar_remap_cpp/install/radar_remap_cpp/share/radar_remap_cpp/package.bash'
[9.573s] INFO:colcon.colcon_core.shell:Creating package script '/home/lisii/Documents/Github-repos/TransferStation/1_Projects/Current/Radar_alliance/radar_remap_cpp/install/radar_remap_cpp/share/radar_remap_cpp/package.zsh'
[9.574s] Level 1:colcon.colcon_core.environment:create_file_with_runtime_dependencies(/home/lisii/Documents/Github-repos/TransferStation/1_Projects/Current/Radar_alliance/radar_remap_cpp/install/radar_remap_cpp/share/colcon-core/packages/radar_remap_cpp)
[9.574s] DEBUG:colcon.colcon_parallel_executor.executor.parallel:closing loop
[9.574s] DEBUG:colcon.colcon_parallel_executor.executor.parallel:loop closed
[9.574s] DEBUG:colcon.colcon_parallel_executor.executor.parallel:run_until_complete finished with '0'
[9.574s] DEBUG:colcon.colcon_core.event_reactor:joining thread
[9.594s] INFO:colcon.colcon_core.plugin_system:Skipping extension 'colcon_notification.desktop_notification.terminal_notifier': Not used on non-Darwin systems
[9.594s] INFO:colcon.colcon_core.plugin_system:Skipping extension 'colcon_notification.desktop_notification.win32': Not used on non-Windows systems
[9.594s] INFO:colcon.colcon_notification.desktop_notification:Sending desktop notification using 'notify2'
[9.604s] DEBUG:colcon.colcon_core.event_reactor:joined thread
[9.618s] INFO:colcon.colcon_core.shell:Creating prefix script '/home/lisii/Documents/Github-repos/TransferStation/1_Projects/Current/Radar_alliance/radar_remap_cpp/install/local_setup.ps1'
[9.619s] INFO:colcon.colcon_core.shell:Creating prefix util module '/home/lisii/Documents/Github-repos/TransferStation/1_Projects/Current/Radar_alliance/radar_remap_cpp/install/_local_setup_util_ps1.py'
[9.620s] INFO:colcon.colcon_core.shell:Creating prefix chain script '/home/lisii/Documents/Github-repos/TransferStation/1_Projects/Current/Radar_alliance/radar_remap_cpp/install/setup.ps1'
[9.635s] INFO:colcon.colcon_core.shell:Creating prefix script '/home/lisii/Documents/Github-repos/TransferStation/1_Projects/Current/Radar_alliance/radar_remap_cpp/install/local_setup.sh'
[9.635s] INFO:colcon.colcon_core.shell:Creating prefix util module '/home/lisii/Documents/Github-repos/TransferStation/1_Projects/Current/Radar_alliance/radar_remap_cpp/install/_local_setup_util_sh.py'
[9.636s] INFO:colcon.colcon_core.shell:Creating prefix chain script '/home/lisii/Documents/Github-repos/TransferStation/1_Projects/Current/Radar_alliance/radar_remap_cpp/install/setup.sh'
[9.650s] INFO:colcon.colcon_core.shell:Creating prefix script '/home/lisii/Documents/Github-repos/TransferStation/1_Projects/Current/Radar_alliance/radar_remap_cpp/install/local_setup.bash'
[9.651s] INFO:colcon.colcon_core.shell:Creating prefix chain script '/home/lisii/Documents/Github-repos/TransferStation/1_Projects/Current/Radar_alliance/radar_remap_cpp/install/setup.bash'
[9.665s] INFO:colcon.colcon_core.shell:Creating prefix script '/home/lisii/Documents/Github-repos/TransferStation/1_Projects/Current/Radar_alliance/radar_remap_cpp/install/local_setup.zsh'
[9.666s] INFO:colcon.colcon_core.shell:Creating prefix chain script '/home/lisii/Documents/Github-repos/TransferStation/1_Projects/Current/Radar_alliance/radar_remap_cpp/install/setup.zsh'
