[0.018s] Invoking command in '/workspaces/DockerExample/Radar_alliance V1.0/radar_remap_cpp/build/radar_remap_cpp': /usr/bin/cmake /workspaces/DockerExample/Radar_alliance V1.0/radar_remap_cpp -DCMAKE_INSTALL_PREFIX=/workspaces/DockerExample/Radar_alliance V1.0/radar_remap_cpp/install/radar_remap_cpp
[0.029s] -- Found ament_cmake: 1.3.6 (/opt/ros/humble/share/ament_cmake/cmake)
[0.095s] Traceback (most recent call last):
[0.095s]   File "/opt/ros/humble/share/ament_cmake_core/cmake/package_templates/templates_2_cmake.py", line 21, in <module>
[0.095s]     from ament_package.templates import get_environment_hook_template_path
[0.096s] ModuleNotFoundError: No module named 'ament_package'
[0.097s] [31mCMake Error at /opt/ros/humble/share/ament_cmake_core/cmake/ament_cmake_package_templates-extras.cmake:41 (message):
[0.098s]   execute_process(/usr/bin/python3.10
[0.098s]   /opt/ros/humble/share/ament_cmake_core/cmake/package_templates/templates_2_cmake.py
[0.098s]   /workspaces/DockerExample/Radar_alliance
[0.098s]   V1.0/radar_remap_cpp/build/radar_remap_cpp/ament_cmake_package_templates/templates.cmake)
[0.098s]   returned error code 1
[0.098s] Call Stack (most recent call first):
[0.098s]   /opt/ros/humble/share/ament_cmake_core/cmake/ament_cmake_coreConfig.cmake:41 (include)
[0.098s]   /opt/ros/humble/share/ament_cmake/cmake/ament_cmake_export_dependencies-extras.cmake:15 (find_package)
[0.098s]   /opt/ros/humble/share/ament_cmake/cmake/ament_cmakeConfig.cmake:41 (include)
[0.098s]   CMakeLists.txt:9 (find_package)
[0.098s] 
[0.098s] [0m
[0.098s] -- Configuring incomplete, errors occurred!
[0.098s] See also "/workspaces/DockerExample/Radar_alliance V1.0/radar_remap_cpp/build/radar_remap_cpp/CMakeFiles/CMakeOutput.log".
[0.100s] Invoked command in '/workspaces/DockerExample/Radar_alliance V1.0/radar_remap_cpp/build/radar_remap_cpp' returned '1': /usr/bin/cmake /workspaces/DockerExample/Radar_alliance V1.0/radar_remap_cpp -DCMAKE_INSTALL_PREFIX=/workspaces/DockerExample/Radar_alliance V1.0/radar_remap_cpp/install/radar_remap_cpp
