[0.505s] DEBUG:colcon:Command line arguments: ['/usr/bin/colcon', 'build']
[0.505s] DEBUG:colcon:Parsed command line arguments: Namespace(log_base=None, log_level=None, verb_name='build', build_base='build', install_base='install', merge_install=False, symlink_install=False, test_result_base=None, continue_on_error=False, executor='parallel', parallel_workers=12, event_handlers=None, ignore_user_meta=False, metas=['./colcon.meta'], base_paths=['.'], packages_ignore=None, packages_ignore_regex=None, paths=None, packages_up_to=None, packages_up_to_regex=None, packages_above=None, packages_above_and_dependencies=None, packages_above_depth=None, packages_select_by_dep=None, packages_skip_by_dep=None, packages_skip_up_to=None, packages_select_build_failed=False, packages_skip_build_finished=False, packages_select_test_failures=False, packages_skip_test_passed=False, packages_select=None, packages_skip=None, packages_select_regex=None, packages_skip_regex=None, packages_start=None, packages_end=None, cmake_args=None, cmake_target=None, cmake_target_skip_unavailable=False, cmake_clean_cache=False, cmake_clean_first=False, cmake_force_configure=False, ament_cmake_args=None, catkin_cmake_args=None, catkin_skip_building_tests=False, mixin_files=None, mixin=None, verb_parser=<colcon_mixin.mixin.mixin_argument.MixinArgumentDecorator object at 0x7f99a8165f60>, verb_extension=<colcon_core.verb.build.BuildVerb object at 0x7f99a84cf280>, main=<bound method BuildVerb.main of <colcon_core.verb.build.BuildVerb object at 0x7f99a84cf280>>, mixin_verb=('build',))
[0.547s] Level 1:colcon.colcon_core.package_discovery:discover_packages(colcon_meta) check parameters
[0.547s] INFO:colcon.colcon_metadata.package_discovery.colcon_meta:Using configuration from '/root/.colcon/metadata/default/Gazebo.meta'
[0.548s] INFO:colcon.colcon_metadata.package_discovery.colcon_meta:Using configuration from '/root/.colcon/metadata/default/fastrtps.meta'
[0.548s] Level 1:colcon.colcon_core.package_discovery:discover_packages(recursive) check parameters
[0.548s] Level 1:colcon.colcon_core.package_discovery:discover_packages(ignore) check parameters
[0.548s] Level 1:colcon.colcon_core.package_discovery:discover_packages(path) check parameters
[0.548s] Level 1:colcon.colcon_core.package_discovery:discover_packages(colcon_meta) discover
[0.548s] Level 1:colcon.colcon_core.package_discovery:discover_packages(recursive) discover
[0.548s] INFO:colcon.colcon_core.package_discovery:Crawling recursively for packages in '/workspaces/DockerExample/Radar_alliance V1.0/radar_remap_cpp'
[0.548s] Level 1:colcon.colcon_core.package_identification:_identify(.) by extensions ['ignore', 'ignore_ament_install']
[0.548s] Level 1:colcon.colcon_core.package_identification:_identify(.) by extension 'ignore'
[0.548s] Level 1:colcon.colcon_core.package_identification:_identify(.) by extension 'ignore_ament_install'
[0.548s] Level 1:colcon.colcon_core.package_identification:_identify(.) by extensions ['colcon_pkg']
[0.548s] Level 1:colcon.colcon_core.package_identification:_identify(.) by extension 'colcon_pkg'
[0.548s] Level 1:colcon.colcon_core.package_identification:_identify(.) by extensions ['colcon_meta']
[0.548s] Level 1:colcon.colcon_core.package_identification:_identify(.) by extension 'colcon_meta'
[0.548s] Level 1:colcon.colcon_core.package_identification:_identify(.) by extensions ['ros']
[0.548s] Level 1:colcon.colcon_core.package_identification:_identify(.) by extension 'ros'
[0.562s] DEBUG:colcon.colcon_core.package_identification:Package '.' with type 'ros.ament_cmake' and name 'radar_remap_cpp'
[0.562s] Level 1:colcon.colcon_core.package_discovery:discover_packages(recursive) using defaults
[0.562s] Level 1:colcon.colcon_core.package_discovery:discover_packages(ignore) discover
[0.562s] Level 1:colcon.colcon_core.package_discovery:discover_packages(ignore) using defaults
[0.562s] Level 1:colcon.colcon_core.package_discovery:discover_packages(path) discover
[0.562s] Level 1:colcon.colcon_core.package_discovery:discover_packages(path) using defaults
[0.601s] Level 5:colcon.colcon_core.verb:set package 'radar_remap_cpp' build argument 'cmake_args' from command line to 'None'
[0.601s] Level 5:colcon.colcon_core.verb:set package 'radar_remap_cpp' build argument 'cmake_target' from command line to 'None'
[0.601s] Level 5:colcon.colcon_core.verb:set package 'radar_remap_cpp' build argument 'cmake_target_skip_unavailable' from command line to 'False'
[0.601s] Level 5:colcon.colcon_core.verb:set package 'radar_remap_cpp' build argument 'cmake_clean_cache' from command line to 'False'
[0.601s] Level 5:colcon.colcon_core.verb:set package 'radar_remap_cpp' build argument 'cmake_clean_first' from command line to 'False'
[0.601s] Level 5:colcon.colcon_core.verb:set package 'radar_remap_cpp' build argument 'cmake_force_configure' from command line to 'False'
[0.601s] Level 5:colcon.colcon_core.verb:set package 'radar_remap_cpp' build argument 'ament_cmake_args' from command line to 'None'
[0.601s] Level 5:colcon.colcon_core.verb:set package 'radar_remap_cpp' build argument 'catkin_cmake_args' from command line to 'None'
[0.601s] Level 5:colcon.colcon_core.verb:set package 'radar_remap_cpp' build argument 'catkin_skip_building_tests' from command line to 'False'
[0.601s] DEBUG:colcon.colcon_core.verb:Building package 'radar_remap_cpp' with the following arguments: {'ament_cmake_args': None, 'build_base': '/workspaces/DockerExample/Radar_alliance V1.0/radar_remap_cpp/build/radar_remap_cpp', 'catkin_cmake_args': None, 'catkin_skip_building_tests': False, 'cmake_args': None, 'cmake_clean_cache': False, 'cmake_clean_first': False, 'cmake_force_configure': False, 'cmake_target': None, 'cmake_target_skip_unavailable': False, 'install_base': '/workspaces/DockerExample/Radar_alliance V1.0/radar_remap_cpp/install/radar_remap_cpp', 'merge_install': False, 'path': '/workspaces/DockerExample/Radar_alliance V1.0/radar_remap_cpp', 'symlink_install': False, 'test_result_base': None}
[0.607s] INFO:colcon.colcon_core.executor:Executing jobs using 'parallel' executor
[0.612s] DEBUG:colcon.colcon_parallel_executor.executor.parallel:run_until_complete
[0.613s] INFO:colcon.colcon_ros.task.ament_cmake.build:Building ROS package in '/workspaces/DockerExample/Radar_alliance V1.0/radar_remap_cpp' with build type 'ament_cmake'
[0.613s] INFO:colcon.colcon_cmake.task.cmake.build:Building CMake package in '/workspaces/DockerExample/Radar_alliance V1.0/radar_remap_cpp'
[0.620s] INFO:colcon.colcon_core.plugin_system:Skipping extension 'colcon_core.shell.bat': Not used on non-Windows systems
[0.620s] INFO:colcon.colcon_core.shell:Skip shell extension 'powershell' for command environment: Not usable outside of PowerShell
[0.620s] DEBUG:colcon.colcon_core.shell:Skip shell extension 'dsv' for command environment
[0.632s] DEBUG:colcon.colcon_core.event_handler.log_command:Invoking command in '/workspaces/DockerExample/Radar_alliance V1.0/radar_remap_cpp/build/radar_remap_cpp': /usr/bin/cmake /workspaces/DockerExample/Radar_alliance V1.0/radar_remap_cpp -DCMAKE_INSTALL_PREFIX=/workspaces/DockerExample/Radar_alliance V1.0/radar_remap_cpp/install/radar_remap_cpp
[0.713s] DEBUG:colcon.colcon_core.event_handler.log_command:Invoked command in '/workspaces/DockerExample/Radar_alliance V1.0/radar_remap_cpp/build/radar_remap_cpp' returned '1': /usr/bin/cmake /workspaces/DockerExample/Radar_alliance V1.0/radar_remap_cpp -DCMAKE_INSTALL_PREFIX=/workspaces/DockerExample/Radar_alliance V1.0/radar_remap_cpp/install/radar_remap_cpp
[0.722s] Level 1:colcon.colcon_core.environment:create_environment_scripts_only(radar_remap_cpp)
[0.731s] Level 1:colcon.colcon_core.environment:checking '/workspaces/DockerExample/Radar_alliance V1.0/radar_remap_cpp/install/radar_remap_cpp' for CMake module files
[0.732s] Level 1:colcon.colcon_core.environment:checking '/workspaces/DockerExample/Radar_alliance V1.0/radar_remap_cpp/install/radar_remap_cpp' for CMake config files
[0.732s] Level 1:colcon.colcon_core.shell:create_environment_hook('radar_remap_cpp', 'cmake_prefix_path')
[0.737s] INFO:colcon.colcon_core.shell:Creating environment hook '/workspaces/DockerExample/Radar_alliance V1.0/radar_remap_cpp/install/radar_remap_cpp/share/radar_remap_cpp/hook/cmake_prefix_path.ps1'
[0.738s] INFO:colcon.colcon_core.shell:Creating environment descriptor '/workspaces/DockerExample/Radar_alliance V1.0/radar_remap_cpp/install/radar_remap_cpp/share/radar_remap_cpp/hook/cmake_prefix_path.dsv'
[0.738s] INFO:colcon.colcon_core.shell:Creating environment hook '/workspaces/DockerExample/Radar_alliance V1.0/radar_remap_cpp/install/radar_remap_cpp/share/radar_remap_cpp/hook/cmake_prefix_path.sh'
[0.739s] Level 1:colcon.colcon_core.environment:checking '/workspaces/DockerExample/Radar_alliance V1.0/radar_remap_cpp/install/radar_remap_cpp/lib'
[0.739s] Level 1:colcon.colcon_core.environment:checking '/workspaces/DockerExample/Radar_alliance V1.0/radar_remap_cpp/install/radar_remap_cpp/bin'
[0.739s] Level 1:colcon.colcon_core.environment:checking '/workspaces/DockerExample/Radar_alliance V1.0/radar_remap_cpp/install/radar_remap_cpp/lib/pkgconfig/radar_remap_cpp.pc'
[0.740s] Level 1:colcon.colcon_core.environment:checking '/workspaces/DockerExample/Radar_alliance V1.0/radar_remap_cpp/install/radar_remap_cpp/lib/python3.10/site-packages'
[0.740s] Level 1:colcon.colcon_core.environment:checking '/workspaces/DockerExample/Radar_alliance V1.0/radar_remap_cpp/install/radar_remap_cpp/bin'
[0.746s] INFO:colcon.colcon_core.shell:Creating package script '/workspaces/DockerExample/Radar_alliance V1.0/radar_remap_cpp/install/radar_remap_cpp/share/radar_remap_cpp/package.ps1'
[0.747s] INFO:colcon.colcon_core.shell:Creating package descriptor '/workspaces/DockerExample/Radar_alliance V1.0/radar_remap_cpp/install/radar_remap_cpp/share/radar_remap_cpp/package.dsv'
[0.747s] INFO:colcon.colcon_core.shell:Creating package script '/workspaces/DockerExample/Radar_alliance V1.0/radar_remap_cpp/install/radar_remap_cpp/share/radar_remap_cpp/package.sh'
[0.748s] INFO:colcon.colcon_core.shell:Creating package script '/workspaces/DockerExample/Radar_alliance V1.0/radar_remap_cpp/install/radar_remap_cpp/share/radar_remap_cpp/package.bash'
[0.748s] INFO:colcon.colcon_core.shell:Creating package script '/workspaces/DockerExample/Radar_alliance V1.0/radar_remap_cpp/install/radar_remap_cpp/share/radar_remap_cpp/package.zsh'
[0.749s] Level 1:colcon.colcon_core.environment:create_file_with_runtime_dependencies(/workspaces/DockerExample/Radar_alliance V1.0/radar_remap_cpp/install/radar_remap_cpp/share/colcon-core/packages/radar_remap_cpp)
[0.759s] DEBUG:colcon.colcon_parallel_executor.executor.parallel:closing loop
[0.760s] DEBUG:colcon.colcon_parallel_executor.executor.parallel:loop closed
[0.760s] DEBUG:colcon.colcon_parallel_executor.executor.parallel:run_until_complete finished with '1'
[0.760s] DEBUG:colcon.colcon_core.event_reactor:joining thread
[0.771s] INFO:colcon.colcon_core.plugin_system:Skipping extension 'colcon_notification.desktop_notification.notify_send': Could not find 'notify-send'
[0.771s] INFO:colcon.colcon_core.plugin_system:Skipping extension 'colcon_notification.desktop_notification.terminal_notifier': Not used on non-Darwin systems
[0.771s] INFO:colcon.colcon_core.plugin_system:Skipping extension 'colcon_notification.desktop_notification.win32': Not used on non-Windows systems
[0.771s] INFO:colcon.colcon_notification.desktop_notification:Sending desktop notification using 'notify2'
[0.774s] DEBUG:colcon.colcon_notification.desktop_notification.notify2:Failed to initialize notify2: org.freedesktop.DBus.Error.Spawn.ExecFailed: /usr/bin/dbus-launch terminated abnormally without any error message
[0.774s] DEBUG:colcon.colcon_core.event_reactor:joined thread
[0.781s] INFO:colcon.colcon_core.shell:Creating prefix script '/workspaces/DockerExample/Radar_alliance V1.0/radar_remap_cpp/install/local_setup.ps1'
[0.782s] INFO:colcon.colcon_core.shell:Creating prefix util module '/workspaces/DockerExample/Radar_alliance V1.0/radar_remap_cpp/install/_local_setup_util_ps1.py'
[0.783s] INFO:colcon.colcon_core.shell:Creating prefix chain script '/workspaces/DockerExample/Radar_alliance V1.0/radar_remap_cpp/install/setup.ps1'
[0.789s] INFO:colcon.colcon_core.shell:Creating prefix script '/workspaces/DockerExample/Radar_alliance V1.0/radar_remap_cpp/install/local_setup.sh'
[0.789s] INFO:colcon.colcon_core.shell:Creating prefix util module '/workspaces/DockerExample/Radar_alliance V1.0/radar_remap_cpp/install/_local_setup_util_sh.py'
[0.790s] INFO:colcon.colcon_core.shell:Creating prefix chain script '/workspaces/DockerExample/Radar_alliance V1.0/radar_remap_cpp/install/setup.sh'
[0.796s] INFO:colcon.colcon_core.shell:Creating prefix script '/workspaces/DockerExample/Radar_alliance V1.0/radar_remap_cpp/install/local_setup.bash'
[0.797s] INFO:colcon.colcon_core.shell:Creating prefix chain script '/workspaces/DockerExample/Radar_alliance V1.0/radar_remap_cpp/install/setup.bash'
[0.803s] INFO:colcon.colcon_core.shell:Creating prefix script '/workspaces/DockerExample/Radar_alliance V1.0/radar_remap_cpp/install/local_setup.zsh'
[0.803s] INFO:colcon.colcon_core.shell:Creating prefix chain script '/workspaces/DockerExample/Radar_alliance V1.0/radar_remap_cpp/install/setup.zsh'
