[0.778s] Invoking command in '/home/lisii/Documents/Github-repos/TransferStation/1_Projects/Current/Radar_alliance/radar_yolov5_py': PYTHONPATH=/home/lisii/Documents/Github-repos/TransferStation/1_Projects/Current/Radar_alliance/radar_yolov5_py/build/radar_yolov5_py/prefix_override:/home/lisii/Documents/Github-repos/TransferStation/1_Projects/Current/Radar_alliance/radar_yolov5_py/install/radar_yolov5_py/lib/python3.10/site-packages:${PYTHONPATH} _=/usr/bin/env /usr/bin/python3 setup.py egg_info --egg-base build/radar_yolov5_py build --build-base /home/lisii/Documents/Github-repos/TransferStation/1_Projects/Current/Radar_alliance/radar_yolov5_py/build/radar_yolov5_py/build install --record /home/lisii/Documents/Github-repos/TransferStation/1_Projects/Current/Radar_alliance/radar_yolov5_py/build/radar_yolov5_py/install.log --single-version-externally-managed
[0.970s] running egg_info
[0.983s] writing build/radar_yolov5_py/radar_yolov5_py.egg-info/PKG-INFO
[0.984s] writing dependency_links to build/radar_yolov5_py/radar_yolov5_py.egg-info/dependency_links.txt
[0.984s] writing entry points to build/radar_yolov5_py/radar_yolov5_py.egg-info/entry_points.txt
[0.984s] writing requirements to build/radar_yolov5_py/radar_yolov5_py.egg-info/requires.txt
[0.984s] writing top-level names to build/radar_yolov5_py/radar_yolov5_py.egg-info/top_level.txt
[1.014s] reading manifest file 'build/radar_yolov5_py/radar_yolov5_py.egg-info/SOURCES.txt'
[1.015s] writing manifest file 'build/radar_yolov5_py/radar_yolov5_py.egg-info/SOURCES.txt'
[1.016s] running build
[1.016s] running build_py
[1.016s] copying radar_yolov5_py/points_publisher.py -> /home/lisii/Documents/Github-repos/TransferStation/1_Projects/Current/Radar_alliance/radar_yolov5_py/build/radar_yolov5_py/build/lib/radar_yolov5_py
[1.016s] copying radar_yolov5_py/__init__.py -> /home/lisii/Documents/Github-repos/TransferStation/1_Projects/Current/Radar_alliance/radar_yolov5_py/build/radar_yolov5_py/build/lib/radar_yolov5_py
[1.019s] running install
[1.019s] /home/lisii/.local/lib/python3.10/site-packages/setuptools/_distutils/cmd.py:66: SetuptoolsDeprecationWarning: setup.py install is deprecated.
[1.019s] !!
[1.019s] 
[1.019s]         ********************************************************************************
[1.019s]         Please avoid running ``setup.py`` directly.
[1.019s]         Instead, use pypa/build, pypa/installer or other
[1.020s]         standards-based tools.
[1.020s] 
[1.020s]         See https://blog.ganssle.io/articles/2021/10/setup-py-deprecated.html for details.
[1.020s]         ********************************************************************************
[1.020s] 
[1.020s] !!
[1.020s]   self.initialize_options()
[1.024s] running install_lib
[1.039s] copying /home/lisii/Documents/Github-repos/TransferStation/1_Projects/Current/Radar_alliance/radar_yolov5_py/build/radar_yolov5_py/build/lib/radar_yolov5_py/points_publisher.py -> /home/lisii/Documents/Github-repos/TransferStation/1_Projects/Current/Radar_alliance/radar_yolov5_py/install/radar_yolov5_py/lib/python3.10/site-packages/radar_yolov5_py
[1.041s] byte-compiling /home/lisii/Documents/Github-repos/TransferStation/1_Projects/Current/Radar_alliance/radar_yolov5_py/install/radar_yolov5_py/lib/python3.10/site-packages/radar_yolov5_py/points_publisher.py to points_publisher.cpython-310.pyc
[1.044s] running install_data
[1.058s] copying resource/radar_yolov5_py -> /home/lisii/Documents/Github-repos/TransferStation/1_Projects/Current/Radar_alliance/radar_yolov5_py/install/radar_yolov5_py/share/ament_index/resource_index/packages
[1.059s] copying package.xml -> /home/lisii/Documents/Github-repos/TransferStation/1_Projects/Current/Radar_alliance/radar_yolov5_py/install/radar_yolov5_py/share/radar_yolov5_py
[1.059s] running install_egg_info
[1.074s] removing '/home/lisii/Documents/Github-repos/TransferStation/1_Projects/Current/Radar_alliance/radar_yolov5_py/install/radar_yolov5_py/lib/python3.10/site-packages/radar_yolov5_py-0.0.0-py3.10.egg-info' (and everything under it)
[1.074s] Copying build/radar_yolov5_py/radar_yolov5_py.egg-info to /home/lisii/Documents/Github-repos/TransferStation/1_Projects/Current/Radar_alliance/radar_yolov5_py/install/radar_yolov5_py/lib/python3.10/site-packages/radar_yolov5_py-0.0.0-py3.10.egg-info
[1.074s] running install_scripts
[1.205s] Installing points_publisher script to /home/lisii/Documents/Github-repos/TransferStation/1_Projects/Current/Radar_alliance/radar_yolov5_py/install/radar_yolov5_py/lib/radar_yolov5_py
[1.206s] writing list of installed files to '/home/lisii/Documents/Github-repos/TransferStation/1_Projects/Current/Radar_alliance/radar_yolov5_py/build/radar_yolov5_py/install.log'
[1.227s] Invoked command in '/home/lisii/Documents/Github-repos/TransferStation/1_Projects/Current/Radar_alliance/radar_yolov5_py' returned '0': PYTHONPATH=/home/lisii/Documents/Github-repos/TransferStation/1_Projects/Current/Radar_alliance/radar_yolov5_py/build/radar_yolov5_py/prefix_override:/home/lisii/Documents/Github-repos/TransferStation/1_Projects/Current/Radar_alliance/radar_yolov5_py/install/radar_yolov5_py/lib/python3.10/site-packages:${PYTHONPATH} _=/usr/bin/env /usr/bin/python3 setup.py egg_info --egg-base build/radar_yolov5_py build --build-base /home/lisii/Documents/Github-repos/TransferStation/1_Projects/Current/Radar_alliance/radar_yolov5_py/build/radar_yolov5_py/build install --record /home/lisii/Documents/Github-repos/TransferStation/1_Projects/Current/Radar_alliance/radar_yolov5_py/build/radar_yolov5_py/install.log --single-version-externally-managed
