[0.712s] Invoking command in '/home/lisii/Documents/Github-repos/TransferStation/1_Projects/Current/radar_yolov5_py': PYTHONPATH=/home/lisii/Documents/Github-repos/TransferStation/1_Projects/Current/radar_yolov5_py/build/radar_yolov5_py/prefix_override:/home/lisii/Documents/Github-repos/TransferStation/1_Projects/Current/radar_yolov5_py/install/radar_yolov5_py/lib/python3.10/site-packages:${PYTHONPATH} /usr/bin/python3 setup.py egg_info --egg-base build/radar_yolov5_py build --build-base /home/lisii/Documents/Github-repos/TransferStation/1_Projects/Current/radar_yolov5_py/build/radar_yolov5_py/build install --record /home/lisii/Documents/Github-repos/TransferStation/1_Projects/Current/radar_yolov5_py/build/radar_yolov5_py/install.log --single-version-externally-managed
[0.894s] running egg_info
[0.908s] writing build/radar_yolov5_py/radar_yolov5_py.egg-info/PKG-INFO
[0.908s] writing dependency_links to build/radar_yolov5_py/radar_yolov5_py.egg-info/dependency_links.txt
[0.908s] writing entry points to build/radar_yolov5_py/radar_yolov5_py.egg-info/entry_points.txt
[0.908s] writing requirements to build/radar_yolov5_py/radar_yolov5_py.egg-info/requires.txt
[0.909s] writing top-level names to build/radar_yolov5_py/radar_yolov5_py.egg-info/top_level.txt
[0.937s] reading manifest file 'build/radar_yolov5_py/radar_yolov5_py.egg-info/SOURCES.txt'
[0.938s] writing manifest file 'build/radar_yolov5_py/radar_yolov5_py.egg-info/SOURCES.txt'
[0.938s] running build
[0.938s] running build_py
[0.938s] copying radar_yolov5_py/points_publisher.py -> /home/lisii/Documents/Github-repos/TransferStation/1_Projects/Current/radar_yolov5_py/build/radar_yolov5_py/build/lib/radar_yolov5_py
[0.938s] copying radar_yolov5_py/__init__.py -> /home/lisii/Documents/Github-repos/TransferStation/1_Projects/Current/radar_yolov5_py/build/radar_yolov5_py/build/lib/radar_yolov5_py
[0.938s] running install
[0.939s] /home/lisii/.local/lib/python3.10/site-packages/setuptools/_distutils/cmd.py:66: SetuptoolsDeprecationWarning: setup.py install is deprecated.
[0.939s] !!
[0.939s] 
[0.939s]         ********************************************************************************
[0.939s]         Please avoid running ``setup.py`` directly.
[0.939s]         Instead, use pypa/build, pypa/installer or other
[0.939s]         standards-based tools.
[0.939s] 
[0.939s]         See https://blog.ganssle.io/articles/2021/10/setup-py-deprecated.html for details.
[0.939s]         ********************************************************************************
[0.939s] 
[0.939s] !!
[0.940s]   self.initialize_options()
[0.943s] running install_lib
[0.957s] copying /home/lisii/Documents/Github-repos/TransferStation/1_Projects/Current/radar_yolov5_py/build/radar_yolov5_py/build/lib/radar_yolov5_py/points_publisher.py -> /home/lisii/Documents/Github-repos/TransferStation/1_Projects/Current/radar_yolov5_py/install/radar_yolov5_py/lib/python3.10/site-packages/radar_yolov5_py
[0.957s] byte-compiling /home/lisii/Documents/Github-repos/TransferStation/1_Projects/Current/radar_yolov5_py/install/radar_yolov5_py/lib/python3.10/site-packages/radar_yolov5_py/points_publisher.py to points_publisher.cpython-310.pyc
[0.958s] running install_data
[0.971s] copying resource/radar_yolov5_py -> /home/lisii/Documents/Github-repos/TransferStation/1_Projects/Current/radar_yolov5_py/install/radar_yolov5_py/share/ament_index/resource_index/packages
[0.971s] copying package.xml -> /home/lisii/Documents/Github-repos/TransferStation/1_Projects/Current/radar_yolov5_py/install/radar_yolov5_py/share/radar_yolov5_py
[0.972s] running install_egg_info
[0.986s] removing '/home/lisii/Documents/Github-repos/TransferStation/1_Projects/Current/radar_yolov5_py/install/radar_yolov5_py/lib/python3.10/site-packages/radar_yolov5_py-0.0.0-py3.10.egg-info' (and everything under it)
[0.986s] Copying build/radar_yolov5_py/radar_yolov5_py.egg-info to /home/lisii/Documents/Github-repos/TransferStation/1_Projects/Current/radar_yolov5_py/install/radar_yolov5_py/lib/python3.10/site-packages/radar_yolov5_py-0.0.0-py3.10.egg-info
[0.987s] running install_scripts
[1.109s] Installing points_publisher script to /home/lisii/Documents/Github-repos/TransferStation/1_Projects/Current/radar_yolov5_py/install/radar_yolov5_py/lib/radar_yolov5_py
[1.110s] writing list of installed files to '/home/lisii/Documents/Github-repos/TransferStation/1_Projects/Current/radar_yolov5_py/build/radar_yolov5_py/install.log'
[1.127s] Invoked command in '/home/lisii/Documents/Github-repos/TransferStation/1_Projects/Current/radar_yolov5_py' returned '0': PYTHONPATH=/home/lisii/Documents/Github-repos/TransferStation/1_Projects/Current/radar_yolov5_py/build/radar_yolov5_py/prefix_override:/home/lisii/Documents/Github-repos/TransferStation/1_Projects/Current/radar_yolov5_py/install/radar_yolov5_py/lib/python3.10/site-packages:${PYTHONPATH} /usr/bin/python3 setup.py egg_info --egg-base build/radar_yolov5_py build --build-base /home/lisii/Documents/Github-repos/TransferStation/1_Projects/Current/radar_yolov5_py/build/radar_yolov5_py/build install --record /home/lisii/Documents/Github-repos/TransferStation/1_Projects/Current/radar_yolov5_py/build/radar_yolov5_py/install.log --single-version-externally-managed
