[0.919s] DEBUG:colcon:Command line arguments: ['/usr/bin/colcon', 'build']
[0.919s] DEBUG:colcon:Parsed command line arguments: Namespace(log_base=None, log_level=None, verb_name='build', build_base='build', install_base='install', merge_install=False, symlink_install=False, test_result_base=None, continue_on_error=False, executor='parallel', parallel_workers=12, event_handlers=None, ignore_user_meta=False, metas=['./colcon.meta'], base_paths=['.'], packages_ignore=None, packages_ignore_regex=None, paths=None, packages_up_to=None, packages_up_to_regex=None, packages_above=None, packages_above_and_dependencies=None, packages_above_depth=None, packages_select_by_dep=None, packages_skip_by_dep=None, packages_skip_up_to=None, packages_select_build_failed=False, packages_skip_build_finished=False, packages_select_test_failures=False, packages_skip_test_passed=False, packages_select=None, packages_skip=None, packages_select_regex=None, packages_skip_regex=None, packages_start=None, packages_end=None, allow_overriding=[], cmake_args=None, cmake_target=None, cmake_target_skip_unavailable=False, cmake_clean_cache=False, cmake_clean_first=False, cmake_force_configure=False, ament_cmake_args=None, catkin_cmake_args=None, catkin_skip_building_tests=False, verb_parser=<colcon_defaults.argument_parser.defaults.DefaultArgumentsDecorator object at 0x7f5456704cd0>, verb_extension=<colcon_core.verb.build.BuildVerb object at 0x7f54567046d0>, main=<bound method BuildVerb.main of <colcon_core.verb.build.BuildVerb object at 0x7f54567046d0>>)
[0.970s] Level 1:colcon.colcon_core.package_discovery:discover_packages(colcon_meta) check parameters
[0.970s] Level 1:colcon.colcon_core.package_discovery:discover_packages(recursive) check parameters
[0.970s] Level 1:colcon.colcon_core.package_discovery:discover_packages(ignore) check parameters
[0.970s] Level 1:colcon.colcon_core.package_discovery:discover_packages(path) check parameters
[0.970s] Level 1:colcon.colcon_core.package_discovery:discover_packages(colcon_meta) discover
[0.970s] Level 1:colcon.colcon_core.package_discovery:discover_packages(recursive) discover
[0.970s] INFO:colcon.colcon_core.package_discovery:Crawling recursively for packages in '/home/lisii/Documents/Github-repos/TransferStation/1_Projects/Current/radar_remap_cpp'
[0.970s] Level 1:colcon.colcon_core.package_identification:_identify(.) by extensions ['ignore', 'ignore_ament_install']
[0.970s] Level 1:colcon.colcon_core.package_identification:_identify(.) by extension 'ignore'
[0.970s] Level 1:colcon.colcon_core.package_identification:_identify(.) by extension 'ignore_ament_install'
[0.970s] Level 1:colcon.colcon_core.package_identification:_identify(.) by extensions ['colcon_pkg']
[0.970s] Level 1:colcon.colcon_core.package_identification:_identify(.) by extension 'colcon_pkg'
[0.970s] Level 1:colcon.colcon_core.package_identification:_identify(.) by extensions ['colcon_meta']
[0.970s] Level 1:colcon.colcon_core.package_identification:_identify(.) by extension 'colcon_meta'
[0.970s] Level 1:colcon.colcon_core.package_identification:_identify(.) by extensions ['ros']
[0.970s] Level 1:colcon.colcon_core.package_identification:_identify(.) by extension 'ros'
[0.984s] DEBUG:colcon.colcon_core.package_identification:Package '.' with type 'ros.ament_cmake' and name 'points_subscriber'
[0.984s] Level 1:colcon.colcon_core.package_discovery:discover_packages(recursive) using defaults
[0.984s] Level 1:colcon.colcon_core.package_discovery:discover_packages(ignore) discover
[0.984s] Level 1:colcon.colcon_core.package_discovery:discover_packages(ignore) using defaults
[0.984s] Level 1:colcon.colcon_core.package_discovery:discover_packages(path) discover
[0.984s] Level 1:colcon.colcon_core.package_discovery:discover_packages(path) using defaults
[1.070s] Level 1:colcon.colcon_core.package_discovery:discover_packages(prefix_path) check parameters
[1.070s] Level 1:colcon.colcon_core.package_discovery:discover_packages(prefix_path) discover
[1.100s] DEBUG:colcon.colcon_installed_package_information.package_discovery:Found 270 installed packages in /opt/ros/humble
[1.101s] Level 1:colcon.colcon_core.package_discovery:discover_packages(prefix_path) using defaults
[1.167s] Level 5:colcon.colcon_core.verb:set package 'points_subscriber' build argument 'cmake_args' from command line to 'None'
[1.167s] Level 5:colcon.colcon_core.verb:set package 'points_subscriber' build argument 'cmake_target' from command line to 'None'
[1.167s] Level 5:colcon.colcon_core.verb:set package 'points_subscriber' build argument 'cmake_target_skip_unavailable' from command line to 'False'
[1.167s] Level 5:colcon.colcon_core.verb:set package 'points_subscriber' build argument 'cmake_clean_cache' from command line to 'False'
[1.167s] Level 5:colcon.colcon_core.verb:set package 'points_subscriber' build argument 'cmake_clean_first' from command line to 'False'
[1.167s] Level 5:colcon.colcon_core.verb:set package 'points_subscriber' build argument 'cmake_force_configure' from command line to 'False'
[1.167s] Level 5:colcon.colcon_core.verb:set package 'points_subscriber' build argument 'ament_cmake_args' from command line to 'None'
[1.167s] Level 5:colcon.colcon_core.verb:set package 'points_subscriber' build argument 'catkin_cmake_args' from command line to 'None'
[1.167s] Level 5:colcon.colcon_core.verb:set package 'points_subscriber' build argument 'catkin_skip_building_tests' from command line to 'False'
[1.167s] DEBUG:colcon.colcon_core.verb:Building package 'points_subscriber' with the following arguments: {'ament_cmake_args': None, 'build_base': '/home/lisii/Documents/Github-repos/TransferStation/1_Projects/Current/radar_remap_cpp/build/points_subscriber', 'catkin_cmake_args': None, 'catkin_skip_building_tests': False, 'cmake_args': None, 'cmake_clean_cache': False, 'cmake_clean_first': False, 'cmake_force_configure': False, 'cmake_target': None, 'cmake_target_skip_unavailable': False, 'install_base': '/home/lisii/Documents/Github-repos/TransferStation/1_Projects/Current/radar_remap_cpp/install/points_subscriber', 'merge_install': False, 'path': '/home/lisii/Documents/Github-repos/TransferStation/1_Projects/Current/radar_remap_cpp', 'symlink_install': False, 'test_result_base': None}
[1.181s] INFO:colcon.colcon_core.executor:Executing jobs using 'parallel' executor
[1.196s] DEBUG:colcon.colcon_parallel_executor.executor.parallel:run_until_complete
[1.196s] INFO:colcon.colcon_ros.task.ament_cmake.build:Building ROS package in '/home/lisii/Documents/Github-repos/TransferStation/1_Projects/Current/radar_remap_cpp' with build type 'ament_cmake'
[1.196s] INFO:colcon.colcon_cmake.task.cmake.build:Building CMake package in '/home/lisii/Documents/Github-repos/TransferStation/1_Projects/Current/radar_remap_cpp'
[1.212s] INFO:colcon.colcon_core.plugin_system:Skipping extension 'colcon_core.shell.bat': Not used on non-Windows systems
[1.212s] INFO:colcon.colcon_core.shell:Skip shell extension 'powershell' for command environment: Not usable outside of PowerShell
[1.212s] DEBUG:colcon.colcon_core.shell:Skip shell extension 'dsv' for command environment
[1.254s] DEBUG:colcon.colcon_core.event_handler.log_command:Invoking command in '/home/lisii/Documents/Github-repos/TransferStation/1_Projects/Current/radar_remap_cpp/build/points_subscriber': CMAKE_PREFIX_PATH=/opt/ros/humble /usr/bin/cmake /home/lisii/Documents/Github-repos/TransferStation/1_Projects/Current/radar_remap_cpp -DCMAKE_INSTALL_PREFIX=/home/lisii/Documents/Github-repos/TransferStation/1_Projects/Current/radar_remap_cpp/install/points_subscriber
[2.354s] DEBUG:colcon.colcon_core.event_handler.log_command:Invoked command in '/home/lisii/Documents/Github-repos/TransferStation/1_Projects/Current/radar_remap_cpp/build/points_subscriber' returned '1': CMAKE_PREFIX_PATH=/opt/ros/humble /usr/bin/cmake /home/lisii/Documents/Github-repos/TransferStation/1_Projects/Current/radar_remap_cpp -DCMAKE_INSTALL_PREFIX=/home/lisii/Documents/Github-repos/TransferStation/1_Projects/Current/radar_remap_cpp/install/points_subscriber
[2.363s] Level 1:colcon.colcon_core.environment:create_environment_scripts_only(points_subscriber)
[2.378s] Level 1:colcon.colcon_core.environment:checking '/home/lisii/Documents/Github-repos/TransferStation/1_Projects/Current/radar_remap_cpp/install/points_subscriber' for CMake module files
[2.378s] Level 1:colcon.colcon_core.environment:checking '/home/lisii/Documents/Github-repos/TransferStation/1_Projects/Current/radar_remap_cpp/install/points_subscriber' for CMake config files
[2.379s] Level 1:colcon.colcon_core.environment:checking '/home/lisii/Documents/Github-repos/TransferStation/1_Projects/Current/radar_remap_cpp/install/points_subscriber/bin'
[2.379s] Level 1:colcon.colcon_core.environment:checking '/home/lisii/Documents/Github-repos/TransferStation/1_Projects/Current/radar_remap_cpp/install/points_subscriber/lib/pkgconfig/points_subscriber.pc'
[2.379s] Level 1:colcon.colcon_core.environment:checking '/home/lisii/Documents/Github-repos/TransferStation/1_Projects/Current/radar_remap_cpp/install/points_subscriber/lib/python3.10/site-packages'
[2.379s] Level 1:colcon.colcon_core.environment:checking '/home/lisii/Documents/Github-repos/TransferStation/1_Projects/Current/radar_remap_cpp/install/points_subscriber/bin'
[2.393s] INFO:colcon.colcon_core.shell:Creating package script '/home/lisii/Documents/Github-repos/TransferStation/1_Projects/Current/radar_remap_cpp/install/points_subscriber/share/points_subscriber/package.ps1'
[2.394s] INFO:colcon.colcon_core.shell:Creating package descriptor '/home/lisii/Documents/Github-repos/TransferStation/1_Projects/Current/radar_remap_cpp/install/points_subscriber/share/points_subscriber/package.dsv'
[2.394s] INFO:colcon.colcon_core.shell:Creating package script '/home/lisii/Documents/Github-repos/TransferStation/1_Projects/Current/radar_remap_cpp/install/points_subscriber/share/points_subscriber/package.sh'
[2.394s] INFO:colcon.colcon_core.shell:Creating package script '/home/lisii/Documents/Github-repos/TransferStation/1_Projects/Current/radar_remap_cpp/install/points_subscriber/share/points_subscriber/package.bash'
[2.395s] INFO:colcon.colcon_core.shell:Creating package script '/home/lisii/Documents/Github-repos/TransferStation/1_Projects/Current/radar_remap_cpp/install/points_subscriber/share/points_subscriber/package.zsh'
[2.395s] Level 1:colcon.colcon_core.environment:create_file_with_runtime_dependencies(/home/lisii/Documents/Github-repos/TransferStation/1_Projects/Current/radar_remap_cpp/install/points_subscriber/share/colcon-core/packages/points_subscriber)
[2.406s] DEBUG:colcon.colcon_parallel_executor.executor.parallel:closing loop
[2.406s] DEBUG:colcon.colcon_parallel_executor.executor.parallel:loop closed
[2.406s] DEBUG:colcon.colcon_parallel_executor.executor.parallel:run_until_complete finished with '1'
[2.406s] DEBUG:colcon.colcon_core.event_reactor:joining thread
[2.424s] INFO:colcon.colcon_core.plugin_system:Skipping extension 'colcon_notification.desktop_notification.terminal_notifier': Not used on non-Darwin systems
[2.424s] INFO:colcon.colcon_core.plugin_system:Skipping extension 'colcon_notification.desktop_notification.win32': Not used on non-Windows systems
[2.425s] INFO:colcon.colcon_notification.desktop_notification:Sending desktop notification using 'notify2'
[2.435s] DEBUG:colcon.colcon_core.event_reactor:joined thread
[2.449s] INFO:colcon.colcon_core.shell:Creating prefix script '/home/lisii/Documents/Github-repos/TransferStation/1_Projects/Current/radar_remap_cpp/install/local_setup.ps1'
[2.449s] INFO:colcon.colcon_core.shell:Creating prefix util module '/home/lisii/Documents/Github-repos/TransferStation/1_Projects/Current/radar_remap_cpp/install/_local_setup_util_ps1.py'
[2.451s] INFO:colcon.colcon_core.shell:Creating prefix chain script '/home/lisii/Documents/Github-repos/TransferStation/1_Projects/Current/radar_remap_cpp/install/setup.ps1'
[2.465s] INFO:colcon.colcon_core.shell:Creating prefix script '/home/lisii/Documents/Github-repos/TransferStation/1_Projects/Current/radar_remap_cpp/install/local_setup.sh'
[2.465s] INFO:colcon.colcon_core.shell:Creating prefix util module '/home/lisii/Documents/Github-repos/TransferStation/1_Projects/Current/radar_remap_cpp/install/_local_setup_util_sh.py'
[2.466s] INFO:colcon.colcon_core.shell:Creating prefix chain script '/home/lisii/Documents/Github-repos/TransferStation/1_Projects/Current/radar_remap_cpp/install/setup.sh'
[2.480s] INFO:colcon.colcon_core.shell:Creating prefix script '/home/lisii/Documents/Github-repos/TransferStation/1_Projects/Current/radar_remap_cpp/install/local_setup.bash'
[2.481s] INFO:colcon.colcon_core.shell:Creating prefix chain script '/home/lisii/Documents/Github-repos/TransferStation/1_Projects/Current/radar_remap_cpp/install/setup.bash'
[2.495s] INFO:colcon.colcon_core.shell:Creating prefix script '/home/lisii/Documents/Github-repos/TransferStation/1_Projects/Current/radar_remap_cpp/install/local_setup.zsh'
[2.495s] INFO:colcon.colcon_core.shell:Creating prefix chain script '/home/lisii/Documents/Github-repos/TransferStation/1_Projects/Current/radar_remap_cpp/install/setup.zsh'
